[2024-09-28T21:23:07.260+0000] {local_task_job_runner.py:123} INFO - ::group::Pre task execution logs
[2024-09-28T21:23:07.309+0000] {taskinstance.py:2612} INFO - Dependencies all met for dep_context=non-requeueable deps ti=<TaskInstance: impression_scraper_dag.scraper_task scheduled__2024-09-28T21:22:00+00:00 [queued]>
[2024-09-28T21:23:07.330+0000] {taskinstance.py:2612} INFO - Dependencies all met for dep_context=requeueable deps ti=<TaskInstance: impression_scraper_dag.scraper_task scheduled__2024-09-28T21:22:00+00:00 [queued]>
[2024-09-28T21:23:07.331+0000] {taskinstance.py:2865} INFO - Starting attempt 1 of 1
[2024-09-28T21:23:07.367+0000] {taskinstance.py:2888} INFO - Executing <Task(PythonOperator): scraper_task> on 2024-09-28 21:22:00+00:00
[2024-09-28T21:23:07.382+0000] {standard_task_runner.py:104} INFO - Running: ['***', 'tasks', 'run', 'impression_scraper_dag', 'scraper_task', 'scheduled__2024-09-28T21:22:00+00:00', '--job-id', '7', '--raw', '--subdir', 'DAGS_FOLDER/impression.py', '--cfg-path', '/tmp/tmpxgk76gf7']
[2024-09-28T21:23:07.386+0000] {standard_task_runner.py:105} INFO - Job 7: Subtask scraper_task
[2024-09-28T21:23:07.388+0000] {logging_mixin.py:190} WARNING - /home/***/.local/lib/python3.12/site-packages/***/task/task_runner/standard_task_runner.py:70 DeprecationWarning: This process (pid=301) is multi-threaded, use of fork() may lead to deadlocks in the child.
[2024-09-28T21:23:07.390+0000] {standard_task_runner.py:72} INFO - Started process 306 to run task
[2024-09-28T21:23:07.572+0000] {task_command.py:467} INFO - Running <TaskInstance: impression_scraper_dag.scraper_task scheduled__2024-09-28T21:22:00+00:00 [running]> on host 1e78f12a30b2
[2024-09-28T21:23:08.124+0000] {taskinstance.py:3131} INFO - Exporting env vars: AIRFLOW_CTX_DAG_OWNER='***' AIRFLOW_CTX_DAG_ID='impression_scraper_dag' AIRFLOW_CTX_TASK_ID='scraper_task' AIRFLOW_CTX_EXECUTION_DATE='2024-09-28T21:22:00+00:00' AIRFLOW_CTX_TRY_NUMBER='1' AIRFLOW_CTX_DAG_RUN_ID='scheduled__2024-09-28T21:22:00+00:00'
[2024-09-28T21:23:08.126+0000] {taskinstance.py:731} INFO - ::endgroup::
[2024-09-28T21:23:08.383+0000] {_client.py:1026} INFO - HTTP Request: GET https://www.givingeurope.com/nl/nl/ "HTTP/1.1 200 OK"
[2024-09-28T21:23:08.437+0000] {logging_mixin.py:190} INFO - There are still 158 urls to be scraped.
[2024-09-28T21:23:08.655+0000] {_client.py:1026} INFO - HTTP Request: GET https://www.givingeurope.com/nl/nl/all-products/tassen-reizen/rugtassen/rugtassen?p=1&product_list_limit=48 "HTTP/1.1 200 OK"
[2024-09-28T21:23:08.727+0000] {logging_mixin.py:190} INFO - This is page number 1.
[2024-09-28T21:23:09.003+0000] {_client.py:1026} INFO - HTTP Request: GET https://components.givingeurope.com/api/v1/products/927/configurator?locale=nl_NL&layout=wholesale "HTTP/1.1 200 OK"
[2024-09-28T21:23:09.323+0000] {_client.py:1026} INFO - HTTP Request: GET https://components.givingeurope.com/api/v1/products/927/configurator?locale=nl_NL&layout=wholesale "HTTP/1.1 200 OK"
[2024-09-28T21:23:09.661+0000] {_client.py:1026} INFO - HTTP Request: GET https://components.givingeurope.com/api/v1/products/970950/configurator?locale=nl_NL&layout=wholesale "HTTP/1.1 200 OK"
[2024-09-28T21:23:09.856+0000] {_client.py:1026} INFO - HTTP Request: GET https://components.givingeurope.com/api/v1/products/970950/configurator?locale=nl_NL&layout=wholesale "HTTP/1.1 200 OK"
[2024-09-28T21:23:10.099+0000] {_client.py:1026} INFO - HTTP Request: GET https://components.givingeurope.com/api/v1/products/1024159/configurator?locale=nl_NL&layout=wholesale "HTTP/1.1 200 OK"
[2024-09-28T21:23:10.449+0000] {_client.py:1026} INFO - HTTP Request: GET https://components.givingeurope.com/api/v1/products/1024159/configurator?locale=nl_NL&layout=wholesale "HTTP/1.1 200 OK"
[2024-09-28T21:23:10.811+0000] {_client.py:1026} INFO - HTTP Request: GET https://components.givingeurope.com/api/v1/products/1024149/configurator?locale=nl_NL&layout=wholesale "HTTP/1.1 200 OK"
[2024-09-28T21:23:11.010+0000] {_client.py:1026} INFO - HTTP Request: GET https://components.givingeurope.com/api/v1/products/1024149/configurator?locale=nl_NL&layout=wholesale "HTTP/1.1 200 OK"
[2024-09-28T21:23:11.344+0000] {_client.py:1026} INFO - HTTP Request: GET https://components.givingeurope.com/api/v1/products/1041621/configurator?locale=nl_NL&layout=wholesale "HTTP/1.1 200 OK"
[2024-09-28T21:23:11.621+0000] {_client.py:1026} INFO - HTTP Request: GET https://components.givingeurope.com/api/v1/products/1041621/configurator?locale=nl_NL&layout=wholesale "HTTP/1.1 200 OK"
[2024-09-28T21:23:11.897+0000] {_client.py:1026} INFO - HTTP Request: GET https://components.givingeurope.com/api/v1/products/1024156/configurator?locale=nl_NL&layout=wholesale "HTTP/1.1 200 OK"
[2024-09-28T21:23:12.138+0000] {_client.py:1026} INFO - HTTP Request: GET https://components.givingeurope.com/api/v1/products/1024156/configurator?locale=nl_NL&layout=wholesale "HTTP/1.1 200 OK"
[2024-09-28T21:23:12.383+0000] {_client.py:1026} INFO - HTTP Request: GET https://components.givingeurope.com/api/v1/products/1024147/configurator?locale=nl_NL&layout=wholesale "HTTP/1.1 200 OK"
[2024-09-28T21:23:12.673+0000] {_client.py:1026} INFO - HTTP Request: GET https://components.givingeurope.com/api/v1/products/1024147/configurator?locale=nl_NL&layout=wholesale "HTTP/1.1 200 OK"
[2024-09-28T21:23:12.989+0000] {_client.py:1026} INFO - HTTP Request: GET https://components.givingeurope.com/api/v1/products/967421/configurator?locale=nl_NL&layout=wholesale "HTTP/1.1 200 OK"
[2024-09-28T21:23:13.261+0000] {_client.py:1026} INFO - HTTP Request: GET https://components.givingeurope.com/api/v1/products/967421/configurator?locale=nl_NL&layout=wholesale "HTTP/1.1 200 OK"
[2024-09-28T21:23:13.695+0000] {_client.py:1026} INFO - HTTP Request: GET https://components.givingeurope.com/api/v1/products/1024154/configurator?locale=nl_NL&layout=wholesale "HTTP/1.1 200 OK"
[2024-09-28T21:23:14.041+0000] {_client.py:1026} INFO - HTTP Request: GET https://components.givingeurope.com/api/v1/products/1024154/configurator?locale=nl_NL&layout=wholesale "HTTP/1.1 200 OK"
[2024-09-28T21:23:14.364+0000] {_client.py:1026} INFO - HTTP Request: GET https://components.givingeurope.com/api/v1/products/1041628/configurator?locale=nl_NL&layout=wholesale "HTTP/1.1 200 OK"
[2024-09-28T21:23:14.644+0000] {_client.py:1026} INFO - HTTP Request: GET https://components.givingeurope.com/api/v1/products/1041628/configurator?locale=nl_NL&layout=wholesale "HTTP/1.1 200 OK"
[2024-09-28T21:23:14.925+0000] {_client.py:1026} INFO - HTTP Request: GET https://components.givingeurope.com/api/v1/products/7097/configurator?locale=nl_NL&layout=wholesale "HTTP/1.1 200 OK"
[2024-09-28T21:23:15.213+0000] {_client.py:1026} INFO - HTTP Request: GET https://components.givingeurope.com/api/v1/products/7097/configurator?locale=nl_NL&layout=wholesale "HTTP/1.1 200 OK"
[2024-09-28T21:23:15.537+0000] {_client.py:1026} INFO - HTTP Request: GET https://components.givingeurope.com/api/v1/products/7879/configurator?locale=nl_NL&layout=wholesale "HTTP/1.1 200 OK"
[2024-09-28T21:23:15.807+0000] {_client.py:1026} INFO - HTTP Request: GET https://components.givingeurope.com/api/v1/products/7879/configurator?locale=nl_NL&layout=wholesale "HTTP/1.1 200 OK"
[2024-09-28T21:23:16.187+0000] {_client.py:1026} INFO - HTTP Request: GET https://components.givingeurope.com/api/v1/products/7398/configurator?locale=nl_NL&layout=wholesale "HTTP/1.1 200 OK"
[2024-09-28T21:23:16.498+0000] {_client.py:1026} INFO - HTTP Request: GET https://components.givingeurope.com/api/v1/products/7398/configurator?locale=nl_NL&layout=wholesale "HTTP/1.1 200 OK"
[2024-09-28T21:23:16.755+0000] {_client.py:1026} INFO - HTTP Request: GET https://components.givingeurope.com/api/v1/products/4585/configurator?locale=nl_NL&layout=wholesale "HTTP/1.1 200 OK"
[2024-09-28T21:23:16.928+0000] {_client.py:1026} INFO - HTTP Request: GET https://components.givingeurope.com/api/v1/products/4585/configurator?locale=nl_NL&layout=wholesale "HTTP/1.1 200 OK"
[2024-09-28T21:23:17.261+0000] {_client.py:1026} INFO - HTTP Request: GET https://components.givingeurope.com/api/v1/products/6232/configurator?locale=nl_NL&layout=wholesale "HTTP/1.1 200 OK"
[2024-09-28T21:23:17.566+0000] {_client.py:1026} INFO - HTTP Request: GET https://components.givingeurope.com/api/v1/products/6232/configurator?locale=nl_NL&layout=wholesale "HTTP/1.1 200 OK"
[2024-09-28T21:23:17.884+0000] {_client.py:1026} INFO - HTTP Request: GET https://components.givingeurope.com/api/v1/products/5622/configurator?locale=nl_NL&layout=wholesale "HTTP/1.1 200 OK"
[2024-09-28T21:23:18.104+0000] {_client.py:1026} INFO - HTTP Request: GET https://components.givingeurope.com/api/v1/products/5622/configurator?locale=nl_NL&layout=wholesale "HTTP/1.1 200 OK"
[2024-09-28T21:23:18.374+0000] {_client.py:1026} INFO - HTTP Request: GET https://components.givingeurope.com/api/v1/products/9003/configurator?locale=nl_NL&layout=wholesale "HTTP/1.1 200 OK"
[2024-09-28T21:23:18.797+0000] {_client.py:1026} INFO - HTTP Request: GET https://components.givingeurope.com/api/v1/products/9003/configurator?locale=nl_NL&layout=wholesale "HTTP/1.1 200 OK"
[2024-09-28T21:23:19.144+0000] {_client.py:1026} INFO - HTTP Request: GET https://components.givingeurope.com/api/v1/products/8996/configurator?locale=nl_NL&layout=wholesale "HTTP/1.1 200 OK"
[2024-09-28T21:23:19.378+0000] {_client.py:1026} INFO - HTTP Request: GET https://components.givingeurope.com/api/v1/products/8996/configurator?locale=nl_NL&layout=wholesale "HTTP/1.1 200 OK"
[2024-09-28T21:23:19.640+0000] {_client.py:1026} INFO - HTTP Request: GET https://components.givingeurope.com/api/v1/products/6238/configurator?locale=nl_NL&layout=wholesale "HTTP/1.1 200 OK"
[2024-09-28T21:23:19.884+0000] {_client.py:1026} INFO - HTTP Request: GET https://components.givingeurope.com/api/v1/products/6238/configurator?locale=nl_NL&layout=wholesale "HTTP/1.1 200 OK"
[2024-09-28T21:23:20.161+0000] {_client.py:1026} INFO - HTTP Request: GET https://components.givingeurope.com/api/v1/products/864735/configurator?locale=nl_NL&layout=wholesale "HTTP/1.1 200 OK"
[2024-09-28T21:23:20.570+0000] {_client.py:1026} INFO - HTTP Request: GET https://components.givingeurope.com/api/v1/products/864735/configurator?locale=nl_NL&layout=wholesale "HTTP/1.1 200 OK"
[2024-09-28T21:23:20.867+0000] {_client.py:1026} INFO - HTTP Request: GET https://components.givingeurope.com/api/v1/products/9335/configurator?locale=nl_NL&layout=wholesale "HTTP/1.1 200 OK"
[2024-09-28T21:23:21.108+0000] {_client.py:1026} INFO - HTTP Request: GET https://components.givingeurope.com/api/v1/products/9335/configurator?locale=nl_NL&layout=wholesale "HTTP/1.1 200 OK"
[2024-09-28T21:23:21.367+0000] {_client.py:1026} INFO - HTTP Request: GET https://components.givingeurope.com/api/v1/products/1014868/configurator?locale=nl_NL&layout=wholesale "HTTP/1.1 200 OK"
[2024-09-28T21:23:21.636+0000] {_client.py:1026} INFO - HTTP Request: GET https://components.givingeurope.com/api/v1/products/1014868/configurator?locale=nl_NL&layout=wholesale "HTTP/1.1 200 OK"
[2024-09-28T21:23:21.942+0000] {_client.py:1026} INFO - HTTP Request: GET https://components.givingeurope.com/api/v1/products/1014887/configurator?locale=nl_NL&layout=wholesale "HTTP/1.1 200 OK"
[2024-09-28T21:23:22.122+0000] {_client.py:1026} INFO - HTTP Request: GET https://components.givingeurope.com/api/v1/products/1014887/configurator?locale=nl_NL&layout=wholesale "HTTP/1.1 200 OK"
[2024-09-28T21:23:22.396+0000] {_client.py:1026} INFO - HTTP Request: GET https://components.givingeurope.com/api/v1/products/1014895/configurator?locale=nl_NL&layout=wholesale "HTTP/1.1 200 OK"
[2024-09-28T21:23:22.661+0000] {_client.py:1026} INFO - HTTP Request: GET https://components.givingeurope.com/api/v1/products/1014895/configurator?locale=nl_NL&layout=wholesale "HTTP/1.1 200 OK"
[2024-09-28T21:23:23.001+0000] {_client.py:1026} INFO - HTTP Request: GET https://components.givingeurope.com/api/v1/products/7852/configurator?locale=nl_NL&layout=wholesale "HTTP/1.1 200 OK"
[2024-09-28T21:23:23.206+0000] {_client.py:1026} INFO - HTTP Request: GET https://components.givingeurope.com/api/v1/products/7852/configurator?locale=nl_NL&layout=wholesale "HTTP/1.1 200 OK"
[2024-09-28T21:23:23.469+0000] {_client.py:1026} INFO - HTTP Request: GET https://components.givingeurope.com/api/v1/products/8552/configurator?locale=nl_NL&layout=wholesale "HTTP/1.1 200 OK"
[2024-09-28T21:23:23.675+0000] {_client.py:1026} INFO - HTTP Request: GET https://components.givingeurope.com/api/v1/products/8552/configurator?locale=nl_NL&layout=wholesale "HTTP/1.1 200 OK"
[2024-09-28T21:23:23.923+0000] {_client.py:1026} INFO - HTTP Request: GET https://components.givingeurope.com/api/v1/products/8712/configurator?locale=nl_NL&layout=wholesale "HTTP/1.1 200 OK"
[2024-09-28T21:23:24.182+0000] {_client.py:1026} INFO - HTTP Request: GET https://components.givingeurope.com/api/v1/products/8712/configurator?locale=nl_NL&layout=wholesale "HTTP/1.1 200 OK"
[2024-09-28T21:23:24.432+0000] {_client.py:1026} INFO - HTTP Request: GET https://components.givingeurope.com/api/v1/products/3576/configurator?locale=nl_NL&layout=wholesale "HTTP/1.1 200 OK"
[2024-09-28T21:23:24.698+0000] {_client.py:1026} INFO - HTTP Request: GET https://components.givingeurope.com/api/v1/products/3576/configurator?locale=nl_NL&layout=wholesale "HTTP/1.1 200 OK"
[2024-09-28T21:23:25.002+0000] {_client.py:1026} INFO - HTTP Request: GET https://components.givingeurope.com/api/v1/products/9170/configurator?locale=nl_NL&layout=wholesale "HTTP/1.1 200 OK"
[2024-09-28T21:23:25.233+0000] {_client.py:1026} INFO - HTTP Request: GET https://components.givingeurope.com/api/v1/products/9170/configurator?locale=nl_NL&layout=wholesale "HTTP/1.1 200 OK"
[2024-09-28T21:23:25.495+0000] {_client.py:1026} INFO - HTTP Request: GET https://components.givingeurope.com/api/v1/products/9266/configurator?locale=nl_NL&layout=wholesale "HTTP/1.1 200 OK"
[2024-09-28T21:23:25.829+0000] {_client.py:1026} INFO - HTTP Request: GET https://components.givingeurope.com/api/v1/products/9266/configurator?locale=nl_NL&layout=wholesale "HTTP/1.1 200 OK"
[2024-09-28T21:23:26.060+0000] {_client.py:1026} INFO - HTTP Request: GET https://components.givingeurope.com/api/v1/products/9261/configurator?locale=nl_NL&layout=wholesale "HTTP/1.1 200 OK"
[2024-09-28T21:23:26.265+0000] {_client.py:1026} INFO - HTTP Request: GET https://components.givingeurope.com/api/v1/products/9261/configurator?locale=nl_NL&layout=wholesale "HTTP/1.1 200 OK"
[2024-09-28T21:23:26.568+0000] {_client.py:1026} INFO - HTTP Request: GET https://components.givingeurope.com/api/v1/products/967399/configurator?locale=nl_NL&layout=wholesale "HTTP/1.1 200 OK"
[2024-09-28T21:23:26.819+0000] {_client.py:1026} INFO - HTTP Request: GET https://components.givingeurope.com/api/v1/products/967399/configurator?locale=nl_NL&layout=wholesale "HTTP/1.1 200 OK"
[2024-09-28T21:23:27.159+0000] {_client.py:1026} INFO - HTTP Request: GET https://components.givingeurope.com/api/v1/products/9155/configurator?locale=nl_NL&layout=wholesale "HTTP/1.1 200 OK"
[2024-09-28T21:23:27.465+0000] {_client.py:1026} INFO - HTTP Request: GET https://components.givingeurope.com/api/v1/products/9155/configurator?locale=nl_NL&layout=wholesale "HTTP/1.1 200 OK"
[2024-09-28T21:23:27.844+0000] {_client.py:1026} INFO - HTTP Request: GET https://components.givingeurope.com/api/v1/products/1015144/configurator?locale=nl_NL&layout=wholesale "HTTP/1.1 200 OK"
[2024-09-28T21:23:28.035+0000] {_client.py:1026} INFO - HTTP Request: GET https://components.givingeurope.com/api/v1/products/1015144/configurator?locale=nl_NL&layout=wholesale "HTTP/1.1 200 OK"
[2024-09-28T21:23:28.312+0000] {_client.py:1026} INFO - HTTP Request: GET https://components.givingeurope.com/api/v1/products/1015154/configurator?locale=nl_NL&layout=wholesale "HTTP/1.1 200 OK"
[2024-09-28T21:23:28.652+0000] {_client.py:1026} INFO - HTTP Request: GET https://components.givingeurope.com/api/v1/products/1015154/configurator?locale=nl_NL&layout=wholesale "HTTP/1.1 200 OK"
[2024-09-28T21:23:28.974+0000] {_client.py:1026} INFO - HTTP Request: GET https://components.givingeurope.com/api/v1/products/1015155/configurator?locale=nl_NL&layout=wholesale "HTTP/1.1 200 OK"
[2024-09-28T21:23:29.284+0000] {_client.py:1026} INFO - HTTP Request: GET https://components.givingeurope.com/api/v1/products/1015155/configurator?locale=nl_NL&layout=wholesale "HTTP/1.1 200 OK"
[2024-09-28T21:23:29.602+0000] {_client.py:1026} INFO - HTTP Request: GET https://components.givingeurope.com/api/v1/products/818450/configurator?locale=nl_NL&layout=wholesale "HTTP/1.1 200 OK"
[2024-09-28T21:23:29.799+0000] {_client.py:1026} INFO - HTTP Request: GET https://components.givingeurope.com/api/v1/products/818450/configurator?locale=nl_NL&layout=wholesale "HTTP/1.1 200 OK"
[2024-09-28T21:23:30.076+0000] {_client.py:1026} INFO - HTTP Request: GET https://components.givingeurope.com/api/v1/products/7909/configurator?locale=nl_NL&layout=wholesale "HTTP/1.1 200 OK"
[2024-09-28T21:23:30.538+0000] {_client.py:1026} INFO - HTTP Request: GET https://components.givingeurope.com/api/v1/products/7909/configurator?locale=nl_NL&layout=wholesale "HTTP/1.1 200 OK"
[2024-09-28T21:23:30.785+0000] {_client.py:1026} INFO - HTTP Request: GET https://components.givingeurope.com/api/v1/products/8849/configurator?locale=nl_NL&layout=wholesale "HTTP/1.1 200 OK"
[2024-09-28T21:23:30.983+0000] {_client.py:1026} INFO - HTTP Request: GET https://components.givingeurope.com/api/v1/products/8849/configurator?locale=nl_NL&layout=wholesale "HTTP/1.1 200 OK"
[2024-09-28T21:23:31.352+0000] {_client.py:1026} INFO - HTTP Request: GET https://components.givingeurope.com/api/v1/products/946/configurator?locale=nl_NL&layout=wholesale "HTTP/1.1 200 OK"
[2024-09-28T21:23:31.642+0000] {_client.py:1026} INFO - HTTP Request: GET https://components.givingeurope.com/api/v1/products/946/configurator?locale=nl_NL&layout=wholesale "HTTP/1.1 200 OK"
[2024-09-28T21:23:31.921+0000] {_client.py:1026} INFO - HTTP Request: GET https://components.givingeurope.com/api/v1/products/432545/configurator?locale=nl_NL&layout=wholesale "HTTP/1.1 200 OK"
[2024-09-28T21:23:32.206+0000] {_client.py:1026} INFO - HTTP Request: GET https://components.givingeurope.com/api/v1/products/432545/configurator?locale=nl_NL&layout=wholesale "HTTP/1.1 200 OK"
[2024-09-28T21:23:32.550+0000] {_client.py:1026} INFO - HTTP Request: GET https://components.givingeurope.com/api/v1/products/818599/configurator?locale=nl_NL&layout=wholesale "HTTP/1.1 200 OK"
[2024-09-28T21:23:32.803+0000] {_client.py:1026} INFO - HTTP Request: GET https://components.givingeurope.com/api/v1/products/818599/configurator?locale=nl_NL&layout=wholesale "HTTP/1.1 200 OK"
[2024-09-28T21:23:33.023+0000] {_client.py:1026} INFO - HTTP Request: GET https://components.givingeurope.com/api/v1/products/8692/configurator?locale=nl_NL&layout=wholesale "HTTP/1.1 200 OK"
[2024-09-28T21:23:33.223+0000] {_client.py:1026} INFO - HTTP Request: GET https://components.givingeurope.com/api/v1/products/8692/configurator?locale=nl_NL&layout=wholesale "HTTP/1.1 200 OK"
[2024-09-28T21:23:33.452+0000] {_client.py:1026} INFO - HTTP Request: GET https://components.givingeurope.com/api/v1/products/8456/configurator?locale=nl_NL&layout=wholesale "HTTP/1.1 200 OK"
[2024-09-28T21:23:33.735+0000] {_client.py:1026} INFO - HTTP Request: GET https://components.givingeurope.com/api/v1/products/8456/configurator?locale=nl_NL&layout=wholesale "HTTP/1.1 200 OK"
[2024-09-28T21:23:34.017+0000] {_client.py:1026} INFO - HTTP Request: GET https://components.givingeurope.com/api/v1/products/9166/configurator?locale=nl_NL&layout=wholesale "HTTP/1.1 200 OK"
[2024-09-28T21:23:34.306+0000] {_client.py:1026} INFO - HTTP Request: GET https://components.givingeurope.com/api/v1/products/9166/configurator?locale=nl_NL&layout=wholesale "HTTP/1.1 200 OK"
[2024-09-28T21:23:34.533+0000] {_client.py:1026} INFO - HTTP Request: GET https://components.givingeurope.com/api/v1/products/1015156/configurator?locale=nl_NL&layout=wholesale "HTTP/1.1 200 OK"
[2024-09-28T21:23:34.777+0000] {_client.py:1026} INFO - HTTP Request: GET https://components.givingeurope.com/api/v1/products/1015156/configurator?locale=nl_NL&layout=wholesale "HTTP/1.1 200 OK"
[2024-09-28T21:23:35.070+0000] {_client.py:1026} INFO - HTTP Request: GET https://components.givingeurope.com/api/v1/products/1015157/configurator?locale=nl_NL&layout=wholesale "HTTP/1.1 200 OK"
[2024-09-28T21:23:35.321+0000] {_client.py:1026} INFO - HTTP Request: GET https://components.givingeurope.com/api/v1/products/1015157/configurator?locale=nl_NL&layout=wholesale "HTTP/1.1 200 OK"
[2024-09-28T21:23:35.696+0000] {_client.py:1026} INFO - HTTP Request: GET https://components.givingeurope.com/api/v1/products/1015161/configurator?locale=nl_NL&layout=wholesale "HTTP/1.1 200 OK"
[2024-09-28T21:23:35.910+0000] {_client.py:1026} INFO - HTTP Request: GET https://components.givingeurope.com/api/v1/products/1015161/configurator?locale=nl_NL&layout=wholesale "HTTP/1.1 200 OK"
[2024-09-28T21:23:36.916+0000] {logging_mixin.py:190} INFO - There are still 157 urls to be scraped.
[2024-09-28T21:23:37.160+0000] {_client.py:1026} INFO - HTTP Request: GET https://www.givingeurope.com/nl/nl/all-products/tassen-reizen/rugtassen/trekkoord-rugzakken?p=1&product_list_limit=48 "HTTP/1.1 200 OK"
[2024-09-28T21:23:37.238+0000] {logging_mixin.py:190} INFO - This is page number 1.
[2024-09-28T21:23:37.489+0000] {_client.py:1026} INFO - HTTP Request: GET https://components.givingeurope.com/api/v1/products/7909/configurator?locale=nl_NL&layout=wholesale "HTTP/1.1 200 OK"
[2024-09-28T21:23:37.733+0000] {_client.py:1026} INFO - HTTP Request: GET https://components.givingeurope.com/api/v1/products/7909/configurator?locale=nl_NL&layout=wholesale "HTTP/1.1 200 OK"
[2024-09-28T21:23:37.991+0000] {_client.py:1026} INFO - HTTP Request: GET https://components.givingeurope.com/api/v1/products/1015154/configurator?locale=nl_NL&layout=wholesale "HTTP/1.1 200 OK"
[2024-09-28T21:23:38.246+0000] {_client.py:1026} INFO - HTTP Request: GET https://components.givingeurope.com/api/v1/products/1015154/configurator?locale=nl_NL&layout=wholesale "HTTP/1.1 200 OK"
[2024-09-28T21:23:38.476+0000] {_client.py:1026} INFO - HTTP Request: GET https://components.givingeurope.com/api/v1/products/1041628/configurator?locale=nl_NL&layout=wholesale "HTTP/1.1 200 OK"
[2024-09-28T21:23:38.751+0000] {_client.py:1026} INFO - HTTP Request: GET https://components.givingeurope.com/api/v1/products/1041628/configurator?locale=nl_NL&layout=wholesale "HTTP/1.1 200 OK"
[2024-09-28T21:23:38.998+0000] {_client.py:1026} INFO - HTTP Request: GET https://components.givingeurope.com/api/v1/products/7097/configurator?locale=nl_NL&layout=wholesale "HTTP/1.1 200 OK"
[2024-09-28T21:23:39.210+0000] {_client.py:1026} INFO - HTTP Request: GET https://components.givingeurope.com/api/v1/products/7097/configurator?locale=nl_NL&layout=wholesale "HTTP/1.1 200 OK"
[2024-09-28T21:23:39.463+0000] {_client.py:1026} INFO - HTTP Request: GET https://components.givingeurope.com/api/v1/products/6232/configurator?locale=nl_NL&layout=wholesale "HTTP/1.1 200 OK"
[2024-09-28T21:23:39.752+0000] {_client.py:1026} INFO - HTTP Request: GET https://components.givingeurope.com/api/v1/products/6232/configurator?locale=nl_NL&layout=wholesale "HTTP/1.1 200 OK"
[2024-09-28T21:23:39.981+0000] {_client.py:1026} INFO - HTTP Request: GET https://components.givingeurope.com/api/v1/products/9003/configurator?locale=nl_NL&layout=wholesale "HTTP/1.1 200 OK"
[2024-09-28T21:23:40.175+0000] {_client.py:1026} INFO - HTTP Request: GET https://components.givingeurope.com/api/v1/products/9003/configurator?locale=nl_NL&layout=wholesale "HTTP/1.1 200 OK"
[2024-09-28T21:23:40.422+0000] {_client.py:1026} INFO - HTTP Request: GET https://components.givingeurope.com/api/v1/products/6238/configurator?locale=nl_NL&layout=wholesale "HTTP/1.1 200 OK"
[2024-09-28T21:23:40.860+0000] {_client.py:1026} INFO - HTTP Request: GET https://components.givingeurope.com/api/v1/products/6238/configurator?locale=nl_NL&layout=wholesale "HTTP/1.1 200 OK"
[2024-09-28T21:23:41.320+0000] {_client.py:1026} INFO - HTTP Request: GET https://components.givingeurope.com/api/v1/products/927/configurator?locale=nl_NL&layout=wholesale "HTTP/1.1 200 OK"
[2024-09-28T21:23:41.711+0000] {_client.py:1026} INFO - HTTP Request: GET https://components.givingeurope.com/api/v1/products/927/configurator?locale=nl_NL&layout=wholesale "HTTP/1.1 200 OK"
[2024-09-28T21:23:42.554+0000] {_client.py:1026} INFO - HTTP Request: GET https://components.givingeurope.com/api/v1/products/7852/configurator?locale=nl_NL&layout=wholesale "HTTP/1.1 200 OK"
[2024-09-28T21:23:42.977+0000] {_client.py:1026} INFO - HTTP Request: GET https://components.givingeurope.com/api/v1/products/7852/configurator?locale=nl_NL&layout=wholesale "HTTP/1.1 200 OK"
[2024-09-28T21:23:43.594+0000] {_client.py:1026} INFO - HTTP Request: GET https://components.givingeurope.com/api/v1/products/8712/configurator?locale=nl_NL&layout=wholesale "HTTP/1.1 200 OK"
[2024-09-28T21:23:44.308+0000] {_client.py:1026} INFO - HTTP Request: GET https://components.givingeurope.com/api/v1/products/8712/configurator?locale=nl_NL&layout=wholesale "HTTP/1.1 200 OK"
[2024-09-28T21:23:45.102+0000] {_client.py:1026} INFO - HTTP Request: GET https://components.givingeurope.com/api/v1/products/9261/configurator?locale=nl_NL&layout=wholesale "HTTP/1.1 200 OK"
[2024-09-28T21:23:45.925+0000] {_client.py:1026} INFO - HTTP Request: GET https://components.givingeurope.com/api/v1/products/9261/configurator?locale=nl_NL&layout=wholesale "HTTP/1.1 200 OK"
[2024-09-28T21:23:46.599+0000] {_client.py:1026} INFO - HTTP Request: GET https://components.givingeurope.com/api/v1/products/432545/configurator?locale=nl_NL&layout=wholesale "HTTP/1.1 200 OK"
[2024-09-28T21:23:47.232+0000] {_client.py:1026} INFO - HTTP Request: GET https://components.givingeurope.com/api/v1/products/432545/configurator?locale=nl_NL&layout=wholesale "HTTP/1.1 200 OK"
[2024-09-28T21:23:47.726+0000] {_client.py:1026} INFO - HTTP Request: GET https://components.givingeurope.com/api/v1/products/8692/configurator?locale=nl_NL&layout=wholesale "HTTP/1.1 200 OK"
[2024-09-28T21:23:48.101+0000] {_client.py:1026} INFO - HTTP Request: GET https://components.givingeurope.com/api/v1/products/8692/configurator?locale=nl_NL&layout=wholesale "HTTP/1.1 200 OK"
[2024-09-28T21:23:48.570+0000] {_client.py:1026} INFO - HTTP Request: GET https://components.givingeurope.com/api/v1/products/437832/configurator?locale=nl_NL&layout=wholesale "HTTP/1.1 200 OK"
[2024-09-28T21:23:49.139+0000] {_client.py:1026} INFO - HTTP Request: GET https://components.givingeurope.com/api/v1/products/437832/configurator?locale=nl_NL&layout=wholesale "HTTP/1.1 200 OK"
[2024-09-28T21:23:49.892+0000] {_client.py:1026} INFO - HTTP Request: GET https://components.givingeurope.com/api/v1/products/1015144/configurator?locale=nl_NL&layout=wholesale "HTTP/1.1 200 OK"
[2024-09-28T21:23:50.579+0000] {_client.py:1026} INFO - HTTP Request: GET https://components.givingeurope.com/api/v1/products/1015144/configurator?locale=nl_NL&layout=wholesale "HTTP/1.1 200 OK"
[2024-09-28T21:23:51.022+0000] {_client.py:1026} INFO - HTTP Request: GET https://components.givingeurope.com/api/v1/products/970950/configurator?locale=nl_NL&layout=wholesale "HTTP/1.1 200 OK"
[2024-09-28T21:23:51.508+0000] {_client.py:1026} INFO - HTTP Request: GET https://components.givingeurope.com/api/v1/products/970950/configurator?locale=nl_NL&layout=wholesale "HTTP/1.1 200 OK"
[2024-09-28T21:23:52.062+0000] {_client.py:1026} INFO - HTTP Request: GET https://components.givingeurope.com/api/v1/products/967392/configurator?locale=nl_NL&layout=wholesale "HTTP/1.1 200 OK"
[2024-09-28T21:23:52.451+0000] {_client.py:1026} INFO - HTTP Request: GET https://components.givingeurope.com/api/v1/products/967392/configurator?locale=nl_NL&layout=wholesale "HTTP/1.1 200 OK"
[2024-09-28T21:23:53.129+0000] {_client.py:1026} INFO - HTTP Request: GET https://components.givingeurope.com/api/v1/products/9062/configurator?locale=nl_NL&layout=wholesale "HTTP/1.1 200 OK"
[2024-09-28T21:23:53.732+0000] {_client.py:1026} INFO - HTTP Request: GET https://components.givingeurope.com/api/v1/products/9062/configurator?locale=nl_NL&layout=wholesale "HTTP/1.1 200 OK"
[2024-09-28T21:23:54.331+0000] {_client.py:1026} INFO - HTTP Request: GET https://components.givingeurope.com/api/v1/products/9263/configurator?locale=nl_NL&layout=wholesale "HTTP/1.1 200 OK"
[2024-09-28T21:23:55.002+0000] {_client.py:1026} INFO - HTTP Request: GET https://components.givingeurope.com/api/v1/products/9263/configurator?locale=nl_NL&layout=wholesale "HTTP/1.1 200 OK"
[2024-09-28T21:23:57.621+0000] {logging_mixin.py:190} INFO - Done. It took 0.8244251847267151 minutes
[2024-09-28T21:23:57.629+0000] {python.py:240} INFO - Done. Returned value was: None
[2024-09-28T21:23:57.876+0000] {taskinstance.py:340} INFO - ::group::Post task execution logs
[2024-09-28T21:23:57.884+0000] {taskinstance.py:352} INFO - Marking task as SUCCESS. dag_id=impression_scraper_dag, task_id=scraper_task, run_id=scheduled__2024-09-28T21:22:00+00:00, execution_date=20240928T212200, start_date=20240928T212307, end_date=20240928T212357
[2024-09-28T21:23:58.263+0000] {local_task_job_runner.py:266} INFO - Task exited with return code 0
[2024-09-28T21:23:58.696+0000] {taskinstance.py:3900} INFO - 0 downstream tasks scheduled from follow-on schedule check
[2024-09-28T21:23:58.711+0000] {local_task_job_runner.py:245} INFO - ::endgroup::
