[2024-09-28T21:22:14.497+0000] {local_task_job_runner.py:123} INFO - ::group::Pre task execution logs
[2024-09-28T21:22:14.541+0000] {taskinstance.py:2612} INFO - Dependencies all met for dep_context=non-requeueable deps ti=<TaskInstance: impression_scraper_dag.scraper_task scheduled__2024-09-28T21:20:00+00:00 [queued]>
[2024-09-28T21:22:14.563+0000] {taskinstance.py:2612} INFO - Dependencies all met for dep_context=requeueable deps ti=<TaskInstance: impression_scraper_dag.scraper_task scheduled__2024-09-28T21:20:00+00:00 [queued]>
[2024-09-28T21:22:14.564+0000] {taskinstance.py:2865} INFO - Starting attempt 1 of 1
[2024-09-28T21:22:14.645+0000] {taskinstance.py:2888} INFO - Executing <Task(PythonOperator): scraper_task> on 2024-09-28 21:20:00+00:00
[2024-09-28T21:22:14.668+0000] {standard_task_runner.py:104} INFO - Running: ['***', 'tasks', 'run', 'impression_scraper_dag', 'scraper_task', 'scheduled__2024-09-28T21:20:00+00:00', '--job-id', '5', '--raw', '--subdir', 'DAGS_FOLDER/impression.py', '--cfg-path', '/tmp/tmpqqcsw0ha']
[2024-09-28T21:22:14.675+0000] {logging_mixin.py:190} WARNING - /home/***/.local/lib/python3.12/site-packages/***/task/task_runner/standard_task_runner.py:70 DeprecationWarning: This process (pid=267) is multi-threaded, use of fork() may lead to deadlocks in the child.
[2024-09-28T21:22:14.676+0000] {standard_task_runner.py:105} INFO - Job 5: Subtask scraper_task
[2024-09-28T21:22:14.677+0000] {standard_task_runner.py:72} INFO - Started process 274 to run task
[2024-09-28T21:22:14.911+0000] {task_command.py:467} INFO - Running <TaskInstance: impression_scraper_dag.scraper_task scheduled__2024-09-28T21:20:00+00:00 [running]> on host 1e78f12a30b2
[2024-09-28T21:22:15.234+0000] {taskinstance.py:3131} INFO - Exporting env vars: AIRFLOW_CTX_DAG_OWNER='***' AIRFLOW_CTX_DAG_ID='impression_scraper_dag' AIRFLOW_CTX_TASK_ID='scraper_task' AIRFLOW_CTX_EXECUTION_DATE='2024-09-28T21:20:00+00:00' AIRFLOW_CTX_TRY_NUMBER='1' AIRFLOW_CTX_DAG_RUN_ID='scheduled__2024-09-28T21:20:00+00:00'
[2024-09-28T21:22:15.240+0000] {taskinstance.py:731} INFO - ::endgroup::
[2024-09-28T21:22:16.583+0000] {_client.py:1026} INFO - HTTP Request: GET https://www.givingeurope.com/nl/nl/ "HTTP/1.1 200 OK"
[2024-09-28T21:22:17.424+0000] {logging_mixin.py:190} INFO - There are still 158 urls to be scraped.
[2024-09-28T21:22:17.605+0000] {_client.py:1026} INFO - HTTP Request: GET https://www.givingeurope.com/nl/nl/all-products/tassen-reizen/rugtassen/rugtassen?p=1&product_list_limit=48 "HTTP/1.1 200 OK"
[2024-09-28T21:22:17.717+0000] {logging_mixin.py:190} INFO - This is page number 1.
[2024-09-28T21:22:18.106+0000] {_client.py:1026} INFO - HTTP Request: GET https://components.givingeurope.com/api/v1/products/927/configurator?locale=nl_NL&layout=wholesale "HTTP/1.1 200 OK"
[2024-09-28T21:22:18.426+0000] {_client.py:1026} INFO - HTTP Request: GET https://components.givingeurope.com/api/v1/products/927/configurator?locale=nl_NL&layout=wholesale "HTTP/1.1 200 OK"
[2024-09-28T21:22:18.902+0000] {_client.py:1026} INFO - HTTP Request: GET https://components.givingeurope.com/api/v1/products/970950/configurator?locale=nl_NL&layout=wholesale "HTTP/1.1 200 OK"
[2024-09-28T21:22:19.149+0000] {_client.py:1026} INFO - HTTP Request: GET https://components.givingeurope.com/api/v1/products/970950/configurator?locale=nl_NL&layout=wholesale "HTTP/1.1 200 OK"
[2024-09-28T21:22:19.470+0000] {_client.py:1026} INFO - HTTP Request: GET https://components.givingeurope.com/api/v1/products/1024159/configurator?locale=nl_NL&layout=wholesale "HTTP/1.1 200 OK"
[2024-09-28T21:22:19.849+0000] {_client.py:1026} INFO - HTTP Request: GET https://components.givingeurope.com/api/v1/products/1024159/configurator?locale=nl_NL&layout=wholesale "HTTP/1.1 200 OK"
[2024-09-28T21:22:20.180+0000] {_client.py:1026} INFO - HTTP Request: GET https://components.givingeurope.com/api/v1/products/1024149/configurator?locale=nl_NL&layout=wholesale "HTTP/1.1 200 OK"
[2024-09-28T21:22:20.598+0000] {_client.py:1026} INFO - HTTP Request: GET https://components.givingeurope.com/api/v1/products/1024149/configurator?locale=nl_NL&layout=wholesale "HTTP/1.1 200 OK"
[2024-09-28T21:22:20.939+0000] {_client.py:1026} INFO - HTTP Request: GET https://components.givingeurope.com/api/v1/products/1041621/configurator?locale=nl_NL&layout=wholesale "HTTP/1.1 200 OK"
[2024-09-28T21:22:21.187+0000] {_client.py:1026} INFO - HTTP Request: GET https://components.givingeurope.com/api/v1/products/1041621/configurator?locale=nl_NL&layout=wholesale "HTTP/1.1 200 OK"
[2024-09-28T21:22:21.478+0000] {_client.py:1026} INFO - HTTP Request: GET https://components.givingeurope.com/api/v1/products/1024156/configurator?locale=nl_NL&layout=wholesale "HTTP/1.1 200 OK"
[2024-09-28T21:22:21.806+0000] {_client.py:1026} INFO - HTTP Request: GET https://components.givingeurope.com/api/v1/products/1024156/configurator?locale=nl_NL&layout=wholesale "HTTP/1.1 200 OK"
[2024-09-28T21:22:22.238+0000] {_client.py:1026} INFO - HTTP Request: GET https://components.givingeurope.com/api/v1/products/1024147/configurator?locale=nl_NL&layout=wholesale "HTTP/1.1 200 OK"
[2024-09-28T21:22:22.602+0000] {_client.py:1026} INFO - HTTP Request: GET https://components.givingeurope.com/api/v1/products/1024147/configurator?locale=nl_NL&layout=wholesale "HTTP/1.1 200 OK"
[2024-09-28T21:22:23.039+0000] {_client.py:1026} INFO - HTTP Request: GET https://components.givingeurope.com/api/v1/products/967421/configurator?locale=nl_NL&layout=wholesale "HTTP/1.1 200 OK"
[2024-09-28T21:22:23.280+0000] {_client.py:1026} INFO - HTTP Request: GET https://components.givingeurope.com/api/v1/products/967421/configurator?locale=nl_NL&layout=wholesale "HTTP/1.1 200 OK"
[2024-09-28T21:22:23.734+0000] {_client.py:1026} INFO - HTTP Request: GET https://components.givingeurope.com/api/v1/products/1024154/configurator?locale=nl_NL&layout=wholesale "HTTP/1.1 200 OK"
[2024-09-28T21:22:23.943+0000] {_client.py:1026} INFO - HTTP Request: GET https://components.givingeurope.com/api/v1/products/1024154/configurator?locale=nl_NL&layout=wholesale "HTTP/1.1 200 OK"
[2024-09-28T21:22:24.277+0000] {_client.py:1026} INFO - HTTP Request: GET https://components.givingeurope.com/api/v1/products/1041628/configurator?locale=nl_NL&layout=wholesale "HTTP/1.1 200 OK"
[2024-09-28T21:22:24.596+0000] {_client.py:1026} INFO - HTTP Request: GET https://components.givingeurope.com/api/v1/products/1041628/configurator?locale=nl_NL&layout=wholesale "HTTP/1.1 200 OK"
[2024-09-28T21:22:25.030+0000] {_client.py:1026} INFO - HTTP Request: GET https://components.givingeurope.com/api/v1/products/7097/configurator?locale=nl_NL&layout=wholesale "HTTP/1.1 200 OK"
[2024-09-28T21:22:25.388+0000] {_client.py:1026} INFO - HTTP Request: GET https://components.givingeurope.com/api/v1/products/7097/configurator?locale=nl_NL&layout=wholesale "HTTP/1.1 200 OK"
[2024-09-28T21:22:25.842+0000] {_client.py:1026} INFO - HTTP Request: GET https://components.givingeurope.com/api/v1/products/7879/configurator?locale=nl_NL&layout=wholesale "HTTP/1.1 200 OK"
[2024-09-28T21:22:26.220+0000] {_client.py:1026} INFO - HTTP Request: GET https://components.givingeurope.com/api/v1/products/7879/configurator?locale=nl_NL&layout=wholesale "HTTP/1.1 200 OK"
[2024-09-28T21:22:26.585+0000] {_client.py:1026} INFO - HTTP Request: GET https://components.givingeurope.com/api/v1/products/7398/configurator?locale=nl_NL&layout=wholesale "HTTP/1.1 200 OK"
[2024-09-28T21:22:26.901+0000] {_client.py:1026} INFO - HTTP Request: GET https://components.givingeurope.com/api/v1/products/7398/configurator?locale=nl_NL&layout=wholesale "HTTP/1.1 200 OK"
[2024-09-28T21:22:27.206+0000] {_client.py:1026} INFO - HTTP Request: GET https://components.givingeurope.com/api/v1/products/4585/configurator?locale=nl_NL&layout=wholesale "HTTP/1.1 200 OK"
[2024-09-28T21:22:27.612+0000] {_client.py:1026} INFO - HTTP Request: GET https://components.givingeurope.com/api/v1/products/4585/configurator?locale=nl_NL&layout=wholesale "HTTP/1.1 200 OK"
[2024-09-28T21:22:28.023+0000] {_client.py:1026} INFO - HTTP Request: GET https://components.givingeurope.com/api/v1/products/6232/configurator?locale=nl_NL&layout=wholesale "HTTP/1.1 200 OK"
[2024-09-28T21:22:28.233+0000] {_client.py:1026} INFO - HTTP Request: GET https://components.givingeurope.com/api/v1/products/6232/configurator?locale=nl_NL&layout=wholesale "HTTP/1.1 200 OK"
[2024-09-28T21:22:28.543+0000] {_client.py:1026} INFO - HTTP Request: GET https://components.givingeurope.com/api/v1/products/5622/configurator?locale=nl_NL&layout=wholesale "HTTP/1.1 200 OK"
[2024-09-28T21:22:28.858+0000] {_client.py:1026} INFO - HTTP Request: GET https://components.givingeurope.com/api/v1/products/5622/configurator?locale=nl_NL&layout=wholesale "HTTP/1.1 200 OK"
[2024-09-28T21:22:29.188+0000] {_client.py:1026} INFO - HTTP Request: GET https://components.givingeurope.com/api/v1/products/9003/configurator?locale=nl_NL&layout=wholesale "HTTP/1.1 200 OK"
[2024-09-28T21:22:29.544+0000] {_client.py:1026} INFO - HTTP Request: GET https://components.givingeurope.com/api/v1/products/9003/configurator?locale=nl_NL&layout=wholesale "HTTP/1.1 200 OK"
[2024-09-28T21:22:29.800+0000] {_client.py:1026} INFO - HTTP Request: GET https://components.givingeurope.com/api/v1/products/8996/configurator?locale=nl_NL&layout=wholesale "HTTP/1.1 200 OK"
[2024-09-28T21:22:30.083+0000] {_client.py:1026} INFO - HTTP Request: GET https://components.givingeurope.com/api/v1/products/8996/configurator?locale=nl_NL&layout=wholesale "HTTP/1.1 200 OK"
[2024-09-28T21:22:30.429+0000] {_client.py:1026} INFO - HTTP Request: GET https://components.givingeurope.com/api/v1/products/6238/configurator?locale=nl_NL&layout=wholesale "HTTP/1.1 200 OK"
[2024-09-28T21:22:30.766+0000] {_client.py:1026} INFO - HTTP Request: GET https://components.givingeurope.com/api/v1/products/6238/configurator?locale=nl_NL&layout=wholesale "HTTP/1.1 200 OK"
[2024-09-28T21:22:31.097+0000] {_client.py:1026} INFO - HTTP Request: GET https://components.givingeurope.com/api/v1/products/864735/configurator?locale=nl_NL&layout=wholesale "HTTP/1.1 200 OK"
[2024-09-28T21:22:31.396+0000] {_client.py:1026} INFO - HTTP Request: GET https://components.givingeurope.com/api/v1/products/864735/configurator?locale=nl_NL&layout=wholesale "HTTP/1.1 200 OK"
[2024-09-28T21:22:31.752+0000] {_client.py:1026} INFO - HTTP Request: GET https://components.givingeurope.com/api/v1/products/9335/configurator?locale=nl_NL&layout=wholesale "HTTP/1.1 200 OK"
[2024-09-28T21:22:31.998+0000] {_client.py:1026} INFO - HTTP Request: GET https://components.givingeurope.com/api/v1/products/9335/configurator?locale=nl_NL&layout=wholesale "HTTP/1.1 200 OK"
[2024-09-28T21:22:32.268+0000] {_client.py:1026} INFO - HTTP Request: GET https://components.givingeurope.com/api/v1/products/1014868/configurator?locale=nl_NL&layout=wholesale "HTTP/1.1 200 OK"
[2024-09-28T21:22:32.554+0000] {_client.py:1026} INFO - HTTP Request: GET https://components.givingeurope.com/api/v1/products/1014868/configurator?locale=nl_NL&layout=wholesale "HTTP/1.1 200 OK"
[2024-09-28T21:22:32.972+0000] {_client.py:1026} INFO - HTTP Request: GET https://components.givingeurope.com/api/v1/products/1014887/configurator?locale=nl_NL&layout=wholesale "HTTP/1.1 200 OK"
[2024-09-28T21:22:33.185+0000] {_client.py:1026} INFO - HTTP Request: GET https://components.givingeurope.com/api/v1/products/1014887/configurator?locale=nl_NL&layout=wholesale "HTTP/1.1 200 OK"
[2024-09-28T21:22:33.490+0000] {_client.py:1026} INFO - HTTP Request: GET https://components.givingeurope.com/api/v1/products/1014895/configurator?locale=nl_NL&layout=wholesale "HTTP/1.1 200 OK"
[2024-09-28T21:22:33.850+0000] {_client.py:1026} INFO - HTTP Request: GET https://components.givingeurope.com/api/v1/products/1014895/configurator?locale=nl_NL&layout=wholesale "HTTP/1.1 200 OK"
[2024-09-28T21:22:34.259+0000] {_client.py:1026} INFO - HTTP Request: GET https://components.givingeurope.com/api/v1/products/7852/configurator?locale=nl_NL&layout=wholesale "HTTP/1.1 200 OK"
[2024-09-28T21:22:34.520+0000] {_client.py:1026} INFO - HTTP Request: GET https://components.givingeurope.com/api/v1/products/7852/configurator?locale=nl_NL&layout=wholesale "HTTP/1.1 200 OK"
[2024-09-28T21:22:34.862+0000] {_client.py:1026} INFO - HTTP Request: GET https://components.givingeurope.com/api/v1/products/8552/configurator?locale=nl_NL&layout=wholesale "HTTP/1.1 200 OK"
[2024-09-28T21:22:35.091+0000] {_client.py:1026} INFO - HTTP Request: GET https://components.givingeurope.com/api/v1/products/8552/configurator?locale=nl_NL&layout=wholesale "HTTP/1.1 200 OK"
[2024-09-28T21:22:35.443+0000] {_client.py:1026} INFO - HTTP Request: GET https://components.givingeurope.com/api/v1/products/8712/configurator?locale=nl_NL&layout=wholesale "HTTP/1.1 200 OK"
[2024-09-28T21:22:35.759+0000] {_client.py:1026} INFO - HTTP Request: GET https://components.givingeurope.com/api/v1/products/8712/configurator?locale=nl_NL&layout=wholesale "HTTP/1.1 200 OK"
[2024-09-28T21:22:36.133+0000] {_client.py:1026} INFO - HTTP Request: GET https://components.givingeurope.com/api/v1/products/3576/configurator?locale=nl_NL&layout=wholesale "HTTP/1.1 200 OK"
[2024-09-28T21:22:36.372+0000] {_client.py:1026} INFO - HTTP Request: GET https://components.givingeurope.com/api/v1/products/3576/configurator?locale=nl_NL&layout=wholesale "HTTP/1.1 200 OK"
[2024-09-28T21:22:36.872+0000] {_client.py:1026} INFO - HTTP Request: GET https://components.givingeurope.com/api/v1/products/9170/configurator?locale=nl_NL&layout=wholesale "HTTP/1.1 200 OK"
[2024-09-28T21:22:37.163+0000] {_client.py:1026} INFO - HTTP Request: GET https://components.givingeurope.com/api/v1/products/9170/configurator?locale=nl_NL&layout=wholesale "HTTP/1.1 200 OK"
[2024-09-28T21:22:37.479+0000] {_client.py:1026} INFO - HTTP Request: GET https://components.givingeurope.com/api/v1/products/9266/configurator?locale=nl_NL&layout=wholesale "HTTP/1.1 200 OK"
[2024-09-28T21:22:37.704+0000] {_client.py:1026} INFO - HTTP Request: GET https://components.givingeurope.com/api/v1/products/9266/configurator?locale=nl_NL&layout=wholesale "HTTP/1.1 200 OK"
[2024-09-28T21:22:38.135+0000] {_client.py:1026} INFO - HTTP Request: GET https://components.givingeurope.com/api/v1/products/9261/configurator?locale=nl_NL&layout=wholesale "HTTP/1.1 200 OK"
[2024-09-28T21:22:38.405+0000] {_client.py:1026} INFO - HTTP Request: GET https://components.givingeurope.com/api/v1/products/9261/configurator?locale=nl_NL&layout=wholesale "HTTP/1.1 200 OK"
[2024-09-28T21:22:38.748+0000] {_client.py:1026} INFO - HTTP Request: GET https://components.givingeurope.com/api/v1/products/967399/configurator?locale=nl_NL&layout=wholesale "HTTP/1.1 200 OK"
[2024-09-28T21:22:38.981+0000] {_client.py:1026} INFO - HTTP Request: GET https://components.givingeurope.com/api/v1/products/967399/configurator?locale=nl_NL&layout=wholesale "HTTP/1.1 200 OK"
[2024-09-28T21:22:39.294+0000] {_client.py:1026} INFO - HTTP Request: GET https://components.givingeurope.com/api/v1/products/9155/configurator?locale=nl_NL&layout=wholesale "HTTP/1.1 200 OK"
[2024-09-28T21:22:39.535+0000] {_client.py:1026} INFO - HTTP Request: GET https://components.givingeurope.com/api/v1/products/9155/configurator?locale=nl_NL&layout=wholesale "HTTP/1.1 200 OK"
[2024-09-28T21:22:39.897+0000] {_client.py:1026} INFO - HTTP Request: GET https://components.givingeurope.com/api/v1/products/1015144/configurator?locale=nl_NL&layout=wholesale "HTTP/1.1 200 OK"
[2024-09-28T21:22:40.167+0000] {_client.py:1026} INFO - HTTP Request: GET https://components.givingeurope.com/api/v1/products/1015144/configurator?locale=nl_NL&layout=wholesale "HTTP/1.1 200 OK"
[2024-09-28T21:22:40.588+0000] {_client.py:1026} INFO - HTTP Request: GET https://components.givingeurope.com/api/v1/products/1015154/configurator?locale=nl_NL&layout=wholesale "HTTP/1.1 200 OK"
[2024-09-28T21:22:40.824+0000] {_client.py:1026} INFO - HTTP Request: GET https://components.givingeurope.com/api/v1/products/1015154/configurator?locale=nl_NL&layout=wholesale "HTTP/1.1 200 OK"
[2024-09-28T21:22:41.211+0000] {_client.py:1026} INFO - HTTP Request: GET https://components.givingeurope.com/api/v1/products/1015155/configurator?locale=nl_NL&layout=wholesale "HTTP/1.1 200 OK"
[2024-09-28T21:22:41.602+0000] {_client.py:1026} INFO - HTTP Request: GET https://components.givingeurope.com/api/v1/products/1015155/configurator?locale=nl_NL&layout=wholesale "HTTP/1.1 200 OK"
[2024-09-28T21:22:42.088+0000] {_client.py:1026} INFO - HTTP Request: GET https://components.givingeurope.com/api/v1/products/818450/configurator?locale=nl_NL&layout=wholesale "HTTP/1.1 200 OK"
[2024-09-28T21:22:42.313+0000] {_client.py:1026} INFO - HTTP Request: GET https://components.givingeurope.com/api/v1/products/818450/configurator?locale=nl_NL&layout=wholesale "HTTP/1.1 200 OK"
[2024-09-28T21:22:42.718+0000] {_client.py:1026} INFO - HTTP Request: GET https://components.givingeurope.com/api/v1/products/7909/configurator?locale=nl_NL&layout=wholesale "HTTP/1.1 200 OK"
[2024-09-28T21:22:43.014+0000] {_client.py:1026} INFO - HTTP Request: GET https://components.givingeurope.com/api/v1/products/7909/configurator?locale=nl_NL&layout=wholesale "HTTP/1.1 200 OK"
[2024-09-28T21:22:43.400+0000] {_client.py:1026} INFO - HTTP Request: GET https://components.givingeurope.com/api/v1/products/8849/configurator?locale=nl_NL&layout=wholesale "HTTP/1.1 200 OK"
[2024-09-28T21:22:43.700+0000] {_client.py:1026} INFO - HTTP Request: GET https://components.givingeurope.com/api/v1/products/8849/configurator?locale=nl_NL&layout=wholesale "HTTP/1.1 200 OK"
[2024-09-28T21:22:44.042+0000] {_client.py:1026} INFO - HTTP Request: GET https://components.givingeurope.com/api/v1/products/946/configurator?locale=nl_NL&layout=wholesale "HTTP/1.1 200 OK"
[2024-09-28T21:22:44.302+0000] {_client.py:1026} INFO - HTTP Request: GET https://components.givingeurope.com/api/v1/products/946/configurator?locale=nl_NL&layout=wholesale "HTTP/1.1 200 OK"
[2024-09-28T21:22:44.820+0000] {_client.py:1026} INFO - HTTP Request: GET https://components.givingeurope.com/api/v1/products/432545/configurator?locale=nl_NL&layout=wholesale "HTTP/1.1 200 OK"
[2024-09-28T21:22:45.105+0000] {_client.py:1026} INFO - HTTP Request: GET https://components.givingeurope.com/api/v1/products/432545/configurator?locale=nl_NL&layout=wholesale "HTTP/1.1 200 OK"
[2024-09-28T21:22:45.387+0000] {_client.py:1026} INFO - HTTP Request: GET https://components.givingeurope.com/api/v1/products/818599/configurator?locale=nl_NL&layout=wholesale "HTTP/1.1 200 OK"
[2024-09-28T21:22:45.667+0000] {_client.py:1026} INFO - HTTP Request: GET https://components.givingeurope.com/api/v1/products/818599/configurator?locale=nl_NL&layout=wholesale "HTTP/1.1 200 OK"
[2024-09-28T21:22:46.093+0000] {_client.py:1026} INFO - HTTP Request: GET https://components.givingeurope.com/api/v1/products/8692/configurator?locale=nl_NL&layout=wholesale "HTTP/1.1 200 OK"
[2024-09-28T21:22:46.506+0000] {_client.py:1026} INFO - HTTP Request: GET https://components.givingeurope.com/api/v1/products/8692/configurator?locale=nl_NL&layout=wholesale "HTTP/1.1 200 OK"
[2024-09-28T21:22:46.749+0000] {_client.py:1026} INFO - HTTP Request: GET https://components.givingeurope.com/api/v1/products/8456/configurator?locale=nl_NL&layout=wholesale "HTTP/1.1 200 OK"
[2024-09-28T21:22:46.963+0000] {_client.py:1026} INFO - HTTP Request: GET https://components.givingeurope.com/api/v1/products/8456/configurator?locale=nl_NL&layout=wholesale "HTTP/1.1 200 OK"
[2024-09-28T21:22:47.375+0000] {_client.py:1026} INFO - HTTP Request: GET https://components.givingeurope.com/api/v1/products/9166/configurator?locale=nl_NL&layout=wholesale "HTTP/1.1 200 OK"
[2024-09-28T21:22:47.681+0000] {_client.py:1026} INFO - HTTP Request: GET https://components.givingeurope.com/api/v1/products/9166/configurator?locale=nl_NL&layout=wholesale "HTTP/1.1 200 OK"
[2024-09-28T21:22:48.041+0000] {_client.py:1026} INFO - HTTP Request: GET https://components.givingeurope.com/api/v1/products/1015156/configurator?locale=nl_NL&layout=wholesale "HTTP/1.1 200 OK"
[2024-09-28T21:22:48.326+0000] {_client.py:1026} INFO - HTTP Request: GET https://components.givingeurope.com/api/v1/products/1015156/configurator?locale=nl_NL&layout=wholesale "HTTP/1.1 200 OK"
[2024-09-28T21:22:48.673+0000] {_client.py:1026} INFO - HTTP Request: GET https://components.givingeurope.com/api/v1/products/1015157/configurator?locale=nl_NL&layout=wholesale "HTTP/1.1 200 OK"
[2024-09-28T21:22:48.943+0000] {_client.py:1026} INFO - HTTP Request: GET https://components.givingeurope.com/api/v1/products/1015157/configurator?locale=nl_NL&layout=wholesale "HTTP/1.1 200 OK"
[2024-09-28T21:22:49.313+0000] {_client.py:1026} INFO - HTTP Request: GET https://components.givingeurope.com/api/v1/products/1015161/configurator?locale=nl_NL&layout=wholesale "HTTP/1.1 200 OK"
[2024-09-28T21:22:49.614+0000] {_client.py:1026} INFO - HTTP Request: GET https://components.givingeurope.com/api/v1/products/1015161/configurator?locale=nl_NL&layout=wholesale "HTTP/1.1 200 OK"
[2024-09-28T21:22:50.618+0000] {logging_mixin.py:190} INFO - There are still 157 urls to be scraped.
[2024-09-28T21:22:50.849+0000] {_client.py:1026} INFO - HTTP Request: GET https://www.givingeurope.com/nl/nl/all-products/tassen-reizen/rugtassen/trekkoord-rugzakken?p=1&product_list_limit=48 "HTTP/1.1 200 OK"
[2024-09-28T21:22:50.984+0000] {logging_mixin.py:190} INFO - This is page number 1.
[2024-09-28T21:22:51.309+0000] {_client.py:1026} INFO - HTTP Request: GET https://components.givingeurope.com/api/v1/products/7909/configurator?locale=nl_NL&layout=wholesale "HTTP/1.1 200 OK"
[2024-09-28T21:22:51.553+0000] {_client.py:1026} INFO - HTTP Request: GET https://components.givingeurope.com/api/v1/products/7909/configurator?locale=nl_NL&layout=wholesale "HTTP/1.1 200 OK"
[2024-09-28T21:22:51.871+0000] {_client.py:1026} INFO - HTTP Request: GET https://components.givingeurope.com/api/v1/products/1015154/configurator?locale=nl_NL&layout=wholesale "HTTP/1.1 200 OK"
[2024-09-28T21:22:52.130+0000] {_client.py:1026} INFO - HTTP Request: GET https://components.givingeurope.com/api/v1/products/1015154/configurator?locale=nl_NL&layout=wholesale "HTTP/1.1 200 OK"
[2024-09-28T21:22:52.477+0000] {_client.py:1026} INFO - HTTP Request: GET https://components.givingeurope.com/api/v1/products/1041628/configurator?locale=nl_NL&layout=wholesale "HTTP/1.1 200 OK"
[2024-09-28T21:22:52.783+0000] {_client.py:1026} INFO - HTTP Request: GET https://components.givingeurope.com/api/v1/products/1041628/configurator?locale=nl_NL&layout=wholesale "HTTP/1.1 200 OK"
[2024-09-28T21:22:53.179+0000] {_client.py:1026} INFO - HTTP Request: GET https://components.givingeurope.com/api/v1/products/7097/configurator?locale=nl_NL&layout=wholesale "HTTP/1.1 200 OK"
[2024-09-28T21:22:53.401+0000] {_client.py:1026} INFO - HTTP Request: GET https://components.givingeurope.com/api/v1/products/7097/configurator?locale=nl_NL&layout=wholesale "HTTP/1.1 200 OK"
[2024-09-28T21:22:53.686+0000] {_client.py:1026} INFO - HTTP Request: GET https://components.givingeurope.com/api/v1/products/6232/configurator?locale=nl_NL&layout=wholesale "HTTP/1.1 200 OK"
[2024-09-28T21:22:53.890+0000] {_client.py:1026} INFO - HTTP Request: GET https://components.givingeurope.com/api/v1/products/6232/configurator?locale=nl_NL&layout=wholesale "HTTP/1.1 200 OK"
[2024-09-28T21:22:54.225+0000] {_client.py:1026} INFO - HTTP Request: GET https://components.givingeurope.com/api/v1/products/9003/configurator?locale=nl_NL&layout=wholesale "HTTP/1.1 200 OK"
[2024-09-28T21:22:54.483+0000] {_client.py:1026} INFO - HTTP Request: GET https://components.givingeurope.com/api/v1/products/9003/configurator?locale=nl_NL&layout=wholesale "HTTP/1.1 200 OK"
[2024-09-28T21:22:54.769+0000] {_client.py:1026} INFO - HTTP Request: GET https://components.givingeurope.com/api/v1/products/6238/configurator?locale=nl_NL&layout=wholesale "HTTP/1.1 200 OK"
[2024-09-28T21:22:55.027+0000] {_client.py:1026} INFO - HTTP Request: GET https://components.givingeurope.com/api/v1/products/6238/configurator?locale=nl_NL&layout=wholesale "HTTP/1.1 200 OK"
[2024-09-28T21:22:55.356+0000] {_client.py:1026} INFO - HTTP Request: GET https://components.givingeurope.com/api/v1/products/927/configurator?locale=nl_NL&layout=wholesale "HTTP/1.1 200 OK"
[2024-09-28T21:22:55.652+0000] {_client.py:1026} INFO - HTTP Request: GET https://components.givingeurope.com/api/v1/products/927/configurator?locale=nl_NL&layout=wholesale "HTTP/1.1 200 OK"
[2024-09-28T21:22:55.955+0000] {_client.py:1026} INFO - HTTP Request: GET https://components.givingeurope.com/api/v1/products/7852/configurator?locale=nl_NL&layout=wholesale "HTTP/1.1 200 OK"
[2024-09-28T21:22:56.159+0000] {_client.py:1026} INFO - HTTP Request: GET https://components.givingeurope.com/api/v1/products/7852/configurator?locale=nl_NL&layout=wholesale "HTTP/1.1 200 OK"
[2024-09-28T21:22:56.509+0000] {_client.py:1026} INFO - HTTP Request: GET https://components.givingeurope.com/api/v1/products/8712/configurator?locale=nl_NL&layout=wholesale "HTTP/1.1 200 OK"
[2024-09-28T21:22:56.816+0000] {_client.py:1026} INFO - HTTP Request: GET https://components.givingeurope.com/api/v1/products/8712/configurator?locale=nl_NL&layout=wholesale "HTTP/1.1 200 OK"
[2024-09-28T21:22:57.104+0000] {_client.py:1026} INFO - HTTP Request: GET https://components.givingeurope.com/api/v1/products/9261/configurator?locale=nl_NL&layout=wholesale "HTTP/1.1 200 OK"
[2024-09-28T21:22:57.322+0000] {_client.py:1026} INFO - HTTP Request: GET https://components.givingeurope.com/api/v1/products/9261/configurator?locale=nl_NL&layout=wholesale "HTTP/1.1 200 OK"
[2024-09-28T21:22:57.633+0000] {_client.py:1026} INFO - HTTP Request: GET https://components.givingeurope.com/api/v1/products/432545/configurator?locale=nl_NL&layout=wholesale "HTTP/1.1 200 OK"
[2024-09-28T21:22:57.882+0000] {_client.py:1026} INFO - HTTP Request: GET https://components.givingeurope.com/api/v1/products/432545/configurator?locale=nl_NL&layout=wholesale "HTTP/1.1 200 OK"
[2024-09-28T21:22:58.346+0000] {_client.py:1026} INFO - HTTP Request: GET https://components.givingeurope.com/api/v1/products/8692/configurator?locale=nl_NL&layout=wholesale "HTTP/1.1 200 OK"
[2024-09-28T21:22:58.641+0000] {_client.py:1026} INFO - HTTP Request: GET https://components.givingeurope.com/api/v1/products/8692/configurator?locale=nl_NL&layout=wholesale "HTTP/1.1 200 OK"
[2024-09-28T21:22:58.987+0000] {_client.py:1026} INFO - HTTP Request: GET https://components.givingeurope.com/api/v1/products/437832/configurator?locale=nl_NL&layout=wholesale "HTTP/1.1 200 OK"
[2024-09-28T21:22:59.204+0000] {_client.py:1026} INFO - HTTP Request: GET https://components.givingeurope.com/api/v1/products/437832/configurator?locale=nl_NL&layout=wholesale "HTTP/1.1 200 OK"
[2024-09-28T21:22:59.677+0000] {_client.py:1026} INFO - HTTP Request: GET https://components.givingeurope.com/api/v1/products/1015144/configurator?locale=nl_NL&layout=wholesale "HTTP/1.1 200 OK"
[2024-09-28T21:22:59.894+0000] {_client.py:1026} INFO - HTTP Request: GET https://components.givingeurope.com/api/v1/products/1015144/configurator?locale=nl_NL&layout=wholesale "HTTP/1.1 200 OK"
[2024-09-28T21:23:00.230+0000] {_client.py:1026} INFO - HTTP Request: GET https://components.givingeurope.com/api/v1/products/970950/configurator?locale=nl_NL&layout=wholesale "HTTP/1.1 200 OK"
[2024-09-28T21:23:00.523+0000] {_client.py:1026} INFO - HTTP Request: GET https://components.givingeurope.com/api/v1/products/970950/configurator?locale=nl_NL&layout=wholesale "HTTP/1.1 200 OK"
[2024-09-28T21:23:00.981+0000] {_client.py:1026} INFO - HTTP Request: GET https://components.givingeurope.com/api/v1/products/967392/configurator?locale=nl_NL&layout=wholesale "HTTP/1.1 200 OK"
[2024-09-28T21:23:01.274+0000] {_client.py:1026} INFO - HTTP Request: GET https://components.givingeurope.com/api/v1/products/967392/configurator?locale=nl_NL&layout=wholesale "HTTP/1.1 200 OK"
[2024-09-28T21:23:01.614+0000] {_client.py:1026} INFO - HTTP Request: GET https://components.givingeurope.com/api/v1/products/9062/configurator?locale=nl_NL&layout=wholesale "HTTP/1.1 200 OK"
[2024-09-28T21:23:01.859+0000] {_client.py:1026} INFO - HTTP Request: GET https://components.givingeurope.com/api/v1/products/9062/configurator?locale=nl_NL&layout=wholesale "HTTP/1.1 200 OK"
[2024-09-28T21:23:02.247+0000] {_client.py:1026} INFO - HTTP Request: GET https://components.givingeurope.com/api/v1/products/9263/configurator?locale=nl_NL&layout=wholesale "HTTP/1.1 200 OK"
[2024-09-28T21:23:02.634+0000] {_client.py:1026} INFO - HTTP Request: GET https://components.givingeurope.com/api/v1/products/9263/configurator?locale=nl_NL&layout=wholesale "HTTP/1.1 200 OK"
[2024-09-28T21:23:03.838+0000] {logging_mixin.py:190} INFO - Done. It took 0.8092310388882955 minutes
[2024-09-28T21:23:03.839+0000] {python.py:240} INFO - Done. Returned value was: None
[2024-09-28T21:23:03.875+0000] {taskinstance.py:340} INFO - ::group::Post task execution logs
[2024-09-28T21:23:03.876+0000] {taskinstance.py:352} INFO - Marking task as SUCCESS. dag_id=impression_scraper_dag, task_id=scraper_task, run_id=scheduled__2024-09-28T21:20:00+00:00, execution_date=20240928T212000, start_date=20240928T212214, end_date=20240928T212303
[2024-09-28T21:23:03.977+0000] {local_task_job_runner.py:266} INFO - Task exited with return code 0
[2024-09-28T21:23:04.029+0000] {taskinstance.py:3900} INFO - 0 downstream tasks scheduled from follow-on schedule check
[2024-09-28T21:23:04.031+0000] {local_task_job_runner.py:245} INFO - ::endgroup::
