[2024-09-28 14:56:10,484] {taskinstance.py:826} INFO - Dependencies all met for <TaskInstance: impression_scraper_dag.start_task 2024-09-28T00:18:00+00:00 [queued]>
[2024-09-28 14:56:10,533] {taskinstance.py:826} INFO - Dependencies all met for <TaskInstance: impression_scraper_dag.start_task 2024-09-28T00:18:00+00:00 [queued]>
[2024-09-28 14:56:10,534] {taskinstance.py:1017} INFO - 
--------------------------------------------------------------------------------
[2024-09-28 14:56:10,535] {taskinstance.py:1018} INFO - Starting attempt 1 of 1
[2024-09-28 14:56:10,535] {taskinstance.py:1019} INFO - 
--------------------------------------------------------------------------------
[2024-09-28 14:56:10,560] {taskinstance.py:1038} INFO - Executing <Task(PythonOperator): start_task> on 2024-09-28T00:18:00+00:00
[2024-09-28 14:56:10,570] {standard_task_runner.py:51} INFO - Started process 1149 to run task
[2024-09-28 14:56:10,598] {standard_task_runner.py:75} INFO - Running: ['airflow', 'tasks', 'run', 'impression_scraper_dag', 'start_task', '2024-09-28T00:18:00+00:00', '--job-id', '20', '--pool', 'default_pool', '--raw', '--subdir', 'DAGS_FOLDER/impression.py', '--cfg-path', '/tmp/tmp0vol7afk']
[2024-09-28 14:56:10,605] {standard_task_runner.py:76} INFO - Job 20: Subtask start_task
[2024-09-28 14:56:10,723] {logging_mixin.py:103} INFO - Running <TaskInstance: impression_scraper_dag.start_task 2024-09-28T00:18:00+00:00 [running]> on host 5b025337d441
[2024-09-28 14:56:11,002] {taskinstance.py:1232} INFO - Exporting the following env vars:
AIRFLOW_CTX_DAG_OWNER=test_user
AIRFLOW_CTX_DAG_ID=impression_scraper_dag
AIRFLOW_CTX_TASK_ID=start_task
AIRFLOW_CTX_EXECUTION_DATE=2024-09-28T00:18:00+00:00
AIRFLOW_CTX_DAG_RUN_ID=scheduled__2024-09-28T00:18:00+00:00
[2024-09-28 14:56:11,019] {logging_mixin.py:103} INFO - this DAG started!
[2024-09-28 14:56:11,022] {python.py:118} INFO - Done. Returned value was: None
[2024-09-28 14:56:11,094] {taskinstance.py:1142} INFO - Marking task as SUCCESS. dag_id=impression_scraper_dag, task_id=start_task, execution_date=20240928T001800, start_date=20240928T145610, end_date=20240928T145611
[2024-09-28 14:56:11,342] {taskinstance.py:1195} INFO - 0 downstream tasks scheduled from follow-on schedule check
[2024-09-28 14:56:11,416] {local_task_job.py:118} INFO - Task exited with return code 0
