[2024-09-28 14:56:00,972] {taskinstance.py:826} INFO - Dependencies all met for <TaskInstance: impression_scraper_dag.start_task 2024-09-28T00:12:00+00:00 [queued]>
[2024-09-28 14:56:01,047] {taskinstance.py:826} INFO - Dependencies all met for <TaskInstance: impression_scraper_dag.start_task 2024-09-28T00:12:00+00:00 [queued]>
[2024-09-28 14:56:01,049] {taskinstance.py:1017} INFO - 
--------------------------------------------------------------------------------
[2024-09-28 14:56:01,054] {taskinstance.py:1018} INFO - Starting attempt 1 of 1
[2024-09-28 14:56:01,057] {taskinstance.py:1019} INFO - 
--------------------------------------------------------------------------------
[2024-09-28 14:56:01,102] {taskinstance.py:1038} INFO - Executing <Task(PythonOperator): start_task> on 2024-09-28T00:12:00+00:00
[2024-09-28 14:56:01,117] {standard_task_runner.py:51} INFO - Started process 1020 to run task
[2024-09-28 14:56:01,143] {standard_task_runner.py:75} INFO - Running: ['airflow', 'tasks', 'run', 'impression_scraper_dag', 'start_task', '2024-09-28T00:12:00+00:00', '--job-id', '11', '--pool', 'default_pool', '--raw', '--subdir', 'DAGS_FOLDER/impression.py', '--cfg-path', '/tmp/tmpylxxkppg']
[2024-09-28 14:56:01,175] {standard_task_runner.py:76} INFO - Job 11: Subtask start_task
[2024-09-28 14:56:01,415] {logging_mixin.py:103} INFO - Running <TaskInstance: impression_scraper_dag.start_task 2024-09-28T00:12:00+00:00 [running]> on host 5b025337d441
[2024-09-28 14:56:01,827] {taskinstance.py:1232} INFO - Exporting the following env vars:
AIRFLOW_CTX_DAG_OWNER=test_user
AIRFLOW_CTX_DAG_ID=impression_scraper_dag
AIRFLOW_CTX_TASK_ID=start_task
AIRFLOW_CTX_EXECUTION_DATE=2024-09-28T00:12:00+00:00
AIRFLOW_CTX_DAG_RUN_ID=scheduled__2024-09-28T00:12:00+00:00
[2024-09-28 14:56:01,833] {logging_mixin.py:103} INFO - this DAG started!
[2024-09-28 14:56:01,834] {python.py:118} INFO - Done. Returned value was: None
[2024-09-28 14:56:01,905] {taskinstance.py:1142} INFO - Marking task as SUCCESS. dag_id=impression_scraper_dag, task_id=start_task, execution_date=20240928T001200, start_date=20240928T145600, end_date=20240928T145601
[2024-09-28 14:56:02,417] {taskinstance.py:1195} INFO - 0 downstream tasks scheduled from follow-on schedule check
[2024-09-28 14:56:02,498] {local_task_job.py:118} INFO - Task exited with return code 0
