[2024-09-28 14:56:03,981] {taskinstance.py:826} INFO - Dependencies all met for <TaskInstance: impression_scraper_dag.start_task 2024-09-28T00:14:00+00:00 [queued]>
[2024-09-28 14:56:04,096] {taskinstance.py:826} INFO - Dependencies all met for <TaskInstance: impression_scraper_dag.start_task 2024-09-28T00:14:00+00:00 [queued]>
[2024-09-28 14:56:04,097] {taskinstance.py:1017} INFO - 
--------------------------------------------------------------------------------
[2024-09-28 14:56:04,098] {taskinstance.py:1018} INFO - Starting attempt 1 of 1
[2024-09-28 14:56:04,100] {taskinstance.py:1019} INFO - 
--------------------------------------------------------------------------------
[2024-09-28 14:56:04,155] {taskinstance.py:1038} INFO - Executing <Task(PythonOperator): start_task> on 2024-09-28T00:14:00+00:00
[2024-09-28 14:56:04,172] {standard_task_runner.py:51} INFO - Started process 1065 to run task
[2024-09-28 14:56:04,196] {standard_task_runner.py:75} INFO - Running: ['airflow', 'tasks', 'run', 'impression_scraper_dag', 'start_task', '2024-09-28T00:14:00+00:00', '--job-id', '17', '--pool', 'default_pool', '--raw', '--subdir', 'DAGS_FOLDER/impression.py', '--cfg-path', '/tmp/tmp85vn4mvl']
[2024-09-28 14:56:04,224] {standard_task_runner.py:76} INFO - Job 17: Subtask start_task
[2024-09-28 14:56:04,544] {logging_mixin.py:103} INFO - Running <TaskInstance: impression_scraper_dag.start_task 2024-09-28T00:14:00+00:00 [running]> on host 5b025337d441
[2024-09-28 14:56:04,878] {taskinstance.py:1232} INFO - Exporting the following env vars:
AIRFLOW_CTX_DAG_OWNER=test_user
AIRFLOW_CTX_DAG_ID=impression_scraper_dag
AIRFLOW_CTX_TASK_ID=start_task
AIRFLOW_CTX_EXECUTION_DATE=2024-09-28T00:14:00+00:00
AIRFLOW_CTX_DAG_RUN_ID=scheduled__2024-09-28T00:14:00+00:00
[2024-09-28 14:56:04,884] {logging_mixin.py:103} INFO - this DAG started!
[2024-09-28 14:56:04,886] {python.py:118} INFO - Done. Returned value was: None
[2024-09-28 14:56:05,017] {taskinstance.py:1142} INFO - Marking task as SUCCESS. dag_id=impression_scraper_dag, task_id=start_task, execution_date=20240928T001400, start_date=20240928T145604, end_date=20240928T145605
[2024-09-28 14:56:05,171] {taskinstance.py:1195} INFO - 0 downstream tasks scheduled from follow-on schedule check
[2024-09-28 14:56:05,233] {local_task_job.py:118} INFO - Task exited with return code 0
