[2024-09-28 14:56:07,974] {taskinstance.py:826} INFO - Dependencies all met for <TaskInstance: impression_scraper_dag.start_task 2024-09-28T00:17:00+00:00 [queued]>
[2024-09-28 14:56:08,003] {taskinstance.py:826} INFO - Dependencies all met for <TaskInstance: impression_scraper_dag.start_task 2024-09-28T00:17:00+00:00 [queued]>
[2024-09-28 14:56:08,003] {taskinstance.py:1017} INFO - 
--------------------------------------------------------------------------------
[2024-09-28 14:56:08,004] {taskinstance.py:1018} INFO - Starting attempt 1 of 1
[2024-09-28 14:56:08,004] {taskinstance.py:1019} INFO - 
--------------------------------------------------------------------------------
[2024-09-28 14:56:08,017] {taskinstance.py:1038} INFO - Executing <Task(PythonOperator): start_task> on 2024-09-28T00:17:00+00:00
[2024-09-28 14:56:08,024] {standard_task_runner.py:51} INFO - Started process 1127 to run task
[2024-09-28 14:56:08,030] {standard_task_runner.py:75} INFO - Running: ['airflow', 'tasks', 'run', 'impression_scraper_dag', 'start_task', '2024-09-28T00:17:00+00:00', '--job-id', '19', '--pool', 'default_pool', '--raw', '--subdir', 'DAGS_FOLDER/impression.py', '--cfg-path', '/tmp/tmpylyofsjy']
[2024-09-28 14:56:08,037] {standard_task_runner.py:76} INFO - Job 19: Subtask start_task
[2024-09-28 14:56:08,115] {logging_mixin.py:103} INFO - Running <TaskInstance: impression_scraper_dag.start_task 2024-09-28T00:17:00+00:00 [running]> on host 5b025337d441
[2024-09-28 14:56:08,176] {taskinstance.py:1232} INFO - Exporting the following env vars:
AIRFLOW_CTX_DAG_OWNER=test_user
AIRFLOW_CTX_DAG_ID=impression_scraper_dag
AIRFLOW_CTX_TASK_ID=start_task
AIRFLOW_CTX_EXECUTION_DATE=2024-09-28T00:17:00+00:00
AIRFLOW_CTX_DAG_RUN_ID=scheduled__2024-09-28T00:17:00+00:00
[2024-09-28 14:56:08,177] {logging_mixin.py:103} INFO - this DAG started!
[2024-09-28 14:56:08,178] {python.py:118} INFO - Done. Returned value was: None
[2024-09-28 14:56:08,190] {taskinstance.py:1142} INFO - Marking task as SUCCESS. dag_id=impression_scraper_dag, task_id=start_task, execution_date=20240928T001700, start_date=20240928T145607, end_date=20240928T145608
[2024-09-28 14:56:08,224] {taskinstance.py:1195} INFO - 0 downstream tasks scheduled from follow-on schedule check
[2024-09-28 14:56:08,244] {local_task_job.py:118} INFO - Task exited with return code 0
