[2024-09-28T21:52:08.309+0000] {local_task_job_runner.py:123} INFO - ::group::Pre task execution logs
[2024-09-28T21:52:08.348+0000] {taskinstance.py:2612} INFO - Dependencies all met for dep_context=non-requeueable deps ti=<TaskInstance: impression_scraper_dag.scraper_task scheduled__2024-09-28T21:51:00+00:00 [queued]>
[2024-09-28T21:52:08.376+0000] {taskinstance.py:2612} INFO - Dependencies all met for dep_context=requeueable deps ti=<TaskInstance: impression_scraper_dag.scraper_task scheduled__2024-09-28T21:51:00+00:00 [queued]>
[2024-09-28T21:52:08.377+0000] {taskinstance.py:2865} INFO - Starting attempt 1 of 1
[2024-09-28T21:52:08.422+0000] {taskinstance.py:2888} INFO - Executing <Task(PythonOperator): scraper_task> on 2024-09-28 21:51:00+00:00
[2024-09-28T21:52:08.470+0000] {standard_task_runner.py:104} INFO - Running: ['***', 'tasks', 'run', 'impression_scraper_dag', 'scraper_task', 'scheduled__2024-09-28T21:51:00+00:00', '--job-id', '5', '--raw', '--subdir', 'DAGS_FOLDER/impression.py', '--cfg-path', '/tmp/tmpevh9390y']
[2024-09-28T21:52:08.491+0000] {standard_task_runner.py:105} INFO - Job 5: Subtask scraper_task
[2024-09-28T21:52:08.500+0000] {logging_mixin.py:190} WARNING - /home/***/.local/lib/python3.12/site-packages/***/task/task_runner/standard_task_runner.py:70 DeprecationWarning: This process (pid=240) is multi-threaded, use of fork() may lead to deadlocks in the child.
[2024-09-28T21:52:08.522+0000] {standard_task_runner.py:72} INFO - Started process 244 to run task
[2024-09-28T21:52:08.713+0000] {task_command.py:467} INFO - Running <TaskInstance: impression_scraper_dag.scraper_task scheduled__2024-09-28T21:51:00+00:00 [running]> on host 5c167d2bbfbd
[2024-09-28T21:52:08.945+0000] {taskinstance.py:3131} INFO - Exporting env vars: AIRFLOW_CTX_DAG_OWNER='***' AIRFLOW_CTX_DAG_ID='impression_scraper_dag' AIRFLOW_CTX_TASK_ID='scraper_task' AIRFLOW_CTX_EXECUTION_DATE='2024-09-28T21:51:00+00:00' AIRFLOW_CTX_TRY_NUMBER='1' AIRFLOW_CTX_DAG_RUN_ID='scheduled__2024-09-28T21:51:00+00:00'
[2024-09-28T21:52:08.948+0000] {taskinstance.py:731} INFO - ::endgroup::
[2024-09-28T21:52:09.195+0000] {_client.py:1026} INFO - HTTP Request: GET https://www.givingeurope.com/nl/nl/ "HTTP/1.1 200 OK"
[2024-09-28T21:52:09.273+0000] {logging_mixin.py:190} INFO - There are still 158 urls to be scraped.
[2024-09-28T21:52:09.466+0000] {_client.py:1026} INFO - HTTP Request: GET https://www.givingeurope.com/nl/nl/all-products/tassen-reizen/rugtassen/rugtassen?p=1&product_list_limit=48 "HTTP/1.1 200 OK"
[2024-09-28T21:52:09.573+0000] {logging_mixin.py:190} INFO - This is page number 1.
[2024-09-28T21:52:09.940+0000] {_client.py:1026} INFO - HTTP Request: GET https://components.givingeurope.com/api/v1/products/927/configurator?locale=nl_NL&layout=wholesale "HTTP/1.1 200 OK"
[2024-09-28T21:52:10.204+0000] {_client.py:1026} INFO - HTTP Request: GET https://components.givingeurope.com/api/v1/products/927/configurator?locale=nl_NL&layout=wholesale "HTTP/1.1 200 OK"
[2024-09-28T21:52:10.515+0000] {_client.py:1026} INFO - HTTP Request: GET https://components.givingeurope.com/api/v1/products/970950/configurator?locale=nl_NL&layout=wholesale "HTTP/1.1 200 OK"
[2024-09-28T21:52:10.809+0000] {_client.py:1026} INFO - HTTP Request: GET https://components.givingeurope.com/api/v1/products/970950/configurator?locale=nl_NL&layout=wholesale "HTTP/1.1 200 OK"
[2024-09-28T21:52:11.133+0000] {_client.py:1026} INFO - HTTP Request: GET https://components.givingeurope.com/api/v1/products/1024159/configurator?locale=nl_NL&layout=wholesale "HTTP/1.1 200 OK"
[2024-09-28T21:52:11.453+0000] {_client.py:1026} INFO - HTTP Request: GET https://components.givingeurope.com/api/v1/products/1024159/configurator?locale=nl_NL&layout=wholesale "HTTP/1.1 200 OK"
[2024-09-28T21:52:11.777+0000] {_client.py:1026} INFO - HTTP Request: GET https://components.givingeurope.com/api/v1/products/1024149/configurator?locale=nl_NL&layout=wholesale "HTTP/1.1 200 OK"
[2024-09-28T21:52:12.049+0000] {_client.py:1026} INFO - HTTP Request: GET https://components.givingeurope.com/api/v1/products/1024149/configurator?locale=nl_NL&layout=wholesale "HTTP/1.1 200 OK"
[2024-09-28T21:52:12.442+0000] {_client.py:1026} INFO - HTTP Request: GET https://components.givingeurope.com/api/v1/products/1041621/configurator?locale=nl_NL&layout=wholesale "HTTP/1.1 200 OK"
[2024-09-28T21:52:12.805+0000] {_client.py:1026} INFO - HTTP Request: GET https://components.givingeurope.com/api/v1/products/1041621/configurator?locale=nl_NL&layout=wholesale "HTTP/1.1 200 OK"
[2024-09-28T21:52:13.236+0000] {_client.py:1026} INFO - HTTP Request: GET https://components.givingeurope.com/api/v1/products/1024156/configurator?locale=nl_NL&layout=wholesale "HTTP/1.1 200 OK"
[2024-09-28T21:52:13.504+0000] {_client.py:1026} INFO - HTTP Request: GET https://components.givingeurope.com/api/v1/products/1024156/configurator?locale=nl_NL&layout=wholesale "HTTP/1.1 200 OK"
[2024-09-28T21:52:13.859+0000] {_client.py:1026} INFO - HTTP Request: GET https://components.givingeurope.com/api/v1/products/1024147/configurator?locale=nl_NL&layout=wholesale "HTTP/1.1 200 OK"
[2024-09-28T21:52:14.217+0000] {_client.py:1026} INFO - HTTP Request: GET https://components.givingeurope.com/api/v1/products/1024147/configurator?locale=nl_NL&layout=wholesale "HTTP/1.1 200 OK"
[2024-09-28T21:52:14.574+0000] {_client.py:1026} INFO - HTTP Request: GET https://components.givingeurope.com/api/v1/products/967421/configurator?locale=nl_NL&layout=wholesale "HTTP/1.1 200 OK"
[2024-09-28T21:52:14.947+0000] {_client.py:1026} INFO - HTTP Request: GET https://components.givingeurope.com/api/v1/products/967421/configurator?locale=nl_NL&layout=wholesale "HTTP/1.1 200 OK"
[2024-09-28T21:52:15.273+0000] {_client.py:1026} INFO - HTTP Request: GET https://components.givingeurope.com/api/v1/products/1024154/configurator?locale=nl_NL&layout=wholesale "HTTP/1.1 200 OK"
[2024-09-28T21:52:15.491+0000] {_client.py:1026} INFO - HTTP Request: GET https://components.givingeurope.com/api/v1/products/1024154/configurator?locale=nl_NL&layout=wholesale "HTTP/1.1 200 OK"
[2024-09-28T21:52:15.762+0000] {_client.py:1026} INFO - HTTP Request: GET https://components.givingeurope.com/api/v1/products/1041628/configurator?locale=nl_NL&layout=wholesale "HTTP/1.1 200 OK"
[2024-09-28T21:52:15.964+0000] {_client.py:1026} INFO - HTTP Request: GET https://components.givingeurope.com/api/v1/products/1041628/configurator?locale=nl_NL&layout=wholesale "HTTP/1.1 200 OK"
[2024-09-28T21:52:16.329+0000] {_client.py:1026} INFO - HTTP Request: GET https://components.givingeurope.com/api/v1/products/7097/configurator?locale=nl_NL&layout=wholesale "HTTP/1.1 200 OK"
[2024-09-28T21:52:16.654+0000] {_client.py:1026} INFO - HTTP Request: GET https://components.givingeurope.com/api/v1/products/7097/configurator?locale=nl_NL&layout=wholesale "HTTP/1.1 200 OK"
[2024-09-28T21:52:16.967+0000] {_client.py:1026} INFO - HTTP Request: GET https://components.givingeurope.com/api/v1/products/7879/configurator?locale=nl_NL&layout=wholesale "HTTP/1.1 200 OK"
[2024-09-28T21:52:17.251+0000] {_client.py:1026} INFO - HTTP Request: GET https://components.givingeurope.com/api/v1/products/7879/configurator?locale=nl_NL&layout=wholesale "HTTP/1.1 200 OK"
[2024-09-28T21:52:17.643+0000] {_client.py:1026} INFO - HTTP Request: GET https://components.givingeurope.com/api/v1/products/7398/configurator?locale=nl_NL&layout=wholesale "HTTP/1.1 200 OK"
[2024-09-28T21:52:17.890+0000] {_client.py:1026} INFO - HTTP Request: GET https://components.givingeurope.com/api/v1/products/7398/configurator?locale=nl_NL&layout=wholesale "HTTP/1.1 200 OK"
[2024-09-28T21:52:18.172+0000] {_client.py:1026} INFO - HTTP Request: GET https://components.givingeurope.com/api/v1/products/4585/configurator?locale=nl_NL&layout=wholesale "HTTP/1.1 200 OK"
[2024-09-28T21:52:18.360+0000] {_client.py:1026} INFO - HTTP Request: GET https://components.givingeurope.com/api/v1/products/4585/configurator?locale=nl_NL&layout=wholesale "HTTP/1.1 200 OK"
[2024-09-28T21:52:18.677+0000] {_client.py:1026} INFO - HTTP Request: GET https://components.givingeurope.com/api/v1/products/6232/configurator?locale=nl_NL&layout=wholesale "HTTP/1.1 200 OK"
[2024-09-28T21:52:19.043+0000] {_client.py:1026} INFO - HTTP Request: GET https://components.givingeurope.com/api/v1/products/6232/configurator?locale=nl_NL&layout=wholesale "HTTP/1.1 200 OK"
[2024-09-28T21:52:19.452+0000] {_client.py:1026} INFO - HTTP Request: GET https://components.givingeurope.com/api/v1/products/5622/configurator?locale=nl_NL&layout=wholesale "HTTP/1.1 200 OK"
[2024-09-28T21:52:19.872+0000] {_client.py:1026} INFO - HTTP Request: GET https://components.givingeurope.com/api/v1/products/5622/configurator?locale=nl_NL&layout=wholesale "HTTP/1.1 200 OK"
[2024-09-28T21:52:20.177+0000] {_client.py:1026} INFO - HTTP Request: GET https://components.givingeurope.com/api/v1/products/9003/configurator?locale=nl_NL&layout=wholesale "HTTP/1.1 200 OK"
[2024-09-28T21:52:20.455+0000] {_client.py:1026} INFO - HTTP Request: GET https://components.givingeurope.com/api/v1/products/9003/configurator?locale=nl_NL&layout=wholesale "HTTP/1.1 200 OK"
[2024-09-28T21:52:20.860+0000] {_client.py:1026} INFO - HTTP Request: GET https://components.givingeurope.com/api/v1/products/8996/configurator?locale=nl_NL&layout=wholesale "HTTP/1.1 200 OK"
[2024-09-28T21:52:21.068+0000] {_client.py:1026} INFO - HTTP Request: GET https://components.givingeurope.com/api/v1/products/8996/configurator?locale=nl_NL&layout=wholesale "HTTP/1.1 200 OK"
[2024-09-28T21:52:21.411+0000] {_client.py:1026} INFO - HTTP Request: GET https://components.givingeurope.com/api/v1/products/6238/configurator?locale=nl_NL&layout=wholesale "HTTP/1.1 200 OK"
[2024-09-28T21:52:21.780+0000] {_client.py:1026} INFO - HTTP Request: GET https://components.givingeurope.com/api/v1/products/6238/configurator?locale=nl_NL&layout=wholesale "HTTP/1.1 200 OK"
[2024-09-28T21:52:22.169+0000] {_client.py:1026} INFO - HTTP Request: GET https://components.givingeurope.com/api/v1/products/864735/configurator?locale=nl_NL&layout=wholesale "HTTP/1.1 200 OK"
[2024-09-28T21:52:22.570+0000] {_client.py:1026} INFO - HTTP Request: GET https://components.givingeurope.com/api/v1/products/864735/configurator?locale=nl_NL&layout=wholesale "HTTP/1.1 200 OK"
[2024-09-28T21:52:22.889+0000] {_client.py:1026} INFO - HTTP Request: GET https://components.givingeurope.com/api/v1/products/9335/configurator?locale=nl_NL&layout=wholesale "HTTP/1.1 200 OK"
[2024-09-28T21:52:23.126+0000] {_client.py:1026} INFO - HTTP Request: GET https://components.givingeurope.com/api/v1/products/9335/configurator?locale=nl_NL&layout=wholesale "HTTP/1.1 200 OK"
[2024-09-28T21:52:23.450+0000] {_client.py:1026} INFO - HTTP Request: GET https://components.givingeurope.com/api/v1/products/1014868/configurator?locale=nl_NL&layout=wholesale "HTTP/1.1 200 OK"
[2024-09-28T21:52:23.748+0000] {_client.py:1026} INFO - HTTP Request: GET https://components.givingeurope.com/api/v1/products/1014868/configurator?locale=nl_NL&layout=wholesale "HTTP/1.1 200 OK"
[2024-09-28T21:52:24.162+0000] {_client.py:1026} INFO - HTTP Request: GET https://components.givingeurope.com/api/v1/products/1014887/configurator?locale=nl_NL&layout=wholesale "HTTP/1.1 200 OK"
[2024-09-28T21:52:24.415+0000] {_client.py:1026} INFO - HTTP Request: GET https://components.givingeurope.com/api/v1/products/1014887/configurator?locale=nl_NL&layout=wholesale "HTTP/1.1 200 OK"
[2024-09-28T21:52:24.715+0000] {_client.py:1026} INFO - HTTP Request: GET https://components.givingeurope.com/api/v1/products/1014895/configurator?locale=nl_NL&layout=wholesale "HTTP/1.1 200 OK"
[2024-09-28T21:52:24.974+0000] {_client.py:1026} INFO - HTTP Request: GET https://components.givingeurope.com/api/v1/products/1014895/configurator?locale=nl_NL&layout=wholesale "HTTP/1.1 200 OK"
[2024-09-28T21:52:25.323+0000] {_client.py:1026} INFO - HTTP Request: GET https://components.givingeurope.com/api/v1/products/7852/configurator?locale=nl_NL&layout=wholesale "HTTP/1.1 200 OK"
[2024-09-28T21:52:25.577+0000] {_client.py:1026} INFO - HTTP Request: GET https://components.givingeurope.com/api/v1/products/7852/configurator?locale=nl_NL&layout=wholesale "HTTP/1.1 200 OK"
[2024-09-28T21:52:26.035+0000] {_client.py:1026} INFO - HTTP Request: GET https://components.givingeurope.com/api/v1/products/8552/configurator?locale=nl_NL&layout=wholesale "HTTP/1.1 200 OK"
[2024-09-28T21:52:26.377+0000] {_client.py:1026} INFO - HTTP Request: GET https://components.givingeurope.com/api/v1/products/8552/configurator?locale=nl_NL&layout=wholesale "HTTP/1.1 200 OK"
[2024-09-28T21:52:26.798+0000] {_client.py:1026} INFO - HTTP Request: GET https://components.givingeurope.com/api/v1/products/8712/configurator?locale=nl_NL&layout=wholesale "HTTP/1.1 200 OK"
[2024-09-28T21:52:26.986+0000] {_client.py:1026} INFO - HTTP Request: GET https://components.givingeurope.com/api/v1/products/8712/configurator?locale=nl_NL&layout=wholesale "HTTP/1.1 200 OK"
[2024-09-28T21:52:27.240+0000] {_client.py:1026} INFO - HTTP Request: GET https://components.givingeurope.com/api/v1/products/3576/configurator?locale=nl_NL&layout=wholesale "HTTP/1.1 200 OK"
[2024-09-28T21:52:27.460+0000] {_client.py:1026} INFO - HTTP Request: GET https://components.givingeurope.com/api/v1/products/3576/configurator?locale=nl_NL&layout=wholesale "HTTP/1.1 200 OK"
[2024-09-28T21:52:27.735+0000] {_client.py:1026} INFO - HTTP Request: GET https://components.givingeurope.com/api/v1/products/9170/configurator?locale=nl_NL&layout=wholesale "HTTP/1.1 200 OK"
[2024-09-28T21:52:28.038+0000] {_client.py:1026} INFO - HTTP Request: GET https://components.givingeurope.com/api/v1/products/9170/configurator?locale=nl_NL&layout=wholesale "HTTP/1.1 200 OK"
[2024-09-28T21:52:28.428+0000] {_client.py:1026} INFO - HTTP Request: GET https://components.givingeurope.com/api/v1/products/9266/configurator?locale=nl_NL&layout=wholesale "HTTP/1.1 200 OK"
[2024-09-28T21:52:28.741+0000] {_client.py:1026} INFO - HTTP Request: GET https://components.givingeurope.com/api/v1/products/9266/configurator?locale=nl_NL&layout=wholesale "HTTP/1.1 200 OK"
[2024-09-28T21:52:29.028+0000] {_client.py:1026} INFO - HTTP Request: GET https://components.givingeurope.com/api/v1/products/9261/configurator?locale=nl_NL&layout=wholesale "HTTP/1.1 200 OK"
[2024-09-28T21:52:29.268+0000] {_client.py:1026} INFO - HTTP Request: GET https://components.givingeurope.com/api/v1/products/9261/configurator?locale=nl_NL&layout=wholesale "HTTP/1.1 200 OK"
[2024-09-28T21:52:29.515+0000] {_client.py:1026} INFO - HTTP Request: GET https://components.givingeurope.com/api/v1/products/967399/configurator?locale=nl_NL&layout=wholesale "HTTP/1.1 200 OK"
[2024-09-28T21:52:29.844+0000] {_client.py:1026} INFO - HTTP Request: GET https://components.givingeurope.com/api/v1/products/967399/configurator?locale=nl_NL&layout=wholesale "HTTP/1.1 200 OK"
[2024-09-28T21:52:30.128+0000] {_client.py:1026} INFO - HTTP Request: GET https://components.givingeurope.com/api/v1/products/9155/configurator?locale=nl_NL&layout=wholesale "HTTP/1.1 200 OK"
[2024-09-28T21:52:30.354+0000] {_client.py:1026} INFO - HTTP Request: GET https://components.givingeurope.com/api/v1/products/9155/configurator?locale=nl_NL&layout=wholesale "HTTP/1.1 200 OK"
[2024-09-28T21:52:30.653+0000] {_client.py:1026} INFO - HTTP Request: GET https://components.givingeurope.com/api/v1/products/1015144/configurator?locale=nl_NL&layout=wholesale "HTTP/1.1 200 OK"
[2024-09-28T21:52:31.123+0000] {_client.py:1026} INFO - HTTP Request: GET https://components.givingeurope.com/api/v1/products/1015144/configurator?locale=nl_NL&layout=wholesale "HTTP/1.1 200 OK"
[2024-09-28T21:52:31.402+0000] {_client.py:1026} INFO - HTTP Request: GET https://components.givingeurope.com/api/v1/products/1015154/configurator?locale=nl_NL&layout=wholesale "HTTP/1.1 200 OK"
[2024-09-28T21:52:31.612+0000] {_client.py:1026} INFO - HTTP Request: GET https://components.givingeurope.com/api/v1/products/1015154/configurator?locale=nl_NL&layout=wholesale "HTTP/1.1 200 OK"
[2024-09-28T21:52:31.986+0000] {_client.py:1026} INFO - HTTP Request: GET https://components.givingeurope.com/api/v1/products/1015155/configurator?locale=nl_NL&layout=wholesale "HTTP/1.1 200 OK"
[2024-09-28T21:52:32.331+0000] {_client.py:1026} INFO - HTTP Request: GET https://components.givingeurope.com/api/v1/products/1015155/configurator?locale=nl_NL&layout=wholesale "HTTP/1.1 200 OK"
[2024-09-28T21:52:32.612+0000] {_client.py:1026} INFO - HTTP Request: GET https://components.givingeurope.com/api/v1/products/818450/configurator?locale=nl_NL&layout=wholesale "HTTP/1.1 200 OK"
[2024-09-28T21:52:32.872+0000] {_client.py:1026} INFO - HTTP Request: GET https://components.givingeurope.com/api/v1/products/818450/configurator?locale=nl_NL&layout=wholesale "HTTP/1.1 200 OK"
[2024-09-28T21:52:33.154+0000] {_client.py:1026} INFO - HTTP Request: GET https://components.givingeurope.com/api/v1/products/7909/configurator?locale=nl_NL&layout=wholesale "HTTP/1.1 200 OK"
[2024-09-28T21:52:33.494+0000] {_client.py:1026} INFO - HTTP Request: GET https://components.givingeurope.com/api/v1/products/7909/configurator?locale=nl_NL&layout=wholesale "HTTP/1.1 200 OK"
[2024-09-28T21:52:33.880+0000] {_client.py:1026} INFO - HTTP Request: GET https://components.givingeurope.com/api/v1/products/8849/configurator?locale=nl_NL&layout=wholesale "HTTP/1.1 200 OK"
[2024-09-28T21:52:34.241+0000] {_client.py:1026} INFO - HTTP Request: GET https://components.givingeurope.com/api/v1/products/8849/configurator?locale=nl_NL&layout=wholesale "HTTP/1.1 200 OK"
[2024-09-28T21:52:34.518+0000] {_client.py:1026} INFO - HTTP Request: GET https://components.givingeurope.com/api/v1/products/946/configurator?locale=nl_NL&layout=wholesale "HTTP/1.1 200 OK"
[2024-09-28T21:52:34.962+0000] {_client.py:1026} INFO - HTTP Request: GET https://components.givingeurope.com/api/v1/products/946/configurator?locale=nl_NL&layout=wholesale "HTTP/1.1 200 OK"
[2024-09-28T21:52:35.426+0000] {_client.py:1026} INFO - HTTP Request: GET https://components.givingeurope.com/api/v1/products/432545/configurator?locale=nl_NL&layout=wholesale "HTTP/1.1 200 OK"
[2024-09-28T21:52:35.863+0000] {_client.py:1026} INFO - HTTP Request: GET https://components.givingeurope.com/api/v1/products/432545/configurator?locale=nl_NL&layout=wholesale "HTTP/1.1 200 OK"
[2024-09-28T21:52:36.143+0000] {_client.py:1026} INFO - HTTP Request: GET https://components.givingeurope.com/api/v1/products/818599/configurator?locale=nl_NL&layout=wholesale "HTTP/1.1 200 OK"
[2024-09-28T21:52:36.559+0000] {_client.py:1026} INFO - HTTP Request: GET https://components.givingeurope.com/api/v1/products/818599/configurator?locale=nl_NL&layout=wholesale "HTTP/1.1 200 OK"
[2024-09-28T21:52:36.983+0000] {_client.py:1026} INFO - HTTP Request: GET https://components.givingeurope.com/api/v1/products/8692/configurator?locale=nl_NL&layout=wholesale "HTTP/1.1 200 OK"
[2024-09-28T21:52:37.348+0000] {_client.py:1026} INFO - HTTP Request: GET https://components.givingeurope.com/api/v1/products/8692/configurator?locale=nl_NL&layout=wholesale "HTTP/1.1 200 OK"
[2024-09-28T21:52:37.760+0000] {_client.py:1026} INFO - HTTP Request: GET https://components.givingeurope.com/api/v1/products/8456/configurator?locale=nl_NL&layout=wholesale "HTTP/1.1 200 OK"
[2024-09-28T21:52:38.175+0000] {_client.py:1026} INFO - HTTP Request: GET https://components.givingeurope.com/api/v1/products/8456/configurator?locale=nl_NL&layout=wholesale "HTTP/1.1 200 OK"
[2024-09-28T21:52:38.487+0000] {_client.py:1026} INFO - HTTP Request: GET https://components.givingeurope.com/api/v1/products/9166/configurator?locale=nl_NL&layout=wholesale "HTTP/1.1 200 OK"
[2024-09-28T21:52:38.884+0000] {_client.py:1026} INFO - HTTP Request: GET https://components.givingeurope.com/api/v1/products/9166/configurator?locale=nl_NL&layout=wholesale "HTTP/1.1 200 OK"
[2024-09-28T21:52:39.358+0000] {_client.py:1026} INFO - HTTP Request: GET https://components.givingeurope.com/api/v1/products/1015156/configurator?locale=nl_NL&layout=wholesale "HTTP/1.1 200 OK"
[2024-09-28T21:52:39.595+0000] {_client.py:1026} INFO - HTTP Request: GET https://components.givingeurope.com/api/v1/products/1015156/configurator?locale=nl_NL&layout=wholesale "HTTP/1.1 200 OK"
[2024-09-28T21:52:40.047+0000] {_client.py:1026} INFO - HTTP Request: GET https://components.givingeurope.com/api/v1/products/1015157/configurator?locale=nl_NL&layout=wholesale "HTTP/1.1 200 OK"
[2024-09-28T21:52:40.398+0000] {_client.py:1026} INFO - HTTP Request: GET https://components.givingeurope.com/api/v1/products/1015157/configurator?locale=nl_NL&layout=wholesale "HTTP/1.1 200 OK"
[2024-09-28T21:52:40.652+0000] {_client.py:1026} INFO - HTTP Request: GET https://components.givingeurope.com/api/v1/products/1015161/configurator?locale=nl_NL&layout=wholesale "HTTP/1.1 200 OK"
[2024-09-28T21:52:40.911+0000] {_client.py:1026} INFO - HTTP Request: GET https://components.givingeurope.com/api/v1/products/1015161/configurator?locale=nl_NL&layout=wholesale "HTTP/1.1 200 OK"
[2024-09-28T21:52:41.915+0000] {logging_mixin.py:190} INFO - There are still 157 urls to be scraped.
[2024-09-28T21:52:42.280+0000] {_client.py:1026} INFO - HTTP Request: GET https://www.givingeurope.com/nl/nl/all-products/tassen-reizen/rugtassen/trekkoord-rugzakken?p=1&product_list_limit=48 "HTTP/1.1 200 OK"
[2024-09-28T21:52:42.346+0000] {logging_mixin.py:190} INFO - This is page number 1.
[2024-09-28T21:52:42.646+0000] {_client.py:1026} INFO - HTTP Request: GET https://components.givingeurope.com/api/v1/products/7909/configurator?locale=nl_NL&layout=wholesale "HTTP/1.1 200 OK"
[2024-09-28T21:52:43.116+0000] {_client.py:1026} INFO - HTTP Request: GET https://components.givingeurope.com/api/v1/products/7909/configurator?locale=nl_NL&layout=wholesale "HTTP/1.1 200 OK"
[2024-09-28T21:52:43.581+0000] {_client.py:1026} INFO - HTTP Request: GET https://components.givingeurope.com/api/v1/products/1015154/configurator?locale=nl_NL&layout=wholesale "HTTP/1.1 200 OK"
[2024-09-28T21:52:43.996+0000] {_client.py:1026} INFO - HTTP Request: GET https://components.givingeurope.com/api/v1/products/1015154/configurator?locale=nl_NL&layout=wholesale "HTTP/1.1 200 OK"
[2024-09-28T21:52:44.524+0000] {_client.py:1026} INFO - HTTP Request: GET https://components.givingeurope.com/api/v1/products/1041628/configurator?locale=nl_NL&layout=wholesale "HTTP/1.1 200 OK"
[2024-09-28T21:52:44.930+0000] {_client.py:1026} INFO - HTTP Request: GET https://components.givingeurope.com/api/v1/products/1041628/configurator?locale=nl_NL&layout=wholesale "HTTP/1.1 200 OK"
[2024-09-28T21:52:45.447+0000] {_client.py:1026} INFO - HTTP Request: GET https://components.givingeurope.com/api/v1/products/7097/configurator?locale=nl_NL&layout=wholesale "HTTP/1.1 200 OK"
[2024-09-28T21:52:45.675+0000] {_client.py:1026} INFO - HTTP Request: GET https://components.givingeurope.com/api/v1/products/7097/configurator?locale=nl_NL&layout=wholesale "HTTP/1.1 200 OK"
[2024-09-28T21:52:46.078+0000] {_client.py:1026} INFO - HTTP Request: GET https://components.givingeurope.com/api/v1/products/6232/configurator?locale=nl_NL&layout=wholesale "HTTP/1.1 200 OK"
[2024-09-28T21:52:46.455+0000] {_client.py:1026} INFO - HTTP Request: GET https://components.givingeurope.com/api/v1/products/6232/configurator?locale=nl_NL&layout=wholesale "HTTP/1.1 200 OK"
[2024-09-28T21:52:46.886+0000] {_client.py:1026} INFO - HTTP Request: GET https://components.givingeurope.com/api/v1/products/9003/configurator?locale=nl_NL&layout=wholesale "HTTP/1.1 200 OK"
[2024-09-28T21:52:47.164+0000] {_client.py:1026} INFO - HTTP Request: GET https://components.givingeurope.com/api/v1/products/9003/configurator?locale=nl_NL&layout=wholesale "HTTP/1.1 200 OK"
[2024-09-28T21:52:47.538+0000] {_client.py:1026} INFO - HTTP Request: GET https://components.givingeurope.com/api/v1/products/6238/configurator?locale=nl_NL&layout=wholesale "HTTP/1.1 200 OK"
[2024-09-28T21:52:47.852+0000] {_client.py:1026} INFO - HTTP Request: GET https://components.givingeurope.com/api/v1/products/6238/configurator?locale=nl_NL&layout=wholesale "HTTP/1.1 200 OK"
[2024-09-28T21:52:48.245+0000] {_client.py:1026} INFO - HTTP Request: GET https://components.givingeurope.com/api/v1/products/927/configurator?locale=nl_NL&layout=wholesale "HTTP/1.1 200 OK"
[2024-09-28T21:52:48.537+0000] {_client.py:1026} INFO - HTTP Request: GET https://components.givingeurope.com/api/v1/products/927/configurator?locale=nl_NL&layout=wholesale "HTTP/1.1 200 OK"
[2024-09-28T21:52:48.945+0000] {_client.py:1026} INFO - HTTP Request: GET https://components.givingeurope.com/api/v1/products/7852/configurator?locale=nl_NL&layout=wholesale "HTTP/1.1 200 OK"
[2024-09-28T21:52:49.347+0000] {_client.py:1026} INFO - HTTP Request: GET https://components.givingeurope.com/api/v1/products/7852/configurator?locale=nl_NL&layout=wholesale "HTTP/1.1 200 OK"
[2024-09-28T21:52:49.674+0000] {_client.py:1026} INFO - HTTP Request: GET https://components.givingeurope.com/api/v1/products/8712/configurator?locale=nl_NL&layout=wholesale "HTTP/1.1 200 OK"
[2024-09-28T21:52:50.066+0000] {_client.py:1026} INFO - HTTP Request: GET https://components.givingeurope.com/api/v1/products/8712/configurator?locale=nl_NL&layout=wholesale "HTTP/1.1 200 OK"
[2024-09-28T21:52:50.517+0000] {_client.py:1026} INFO - HTTP Request: GET https://components.givingeurope.com/api/v1/products/9261/configurator?locale=nl_NL&layout=wholesale "HTTP/1.1 200 OK"
[2024-09-28T21:52:50.872+0000] {_client.py:1026} INFO - HTTP Request: GET https://components.givingeurope.com/api/v1/products/9261/configurator?locale=nl_NL&layout=wholesale "HTTP/1.1 200 OK"
[2024-09-28T21:52:51.329+0000] {_client.py:1026} INFO - HTTP Request: GET https://components.givingeurope.com/api/v1/products/432545/configurator?locale=nl_NL&layout=wholesale "HTTP/1.1 200 OK"
[2024-09-28T21:52:51.578+0000] {_client.py:1026} INFO - HTTP Request: GET https://components.givingeurope.com/api/v1/products/432545/configurator?locale=nl_NL&layout=wholesale "HTTP/1.1 200 OK"
[2024-09-28T21:52:51.897+0000] {_client.py:1026} INFO - HTTP Request: GET https://components.givingeurope.com/api/v1/products/8692/configurator?locale=nl_NL&layout=wholesale "HTTP/1.1 200 OK"
[2024-09-28T21:52:52.291+0000] {_client.py:1026} INFO - HTTP Request: GET https://components.givingeurope.com/api/v1/products/8692/configurator?locale=nl_NL&layout=wholesale "HTTP/1.1 200 OK"
[2024-09-28T21:52:52.583+0000] {_client.py:1026} INFO - HTTP Request: GET https://components.givingeurope.com/api/v1/products/437832/configurator?locale=nl_NL&layout=wholesale "HTTP/1.1 200 OK"
[2024-09-28T21:52:52.959+0000] {_client.py:1026} INFO - HTTP Request: GET https://components.givingeurope.com/api/v1/products/437832/configurator?locale=nl_NL&layout=wholesale "HTTP/1.1 200 OK"
[2024-09-28T21:52:53.234+0000] {_client.py:1026} INFO - HTTP Request: GET https://components.givingeurope.com/api/v1/products/1015144/configurator?locale=nl_NL&layout=wholesale "HTTP/1.1 200 OK"
[2024-09-28T21:52:53.540+0000] {_client.py:1026} INFO - HTTP Request: GET https://components.givingeurope.com/api/v1/products/1015144/configurator?locale=nl_NL&layout=wholesale "HTTP/1.1 200 OK"
[2024-09-28T21:52:53.959+0000] {_client.py:1026} INFO - HTTP Request: GET https://components.givingeurope.com/api/v1/products/970950/configurator?locale=nl_NL&layout=wholesale "HTTP/1.1 200 OK"
[2024-09-28T21:52:54.174+0000] {_client.py:1026} INFO - HTTP Request: GET https://components.givingeurope.com/api/v1/products/970950/configurator?locale=nl_NL&layout=wholesale "HTTP/1.1 200 OK"
[2024-09-28T21:52:54.544+0000] {_client.py:1026} INFO - HTTP Request: GET https://components.givingeurope.com/api/v1/products/967392/configurator?locale=nl_NL&layout=wholesale "HTTP/1.1 200 OK"
[2024-09-28T21:52:54.941+0000] {_client.py:1026} INFO - HTTP Request: GET https://components.givingeurope.com/api/v1/products/967392/configurator?locale=nl_NL&layout=wholesale "HTTP/1.1 200 OK"
[2024-09-28T21:52:55.235+0000] {_client.py:1026} INFO - HTTP Request: GET https://components.givingeurope.com/api/v1/products/9062/configurator?locale=nl_NL&layout=wholesale "HTTP/1.1 200 OK"
[2024-09-28T21:52:55.560+0000] {_client.py:1026} INFO - HTTP Request: GET https://components.givingeurope.com/api/v1/products/9062/configurator?locale=nl_NL&layout=wholesale "HTTP/1.1 200 OK"
[2024-09-28T21:52:55.827+0000] {_client.py:1026} INFO - HTTP Request: GET https://components.givingeurope.com/api/v1/products/9263/configurator?locale=nl_NL&layout=wholesale "HTTP/1.1 200 OK"
[2024-09-28T21:52:56.121+0000] {_client.py:1026} INFO - HTTP Request: GET https://components.givingeurope.com/api/v1/products/9263/configurator?locale=nl_NL&layout=wholesale "HTTP/1.1 200 OK"
[2024-09-28T21:52:56.685+0000] {logging_mixin.py:190} INFO - Done. It took 0.7949641625086467 minutes
[2024-09-28T21:52:56.687+0000] {python.py:240} INFO - Done. Returned value was: None
[2024-09-28T21:52:56.724+0000] {taskinstance.py:340} INFO - ::group::Post task execution logs
[2024-09-28T21:52:56.726+0000] {taskinstance.py:352} INFO - Marking task as SUCCESS. dag_id=impression_scraper_dag, task_id=scraper_task, run_id=scheduled__2024-09-28T21:51:00+00:00, execution_date=20240928T215100, start_date=20240928T215208, end_date=20240928T215256
[2024-09-28T21:52:56.828+0000] {local_task_job_runner.py:266} INFO - Task exited with return code 0
[2024-09-28T21:52:56.912+0000] {taskinstance.py:3900} INFO - 0 downstream tasks scheduled from follow-on schedule check
[2024-09-28T21:52:56.920+0000] {local_task_job_runner.py:245} INFO - ::endgroup::
