[2024-10-01T15:41:35.610+0000] {local_task_job_runner.py:123} INFO - ::group::Pre task execution logs
[2024-10-01T15:41:35.634+0000] {taskinstance.py:2612} INFO - Dependencies all met for dep_context=non-requeueable deps ti=<TaskInstance: impression_scraper_dag.scraper_task manual__2024-10-01T15:41:31.832167+00:00 [queued]>
[2024-10-01T15:41:35.645+0000] {taskinstance.py:2612} INFO - Dependencies all met for dep_context=requeueable deps ti=<TaskInstance: impression_scraper_dag.scraper_task manual__2024-10-01T15:41:31.832167+00:00 [queued]>
[2024-10-01T15:41:35.646+0000] {taskinstance.py:2865} INFO - Starting attempt 1 of 1
[2024-10-01T15:41:35.660+0000] {taskinstance.py:2888} INFO - Executing <Task(PythonOperator): scraper_task> on 2024-10-01 15:41:31.832167+00:00
[2024-10-01T15:41:35.669+0000] {standard_task_runner.py:104} INFO - Running: ['***', 'tasks', 'run', 'impression_scraper_dag', 'scraper_task', 'manual__2024-10-01T15:41:31.832167+00:00', '--job-id', '3', '--raw', '--subdir', 'DAGS_FOLDER/impression.py', '--cfg-path', '/tmp/tmp3psw493f']
[2024-10-01T15:41:35.672+0000] {standard_task_runner.py:105} INFO - Job 3: Subtask scraper_task
[2024-10-01T15:41:35.672+0000] {logging_mixin.py:190} WARNING - /home/***/.local/lib/python3.12/site-packages/***/task/task_runner/standard_task_runner.py:70 DeprecationWarning: This process (pid=210) is multi-threaded, use of fork() may lead to deadlocks in the child.
[2024-10-01T15:41:35.673+0000] {standard_task_runner.py:72} INFO - Started process 212 to run task
[2024-10-01T15:41:35.756+0000] {task_command.py:467} INFO - Running <TaskInstance: impression_scraper_dag.scraper_task manual__2024-10-01T15:41:31.832167+00:00 [running]> on host a9a86c1c1c45
[2024-10-01T15:41:35.882+0000] {taskinstance.py:3131} INFO - Exporting env vars: AIRFLOW_CTX_DAG_OWNER='***' AIRFLOW_CTX_DAG_ID='impression_scraper_dag' AIRFLOW_CTX_TASK_ID='scraper_task' AIRFLOW_CTX_EXECUTION_DATE='2024-10-01T15:41:31.832167+00:00' AIRFLOW_CTX_TRY_NUMBER='1' AIRFLOW_CTX_DAG_RUN_ID='manual__2024-10-01T15:41:31.832167+00:00'
[2024-10-01T15:41:35.884+0000] {taskinstance.py:731} INFO - ::endgroup::
[2024-10-01T15:41:36.100+0000] {_client.py:1026} INFO - HTTP Request: GET https://www.givingeurope.com/nl/nl/ "HTTP/1.1 200 OK"
[2024-10-01T15:41:36.148+0000] {logging_mixin.py:190} INFO - There are still 158 urls to be scraped.
[2024-10-01T15:41:36.263+0000] {_client.py:1026} INFO - HTTP Request: GET https://www.givingeurope.com/nl/nl/all-products/tassen-reizen/rugtassen/rugtassen?p=1&product_list_limit=48 "HTTP/1.1 200 OK"
[2024-10-01T15:41:36.318+0000] {logging_mixin.py:190} INFO - This is page number 1.
[2024-10-01T15:41:36.558+0000] {_client.py:1026} INFO - HTTP Request: GET https://components.givingeurope.com/api/v1/products/970950/configurator?locale=nl_NL&layout=wholesale "HTTP/1.1 200 OK"
[2024-10-01T15:41:36.737+0000] {_client.py:1026} INFO - HTTP Request: GET https://components.givingeurope.com/api/v1/products/970950/configurator?locale=nl_NL&layout=wholesale "HTTP/1.1 200 OK"
[2024-10-01T15:41:36.938+0000] {_client.py:1026} INFO - HTTP Request: GET https://components.givingeurope.com/api/v1/products/1024159/configurator?locale=nl_NL&layout=wholesale "HTTP/1.1 200 OK"
[2024-10-01T15:41:37.141+0000] {_client.py:1026} INFO - HTTP Request: GET https://components.givingeurope.com/api/v1/products/1024159/configurator?locale=nl_NL&layout=wholesale "HTTP/1.1 200 OK"
[2024-10-01T15:41:37.374+0000] {_client.py:1026} INFO - HTTP Request: GET https://components.givingeurope.com/api/v1/products/1024149/configurator?locale=nl_NL&layout=wholesale "HTTP/1.1 200 OK"
[2024-10-01T15:41:37.542+0000] {_client.py:1026} INFO - HTTP Request: GET https://components.givingeurope.com/api/v1/products/1024149/configurator?locale=nl_NL&layout=wholesale "HTTP/1.1 200 OK"
[2024-10-01T15:41:37.756+0000] {_client.py:1026} INFO - HTTP Request: GET https://components.givingeurope.com/api/v1/products/1041621/configurator?locale=nl_NL&layout=wholesale "HTTP/1.1 200 OK"
[2024-10-01T15:41:37.914+0000] {_client.py:1026} INFO - HTTP Request: GET https://components.givingeurope.com/api/v1/products/1041621/configurator?locale=nl_NL&layout=wholesale "HTTP/1.1 200 OK"
[2024-10-01T15:41:38.108+0000] {_client.py:1026} INFO - HTTP Request: GET https://components.givingeurope.com/api/v1/products/927/configurator?locale=nl_NL&layout=wholesale "HTTP/1.1 200 OK"
[2024-10-01T15:41:38.246+0000] {_client.py:1026} INFO - HTTP Request: GET https://components.givingeurope.com/api/v1/products/927/configurator?locale=nl_NL&layout=wholesale "HTTP/1.1 200 OK"
[2024-10-01T15:41:38.431+0000] {_client.py:1026} INFO - HTTP Request: GET https://components.givingeurope.com/api/v1/products/1024156/configurator?locale=nl_NL&layout=wholesale "HTTP/1.1 200 OK"
[2024-10-01T15:41:38.594+0000] {_client.py:1026} INFO - HTTP Request: GET https://components.givingeurope.com/api/v1/products/1024156/configurator?locale=nl_NL&layout=wholesale "HTTP/1.1 200 OK"
[2024-10-01T15:41:38.818+0000] {_client.py:1026} INFO - HTTP Request: GET https://components.givingeurope.com/api/v1/products/1024147/configurator?locale=nl_NL&layout=wholesale "HTTP/1.1 200 OK"
[2024-10-01T15:41:39.019+0000] {_client.py:1026} INFO - HTTP Request: GET https://components.givingeurope.com/api/v1/products/1024147/configurator?locale=nl_NL&layout=wholesale "HTTP/1.1 200 OK"
[2024-10-01T15:41:39.270+0000] {_client.py:1026} INFO - HTTP Request: GET https://components.givingeurope.com/api/v1/products/967421/configurator?locale=nl_NL&layout=wholesale "HTTP/1.1 200 OK"
[2024-10-01T15:41:39.433+0000] {_client.py:1026} INFO - HTTP Request: GET https://components.givingeurope.com/api/v1/products/967421/configurator?locale=nl_NL&layout=wholesale "HTTP/1.1 200 OK"
[2024-10-01T15:41:39.649+0000] {_client.py:1026} INFO - HTTP Request: GET https://components.givingeurope.com/api/v1/products/1024154/configurator?locale=nl_NL&layout=wholesale "HTTP/1.1 200 OK"
[2024-10-01T15:41:39.801+0000] {_client.py:1026} INFO - HTTP Request: GET https://components.givingeurope.com/api/v1/products/1024154/configurator?locale=nl_NL&layout=wholesale "HTTP/1.1 200 OK"
[2024-10-01T15:41:40.059+0000] {_client.py:1026} INFO - HTTP Request: GET https://components.givingeurope.com/api/v1/products/1041628/configurator?locale=nl_NL&layout=wholesale "HTTP/1.1 200 OK"
[2024-10-01T15:41:40.279+0000] {_client.py:1026} INFO - HTTP Request: GET https://components.givingeurope.com/api/v1/products/1041628/configurator?locale=nl_NL&layout=wholesale "HTTP/1.1 200 OK"
[2024-10-01T15:41:40.475+0000] {_client.py:1026} INFO - HTTP Request: GET https://components.givingeurope.com/api/v1/products/7097/configurator?locale=nl_NL&layout=wholesale "HTTP/1.1 200 OK"
[2024-10-01T15:41:40.637+0000] {_client.py:1026} INFO - HTTP Request: GET https://components.givingeurope.com/api/v1/products/7097/configurator?locale=nl_NL&layout=wholesale "HTTP/1.1 200 OK"
[2024-10-01T15:41:40.872+0000] {_client.py:1026} INFO - HTTP Request: GET https://components.givingeurope.com/api/v1/products/7879/configurator?locale=nl_NL&layout=wholesale "HTTP/1.1 200 OK"
[2024-10-01T15:41:41.088+0000] {_client.py:1026} INFO - HTTP Request: GET https://components.givingeurope.com/api/v1/products/7879/configurator?locale=nl_NL&layout=wholesale "HTTP/1.1 200 OK"
[2024-10-01T15:41:41.277+0000] {_client.py:1026} INFO - HTTP Request: GET https://components.givingeurope.com/api/v1/products/7398/configurator?locale=nl_NL&layout=wholesale "HTTP/1.1 200 OK"
[2024-10-01T15:41:41.429+0000] {_client.py:1026} INFO - HTTP Request: GET https://components.givingeurope.com/api/v1/products/7398/configurator?locale=nl_NL&layout=wholesale "HTTP/1.1 200 OK"
[2024-10-01T15:41:41.702+0000] {_client.py:1026} INFO - HTTP Request: GET https://components.givingeurope.com/api/v1/products/4585/configurator?locale=nl_NL&layout=wholesale "HTTP/1.1 200 OK"
[2024-10-01T15:41:41.879+0000] {_client.py:1026} INFO - HTTP Request: GET https://components.givingeurope.com/api/v1/products/4585/configurator?locale=nl_NL&layout=wholesale "HTTP/1.1 200 OK"
[2024-10-01T15:41:42.110+0000] {_client.py:1026} INFO - HTTP Request: GET https://components.givingeurope.com/api/v1/products/6232/configurator?locale=nl_NL&layout=wholesale "HTTP/1.1 200 OK"
[2024-10-01T15:41:42.266+0000] {_client.py:1026} INFO - HTTP Request: GET https://components.givingeurope.com/api/v1/products/6232/configurator?locale=nl_NL&layout=wholesale "HTTP/1.1 200 OK"
[2024-10-01T15:41:42.551+0000] {_client.py:1026} INFO - HTTP Request: GET https://components.givingeurope.com/api/v1/products/5622/configurator?locale=nl_NL&layout=wholesale "HTTP/1.1 200 OK"
[2024-10-01T15:41:42.737+0000] {_client.py:1026} INFO - HTTP Request: GET https://components.givingeurope.com/api/v1/products/5622/configurator?locale=nl_NL&layout=wholesale "HTTP/1.1 200 OK"
[2024-10-01T15:41:42.955+0000] {_client.py:1026} INFO - HTTP Request: GET https://components.givingeurope.com/api/v1/products/9003/configurator?locale=nl_NL&layout=wholesale "HTTP/1.1 200 OK"
[2024-10-01T15:41:43.171+0000] {_client.py:1026} INFO - HTTP Request: GET https://components.givingeurope.com/api/v1/products/9003/configurator?locale=nl_NL&layout=wholesale "HTTP/1.1 200 OK"
[2024-10-01T15:41:43.385+0000] {_client.py:1026} INFO - HTTP Request: GET https://components.givingeurope.com/api/v1/products/8996/configurator?locale=nl_NL&layout=wholesale "HTTP/1.1 200 OK"
[2024-10-01T15:41:43.545+0000] {_client.py:1026} INFO - HTTP Request: GET https://components.givingeurope.com/api/v1/products/8996/configurator?locale=nl_NL&layout=wholesale "HTTP/1.1 200 OK"
[2024-10-01T15:41:43.802+0000] {_client.py:1026} INFO - HTTP Request: GET https://components.givingeurope.com/api/v1/products/6238/configurator?locale=nl_NL&layout=wholesale "HTTP/1.1 200 OK"
[2024-10-01T15:41:43.997+0000] {_client.py:1026} INFO - HTTP Request: GET https://components.givingeurope.com/api/v1/products/6238/configurator?locale=nl_NL&layout=wholesale "HTTP/1.1 200 OK"
[2024-10-01T15:41:44.225+0000] {_client.py:1026} INFO - HTTP Request: GET https://components.givingeurope.com/api/v1/products/864735/configurator?locale=nl_NL&layout=wholesale "HTTP/1.1 200 OK"
[2024-10-01T15:41:44.367+0000] {_client.py:1026} INFO - HTTP Request: GET https://components.givingeurope.com/api/v1/products/864735/configurator?locale=nl_NL&layout=wholesale "HTTP/1.1 200 OK"
[2024-10-01T15:41:44.668+0000] {_client.py:1026} INFO - HTTP Request: GET https://components.givingeurope.com/api/v1/products/9335/configurator?locale=nl_NL&layout=wholesale "HTTP/1.1 200 OK"
[2024-10-01T15:41:44.827+0000] {_client.py:1026} INFO - HTTP Request: GET https://components.givingeurope.com/api/v1/products/9335/configurator?locale=nl_NL&layout=wholesale "HTTP/1.1 200 OK"
[2024-10-01T15:41:45.078+0000] {_client.py:1026} INFO - HTTP Request: GET https://components.givingeurope.com/api/v1/products/1014868/configurator?locale=nl_NL&layout=wholesale "HTTP/1.1 200 OK"
[2024-10-01T15:41:45.310+0000] {_client.py:1026} INFO - HTTP Request: GET https://components.givingeurope.com/api/v1/products/1014868/configurator?locale=nl_NL&layout=wholesale "HTTP/1.1 200 OK"
[2024-10-01T15:41:45.515+0000] {_client.py:1026} INFO - HTTP Request: GET https://components.givingeurope.com/api/v1/products/1014887/configurator?locale=nl_NL&layout=wholesale "HTTP/1.1 200 OK"
[2024-10-01T15:41:45.681+0000] {_client.py:1026} INFO - HTTP Request: GET https://components.givingeurope.com/api/v1/products/1014887/configurator?locale=nl_NL&layout=wholesale "HTTP/1.1 200 OK"
[2024-10-01T15:41:45.939+0000] {_client.py:1026} INFO - HTTP Request: GET https://components.givingeurope.com/api/v1/products/1014895/configurator?locale=nl_NL&layout=wholesale "HTTP/1.1 200 OK"
[2024-10-01T15:41:46.214+0000] {_client.py:1026} INFO - HTTP Request: GET https://components.givingeurope.com/api/v1/products/1014895/configurator?locale=nl_NL&layout=wholesale "HTTP/1.1 200 OK"
[2024-10-01T15:41:46.477+0000] {_client.py:1026} INFO - HTTP Request: GET https://components.givingeurope.com/api/v1/products/7852/configurator?locale=nl_NL&layout=wholesale "HTTP/1.1 200 OK"
[2024-10-01T15:41:46.650+0000] {_client.py:1026} INFO - HTTP Request: GET https://components.givingeurope.com/api/v1/products/7852/configurator?locale=nl_NL&layout=wholesale "HTTP/1.1 200 OK"
[2024-10-01T15:41:46.869+0000] {_client.py:1026} INFO - HTTP Request: GET https://components.givingeurope.com/api/v1/products/8552/configurator?locale=nl_NL&layout=wholesale "HTTP/1.1 200 OK"
[2024-10-01T15:41:47.069+0000] {_client.py:1026} INFO - HTTP Request: GET https://components.givingeurope.com/api/v1/products/8552/configurator?locale=nl_NL&layout=wholesale "HTTP/1.1 200 OK"
[2024-10-01T15:41:47.299+0000] {_client.py:1026} INFO - HTTP Request: GET https://components.givingeurope.com/api/v1/products/8712/configurator?locale=nl_NL&layout=wholesale "HTTP/1.1 200 OK"
[2024-10-01T15:41:47.477+0000] {_client.py:1026} INFO - HTTP Request: GET https://components.givingeurope.com/api/v1/products/8712/configurator?locale=nl_NL&layout=wholesale "HTTP/1.1 200 OK"
[2024-10-01T15:41:47.713+0000] {_client.py:1026} INFO - HTTP Request: GET https://components.givingeurope.com/api/v1/products/3576/configurator?locale=nl_NL&layout=wholesale "HTTP/1.1 200 OK"
[2024-10-01T15:41:47.933+0000] {_client.py:1026} INFO - HTTP Request: GET https://components.givingeurope.com/api/v1/products/3576/configurator?locale=nl_NL&layout=wholesale "HTTP/1.1 200 OK"
[2024-10-01T15:41:48.166+0000] {_client.py:1026} INFO - HTTP Request: GET https://components.givingeurope.com/api/v1/products/9170/configurator?locale=nl_NL&layout=wholesale "HTTP/1.1 200 OK"
[2024-10-01T15:41:48.322+0000] {_client.py:1026} INFO - HTTP Request: GET https://components.givingeurope.com/api/v1/products/9170/configurator?locale=nl_NL&layout=wholesale "HTTP/1.1 200 OK"
[2024-10-01T15:41:48.549+0000] {_client.py:1026} INFO - HTTP Request: GET https://components.givingeurope.com/api/v1/products/9266/configurator?locale=nl_NL&layout=wholesale "HTTP/1.1 200 OK"
[2024-10-01T15:41:48.709+0000] {_client.py:1026} INFO - HTTP Request: GET https://components.givingeurope.com/api/v1/products/9266/configurator?locale=nl_NL&layout=wholesale "HTTP/1.1 200 OK"
[2024-10-01T15:41:48.933+0000] {_client.py:1026} INFO - HTTP Request: GET https://components.givingeurope.com/api/v1/products/9261/configurator?locale=nl_NL&layout=wholesale "HTTP/1.1 200 OK"
[2024-10-01T15:41:49.176+0000] {_client.py:1026} INFO - HTTP Request: GET https://components.givingeurope.com/api/v1/products/9261/configurator?locale=nl_NL&layout=wholesale "HTTP/1.1 200 OK"
[2024-10-01T15:41:49.418+0000] {_client.py:1026} INFO - HTTP Request: GET https://components.givingeurope.com/api/v1/products/967399/configurator?locale=nl_NL&layout=wholesale "HTTP/1.1 200 OK"
[2024-10-01T15:41:49.589+0000] {_client.py:1026} INFO - HTTP Request: GET https://components.givingeurope.com/api/v1/products/967399/configurator?locale=nl_NL&layout=wholesale "HTTP/1.1 200 OK"
[2024-10-01T15:41:49.890+0000] {_client.py:1026} INFO - HTTP Request: GET https://components.givingeurope.com/api/v1/products/9155/configurator?locale=nl_NL&layout=wholesale "HTTP/1.1 200 OK"
[2024-10-01T15:41:50.116+0000] {_client.py:1026} INFO - HTTP Request: GET https://components.givingeurope.com/api/v1/products/9155/configurator?locale=nl_NL&layout=wholesale "HTTP/1.1 200 OK"
[2024-10-01T15:41:50.351+0000] {_client.py:1026} INFO - HTTP Request: GET https://components.givingeurope.com/api/v1/products/1015144/configurator?locale=nl_NL&layout=wholesale "HTTP/1.1 200 OK"
[2024-10-01T15:41:50.527+0000] {_client.py:1026} INFO - HTTP Request: GET https://components.givingeurope.com/api/v1/products/1015144/configurator?locale=nl_NL&layout=wholesale "HTTP/1.1 200 OK"
[2024-10-01T15:41:50.724+0000] {_client.py:1026} INFO - HTTP Request: GET https://components.givingeurope.com/api/v1/products/1015154/configurator?locale=nl_NL&layout=wholesale "HTTP/1.1 200 OK"
[2024-10-01T15:41:50.898+0000] {_client.py:1026} INFO - HTTP Request: GET https://components.givingeurope.com/api/v1/products/1015154/configurator?locale=nl_NL&layout=wholesale "HTTP/1.1 200 OK"
[2024-10-01T15:41:51.193+0000] {_client.py:1026} INFO - HTTP Request: GET https://components.givingeurope.com/api/v1/products/1015155/configurator?locale=nl_NL&layout=wholesale "HTTP/1.1 200 OK"
[2024-10-01T15:41:51.367+0000] {_client.py:1026} INFO - HTTP Request: GET https://components.givingeurope.com/api/v1/products/1015155/configurator?locale=nl_NL&layout=wholesale "HTTP/1.1 200 OK"
[2024-10-01T15:41:51.604+0000] {_client.py:1026} INFO - HTTP Request: GET https://components.givingeurope.com/api/v1/products/818450/configurator?locale=nl_NL&layout=wholesale "HTTP/1.1 200 OK"
[2024-10-01T15:41:51.787+0000] {_client.py:1026} INFO - HTTP Request: GET https://components.givingeurope.com/api/v1/products/818450/configurator?locale=nl_NL&layout=wholesale "HTTP/1.1 200 OK"
[2024-10-01T15:41:52.050+0000] {_client.py:1026} INFO - HTTP Request: GET https://components.givingeurope.com/api/v1/products/7909/configurator?locale=nl_NL&layout=wholesale "HTTP/1.1 200 OK"
[2024-10-01T15:41:52.293+0000] {_client.py:1026} INFO - HTTP Request: GET https://components.givingeurope.com/api/v1/products/7909/configurator?locale=nl_NL&layout=wholesale "HTTP/1.1 200 OK"
[2024-10-01T15:41:52.502+0000] {_client.py:1026} INFO - HTTP Request: GET https://components.givingeurope.com/api/v1/products/8849/configurator?locale=nl_NL&layout=wholesale "HTTP/1.1 200 OK"
[2024-10-01T15:41:52.710+0000] {_client.py:1026} INFO - HTTP Request: GET https://components.givingeurope.com/api/v1/products/8849/configurator?locale=nl_NL&layout=wholesale "HTTP/1.1 200 OK"
[2024-10-01T15:41:52.939+0000] {_client.py:1026} INFO - HTTP Request: GET https://components.givingeurope.com/api/v1/products/946/configurator?locale=nl_NL&layout=wholesale "HTTP/1.1 200 OK"
[2024-10-01T15:41:53.190+0000] {_client.py:1026} INFO - HTTP Request: GET https://components.givingeurope.com/api/v1/products/946/configurator?locale=nl_NL&layout=wholesale "HTTP/1.1 200 OK"
[2024-10-01T15:41:53.451+0000] {_client.py:1026} INFO - HTTP Request: GET https://components.givingeurope.com/api/v1/products/432545/configurator?locale=nl_NL&layout=wholesale "HTTP/1.1 200 OK"
[2024-10-01T15:41:53.610+0000] {_client.py:1026} INFO - HTTP Request: GET https://components.givingeurope.com/api/v1/products/432545/configurator?locale=nl_NL&layout=wholesale "HTTP/1.1 200 OK"
[2024-10-01T15:41:53.869+0000] {_client.py:1026} INFO - HTTP Request: GET https://components.givingeurope.com/api/v1/products/818599/configurator?locale=nl_NL&layout=wholesale "HTTP/1.1 200 OK"
[2024-10-01T15:41:54.078+0000] {_client.py:1026} INFO - HTTP Request: GET https://components.givingeurope.com/api/v1/products/818599/configurator?locale=nl_NL&layout=wholesale "HTTP/1.1 200 OK"
[2024-10-01T15:41:54.351+0000] {_client.py:1026} INFO - HTTP Request: GET https://components.givingeurope.com/api/v1/products/8692/configurator?locale=nl_NL&layout=wholesale "HTTP/1.1 200 OK"
[2024-10-01T15:41:54.517+0000] {_client.py:1026} INFO - HTTP Request: GET https://components.givingeurope.com/api/v1/products/8692/configurator?locale=nl_NL&layout=wholesale "HTTP/1.1 200 OK"
[2024-10-01T15:41:54.738+0000] {_client.py:1026} INFO - HTTP Request: GET https://components.givingeurope.com/api/v1/products/8456/configurator?locale=nl_NL&layout=wholesale "HTTP/1.1 200 OK"
[2024-10-01T15:41:54.937+0000] {_client.py:1026} INFO - HTTP Request: GET https://components.givingeurope.com/api/v1/products/8456/configurator?locale=nl_NL&layout=wholesale "HTTP/1.1 200 OK"
[2024-10-01T15:41:55.137+0000] {_client.py:1026} INFO - HTTP Request: GET https://components.givingeurope.com/api/v1/products/9166/configurator?locale=nl_NL&layout=wholesale "HTTP/1.1 200 OK"
[2024-10-01T15:41:55.295+0000] {_client.py:1026} INFO - HTTP Request: GET https://components.givingeurope.com/api/v1/products/9166/configurator?locale=nl_NL&layout=wholesale "HTTP/1.1 200 OK"
[2024-10-01T15:41:55.568+0000] {_client.py:1026} INFO - HTTP Request: GET https://components.givingeurope.com/api/v1/products/1015156/configurator?locale=nl_NL&layout=wholesale "HTTP/1.1 200 OK"
[2024-10-01T15:41:55.722+0000] {_client.py:1026} INFO - HTTP Request: GET https://components.givingeurope.com/api/v1/products/1015156/configurator?locale=nl_NL&layout=wholesale "HTTP/1.1 200 OK"
[2024-10-01T15:41:55.948+0000] {_client.py:1026} INFO - HTTP Request: GET https://components.givingeurope.com/api/v1/products/1015157/configurator?locale=nl_NL&layout=wholesale "HTTP/1.1 200 OK"
[2024-10-01T15:41:56.158+0000] {_client.py:1026} INFO - HTTP Request: GET https://components.givingeurope.com/api/v1/products/1015157/configurator?locale=nl_NL&layout=wholesale "HTTP/1.1 200 OK"
[2024-10-01T15:41:56.388+0000] {_client.py:1026} INFO - HTTP Request: GET https://components.givingeurope.com/api/v1/products/1015161/configurator?locale=nl_NL&layout=wholesale "HTTP/1.1 200 OK"
[2024-10-01T15:41:56.555+0000] {_client.py:1026} INFO - HTTP Request: GET https://components.givingeurope.com/api/v1/products/1015161/configurator?locale=nl_NL&layout=wholesale "HTTP/1.1 200 OK"
[2024-10-01T15:41:57.695+0000] {_client.py:1026} INFO - HTTP Request: GET https://www.givingeurope.com/nl/nl/all-products/tassen-reizen/rugtassen/rugtassen?p=2&product_list_limit=48 "HTTP/1.1 200 OK"
[2024-10-01T15:41:57.737+0000] {logging_mixin.py:190} INFO - This is page number 2.
[2024-10-01T15:41:57.961+0000] {_client.py:1026} INFO - HTTP Request: GET https://components.givingeurope.com/api/v1/products/1015162/configurator?locale=nl_NL&layout=wholesale "HTTP/1.1 200 OK"
[2024-10-01T15:41:58.182+0000] {_client.py:1026} INFO - HTTP Request: GET https://components.givingeurope.com/api/v1/products/1015162/configurator?locale=nl_NL&layout=wholesale "HTTP/1.1 200 OK"
[2024-10-01T15:41:58.398+0000] {_client.py:1026} INFO - HTTP Request: GET https://components.givingeurope.com/api/v1/products/709506/configurator?locale=nl_NL&layout=wholesale "HTTP/1.1 200 OK"
[2024-10-01T15:41:58.538+0000] {_client.py:1026} INFO - HTTP Request: GET https://components.givingeurope.com/api/v1/products/709506/configurator?locale=nl_NL&layout=wholesale "HTTP/1.1 200 OK"
[2024-10-01T15:41:58.821+0000] {_client.py:1026} INFO - HTTP Request: GET https://components.givingeurope.com/api/v1/products/7940/configurator?locale=nl_NL&layout=wholesale "HTTP/1.1 200 OK"
[2024-10-01T15:41:59.015+0000] {_client.py:1026} INFO - HTTP Request: GET https://components.givingeurope.com/api/v1/products/7940/configurator?locale=nl_NL&layout=wholesale "HTTP/1.1 200 OK"
[2024-10-01T15:41:59.225+0000] {_client.py:1026} INFO - HTTP Request: GET https://components.givingeurope.com/api/v1/products/9154/configurator?locale=nl_NL&layout=wholesale "HTTP/1.1 200 OK"
[2024-10-01T15:41:59.367+0000] {_client.py:1026} INFO - HTTP Request: GET https://components.givingeurope.com/api/v1/products/9154/configurator?locale=nl_NL&layout=wholesale "HTTP/1.1 200 OK"
[2024-10-01T15:41:59.564+0000] {_client.py:1026} INFO - HTTP Request: GET https://components.givingeurope.com/api/v1/products/967429/configurator?locale=nl_NL&layout=wholesale "HTTP/1.1 200 OK"
[2024-10-01T15:41:59.720+0000] {_client.py:1026} INFO - HTTP Request: GET https://components.givingeurope.com/api/v1/products/967429/configurator?locale=nl_NL&layout=wholesale "HTTP/1.1 200 OK"
[2024-10-01T15:41:59.909+0000] {_client.py:1026} INFO - HTTP Request: GET https://components.givingeurope.com/api/v1/products/8259/configurator?locale=nl_NL&layout=wholesale "HTTP/1.1 200 OK"
[2024-10-01T15:42:00.122+0000] {_client.py:1026} INFO - HTTP Request: GET https://components.givingeurope.com/api/v1/products/8259/configurator?locale=nl_NL&layout=wholesale "HTTP/1.1 200 OK"
[2024-10-01T15:42:00.363+0000] {_client.py:1026} INFO - HTTP Request: GET https://components.givingeurope.com/api/v1/products/865575/configurator?locale=nl_NL&layout=wholesale "HTTP/1.1 200 OK"
[2024-10-01T15:42:00.561+0000] {_client.py:1026} INFO - HTTP Request: GET https://components.givingeurope.com/api/v1/products/865575/configurator?locale=nl_NL&layout=wholesale "HTTP/1.1 200 OK"
[2024-10-01T15:42:00.822+0000] {_client.py:1026} INFO - HTTP Request: GET https://components.givingeurope.com/api/v1/products/8262/configurator?locale=nl_NL&layout=wholesale "HTTP/1.1 200 OK"
[2024-10-01T15:42:01.159+0000] {_client.py:1026} INFO - HTTP Request: GET https://components.givingeurope.com/api/v1/products/8262/configurator?locale=nl_NL&layout=wholesale "HTTP/1.1 200 OK"
[2024-10-01T15:42:01.503+0000] {_client.py:1026} INFO - HTTP Request: GET https://components.givingeurope.com/api/v1/products/9340/configurator?locale=nl_NL&layout=wholesale "HTTP/1.1 200 OK"
[2024-10-01T15:42:01.649+0000] {_client.py:1026} INFO - HTTP Request: GET https://components.givingeurope.com/api/v1/products/9340/configurator?locale=nl_NL&layout=wholesale "HTTP/1.1 200 OK"
[2024-10-01T15:42:01.898+0000] {_client.py:1026} INFO - HTTP Request: GET https://components.givingeurope.com/api/v1/products/9383/configurator?locale=nl_NL&layout=wholesale "HTTP/1.1 200 OK"
[2024-10-01T15:42:02.119+0000] {_client.py:1026} INFO - HTTP Request: GET https://components.givingeurope.com/api/v1/products/9383/configurator?locale=nl_NL&layout=wholesale "HTTP/1.1 200 OK"
[2024-10-01T15:42:02.324+0000] {_client.py:1026} INFO - HTTP Request: GET https://components.givingeurope.com/api/v1/products/866520/configurator?locale=nl_NL&layout=wholesale "HTTP/1.1 200 OK"
[2024-10-01T15:42:02.546+0000] {_client.py:1026} INFO - HTTP Request: GET https://components.givingeurope.com/api/v1/products/866520/configurator?locale=nl_NL&layout=wholesale "HTTP/1.1 200 OK"
[2024-10-01T15:42:02.785+0000] {_client.py:1026} INFO - HTTP Request: GET https://components.givingeurope.com/api/v1/products/437832/configurator?locale=nl_NL&layout=wholesale "HTTP/1.1 200 OK"
[2024-10-01T15:42:02.985+0000] {_client.py:1026} INFO - HTTP Request: GET https://components.givingeurope.com/api/v1/products/437832/configurator?locale=nl_NL&layout=wholesale "HTTP/1.1 200 OK"
[2024-10-01T15:42:03.225+0000] {_client.py:1026} INFO - HTTP Request: GET https://components.givingeurope.com/api/v1/products/8490/configurator?locale=nl_NL&layout=wholesale "HTTP/1.1 200 OK"
[2024-10-01T15:42:03.373+0000] {_client.py:1026} INFO - HTTP Request: GET https://components.givingeurope.com/api/v1/products/8490/configurator?locale=nl_NL&layout=wholesale "HTTP/1.1 200 OK"
[2024-10-01T15:42:03.567+0000] {_client.py:1026} INFO - HTTP Request: GET https://components.givingeurope.com/api/v1/products/970973/configurator?locale=nl_NL&layout=wholesale "HTTP/1.1 200 OK"
[2024-10-01T15:42:03.740+0000] {_client.py:1026} INFO - HTTP Request: GET https://components.givingeurope.com/api/v1/products/970973/configurator?locale=nl_NL&layout=wholesale "HTTP/1.1 200 OK"
[2024-10-01T15:42:04.024+0000] {_client.py:1026} INFO - HTTP Request: GET https://components.givingeurope.com/api/v1/products/970765/configurator?locale=nl_NL&layout=wholesale "HTTP/1.1 200 OK"
[2024-10-01T15:42:04.235+0000] {_client.py:1026} INFO - HTTP Request: GET https://components.givingeurope.com/api/v1/products/970765/configurator?locale=nl_NL&layout=wholesale "HTTP/1.1 200 OK"
[2024-10-01T15:42:04.443+0000] {_client.py:1026} INFO - HTTP Request: GET https://components.givingeurope.com/api/v1/products/967409/configurator?locale=nl_NL&layout=wholesale "HTTP/1.1 200 OK"
[2024-10-01T15:42:04.609+0000] {_client.py:1026} INFO - HTTP Request: GET https://components.givingeurope.com/api/v1/products/967409/configurator?locale=nl_NL&layout=wholesale "HTTP/1.1 200 OK"
[2024-10-01T15:42:04.846+0000] {_client.py:1026} INFO - HTTP Request: GET https://components.givingeurope.com/api/v1/products/970944/configurator?locale=nl_NL&layout=wholesale "HTTP/1.1 200 OK"
[2024-10-01T15:42:05.078+0000] {_client.py:1026} INFO - HTTP Request: GET https://components.givingeurope.com/api/v1/products/970944/configurator?locale=nl_NL&layout=wholesale "HTTP/1.1 200 OK"
[2024-10-01T15:42:05.321+0000] {_client.py:1026} INFO - HTTP Request: GET https://components.givingeurope.com/api/v1/products/9167/configurator?locale=nl_NL&layout=wholesale "HTTP/1.1 200 OK"
[2024-10-01T15:42:05.492+0000] {_client.py:1026} INFO - HTTP Request: GET https://components.givingeurope.com/api/v1/products/9167/configurator?locale=nl_NL&layout=wholesale "HTTP/1.1 200 OK"
[2024-10-01T15:42:05.722+0000] {_client.py:1026} INFO - HTTP Request: GET https://components.givingeurope.com/api/v1/products/9062/configurator?locale=nl_NL&layout=wholesale "HTTP/1.1 200 OK"
[2024-10-01T15:42:05.891+0000] {_client.py:1026} INFO - HTTP Request: GET https://components.givingeurope.com/api/v1/products/9062/configurator?locale=nl_NL&layout=wholesale "HTTP/1.1 200 OK"
[2024-10-01T15:42:06.109+0000] {_client.py:1026} INFO - HTTP Request: GET https://components.givingeurope.com/api/v1/products/7944/configurator?locale=nl_NL&layout=wholesale "HTTP/1.1 200 OK"
[2024-10-01T15:42:06.260+0000] {_client.py:1026} INFO - HTTP Request: GET https://components.givingeurope.com/api/v1/products/7944/configurator?locale=nl_NL&layout=wholesale "HTTP/1.1 200 OK"
[2024-10-01T15:42:06.481+0000] {_client.py:1026} INFO - HTTP Request: GET https://components.givingeurope.com/api/v1/products/9185/configurator?locale=nl_NL&layout=wholesale "HTTP/1.1 200 OK"
[2024-10-01T15:42:06.646+0000] {_client.py:1026} INFO - HTTP Request: GET https://components.givingeurope.com/api/v1/products/9185/configurator?locale=nl_NL&layout=wholesale "HTTP/1.1 200 OK"
[2024-10-01T15:42:06.846+0000] {_client.py:1026} INFO - HTTP Request: GET https://components.givingeurope.com/api/v1/products/9263/configurator?locale=nl_NL&layout=wholesale "HTTP/1.1 200 OK"
[2024-10-01T15:42:06.994+0000] {_client.py:1026} INFO - HTTP Request: GET https://components.givingeurope.com/api/v1/products/9263/configurator?locale=nl_NL&layout=wholesale "HTTP/1.1 200 OK"
[2024-10-01T15:42:07.188+0000] {_client.py:1026} INFO - HTTP Request: GET https://components.givingeurope.com/api/v1/products/9176/configurator?locale=nl_NL&layout=wholesale "HTTP/1.1 200 OK"
[2024-10-01T15:42:07.347+0000] {_client.py:1026} INFO - HTTP Request: GET https://components.givingeurope.com/api/v1/products/9176/configurator?locale=nl_NL&layout=wholesale "HTTP/1.1 200 OK"
[2024-10-01T15:42:07.605+0000] {_client.py:1026} INFO - HTTP Request: GET https://components.givingeurope.com/api/v1/products/1096838/configurator?locale=nl_NL&layout=wholesale "HTTP/1.1 200 OK"
[2024-10-01T15:42:07.764+0000] {_client.py:1026} INFO - HTTP Request: GET https://components.givingeurope.com/api/v1/products/1096838/configurator?locale=nl_NL&layout=wholesale "HTTP/1.1 200 OK"
[2024-10-01T15:42:07.991+0000] {_client.py:1026} INFO - HTTP Request: GET https://components.givingeurope.com/api/v1/products/1096835/configurator?locale=nl_NL&layout=wholesale "HTTP/1.1 200 OK"
[2024-10-01T15:42:08.199+0000] {_client.py:1026} INFO - HTTP Request: GET https://components.givingeurope.com/api/v1/products/1096835/configurator?locale=nl_NL&layout=wholesale "HTTP/1.1 200 OK"
[2024-10-01T15:42:08.463+0000] {_client.py:1026} INFO - HTTP Request: GET https://components.givingeurope.com/api/v1/products/1096836/configurator?locale=nl_NL&layout=wholesale "HTTP/1.1 200 OK"
[2024-10-01T15:42:08.640+0000] {_client.py:1026} INFO - HTTP Request: GET https://components.givingeurope.com/api/v1/products/1096836/configurator?locale=nl_NL&layout=wholesale "HTTP/1.1 200 OK"
[2024-10-01T15:42:08.880+0000] {_client.py:1026} INFO - HTTP Request: GET https://components.givingeurope.com/api/v1/products/1096883/configurator?locale=nl_NL&layout=wholesale "HTTP/1.1 200 OK"
[2024-10-01T15:42:09.128+0000] {_client.py:1026} INFO - HTTP Request: GET https://components.givingeurope.com/api/v1/products/1096883/configurator?locale=nl_NL&layout=wholesale "HTTP/1.1 200 OK"
[2024-10-01T15:42:09.329+0000] {_client.py:1026} INFO - HTTP Request: GET https://components.givingeurope.com/api/v1/products/1096880/configurator?locale=nl_NL&layout=wholesale "HTTP/1.1 200 OK"
[2024-10-01T15:42:09.477+0000] {_client.py:1026} INFO - HTTP Request: GET https://components.givingeurope.com/api/v1/products/1096880/configurator?locale=nl_NL&layout=wholesale "HTTP/1.1 200 OK"
[2024-10-01T15:42:09.677+0000] {_client.py:1026} INFO - HTTP Request: GET https://components.givingeurope.com/api/v1/products/1103678/configurator?locale=nl_NL&layout=wholesale "HTTP/1.1 200 OK"
[2024-10-01T15:42:09.828+0000] {_client.py:1026} INFO - HTTP Request: GET https://components.givingeurope.com/api/v1/products/1103678/configurator?locale=nl_NL&layout=wholesale "HTTP/1.1 200 OK"
[2024-10-01T15:42:09.834+0000] {logging_mixin.py:190} INFO - There are still 157 urls to be scraped.
[2024-10-01T15:42:10.016+0000] {_client.py:1026} INFO - HTTP Request: GET https://www.givingeurope.com/nl/nl/all-products/tassen-reizen/rugtassen/trekkoord-rugzakken?p=1&product_list_limit=48 "HTTP/1.1 200 OK"
[2024-10-01T15:42:10.055+0000] {logging_mixin.py:190} INFO - This is page number 1.
[2024-10-01T15:42:10.235+0000] {_client.py:1026} INFO - HTTP Request: GET https://components.givingeurope.com/api/v1/products/7909/configurator?locale=nl_NL&layout=wholesale "HTTP/1.1 200 OK"
[2024-10-01T15:42:10.384+0000] {_client.py:1026} INFO - HTTP Request: GET https://components.givingeurope.com/api/v1/products/7909/configurator?locale=nl_NL&layout=wholesale "HTTP/1.1 200 OK"
[2024-10-01T15:42:10.600+0000] {_client.py:1026} INFO - HTTP Request: GET https://components.givingeurope.com/api/v1/products/1015154/configurator?locale=nl_NL&layout=wholesale "HTTP/1.1 200 OK"
[2024-10-01T15:42:10.777+0000] {_client.py:1026} INFO - HTTP Request: GET https://components.givingeurope.com/api/v1/products/1015154/configurator?locale=nl_NL&layout=wholesale "HTTP/1.1 200 OK"
[2024-10-01T15:42:11.003+0000] {_client.py:1026} INFO - HTTP Request: GET https://components.givingeurope.com/api/v1/products/1041628/configurator?locale=nl_NL&layout=wholesale "HTTP/1.1 200 OK"
[2024-10-01T15:42:11.236+0000] {_client.py:1026} INFO - HTTP Request: GET https://components.givingeurope.com/api/v1/products/1041628/configurator?locale=nl_NL&layout=wholesale "HTTP/1.1 200 OK"
[2024-10-01T15:42:11.494+0000] {_client.py:1026} INFO - HTTP Request: GET https://components.givingeurope.com/api/v1/products/7097/configurator?locale=nl_NL&layout=wholesale "HTTP/1.1 200 OK"
[2024-10-01T15:42:11.672+0000] {_client.py:1026} INFO - HTTP Request: GET https://components.givingeurope.com/api/v1/products/7097/configurator?locale=nl_NL&layout=wholesale "HTTP/1.1 200 OK"
[2024-10-01T15:42:11.887+0000] {_client.py:1026} INFO - HTTP Request: GET https://components.givingeurope.com/api/v1/products/6232/configurator?locale=nl_NL&layout=wholesale "HTTP/1.1 200 OK"
[2024-10-01T15:42:12.119+0000] {_client.py:1026} INFO - HTTP Request: GET https://components.givingeurope.com/api/v1/products/6232/configurator?locale=nl_NL&layout=wholesale "HTTP/1.1 200 OK"
[2024-10-01T15:42:12.333+0000] {_client.py:1026} INFO - HTTP Request: GET https://components.givingeurope.com/api/v1/products/9003/configurator?locale=nl_NL&layout=wholesale "HTTP/1.1 200 OK"
[2024-10-01T15:42:12.493+0000] {_client.py:1026} INFO - HTTP Request: GET https://components.givingeurope.com/api/v1/products/9003/configurator?locale=nl_NL&layout=wholesale "HTTP/1.1 200 OK"
[2024-10-01T15:42:12.677+0000] {_client.py:1026} INFO - HTTP Request: GET https://components.givingeurope.com/api/v1/products/6238/configurator?locale=nl_NL&layout=wholesale "HTTP/1.1 200 OK"
[2024-10-01T15:42:12.837+0000] {_client.py:1026} INFO - HTTP Request: GET https://components.givingeurope.com/api/v1/products/6238/configurator?locale=nl_NL&layout=wholesale "HTTP/1.1 200 OK"
[2024-10-01T15:42:13.063+0000] {_client.py:1026} INFO - HTTP Request: GET https://components.givingeurope.com/api/v1/products/927/configurator?locale=nl_NL&layout=wholesale "HTTP/1.1 200 OK"
[2024-10-01T15:42:13.282+0000] {_client.py:1026} INFO - HTTP Request: GET https://components.givingeurope.com/api/v1/products/927/configurator?locale=nl_NL&layout=wholesale "HTTP/1.1 200 OK"
[2024-10-01T15:42:13.498+0000] {_client.py:1026} INFO - HTTP Request: GET https://components.givingeurope.com/api/v1/products/7852/configurator?locale=nl_NL&layout=wholesale "HTTP/1.1 200 OK"
[2024-10-01T15:42:13.664+0000] {_client.py:1026} INFO - HTTP Request: GET https://components.givingeurope.com/api/v1/products/7852/configurator?locale=nl_NL&layout=wholesale "HTTP/1.1 200 OK"
[2024-10-01T15:42:13.889+0000] {_client.py:1026} INFO - HTTP Request: GET https://components.givingeurope.com/api/v1/products/8712/configurator?locale=nl_NL&layout=wholesale "HTTP/1.1 200 OK"
[2024-10-01T15:42:14.114+0000] {_client.py:1026} INFO - HTTP Request: GET https://components.givingeurope.com/api/v1/products/8712/configurator?locale=nl_NL&layout=wholesale "HTTP/1.1 200 OK"
[2024-10-01T15:42:14.345+0000] {_client.py:1026} INFO - HTTP Request: GET https://components.givingeurope.com/api/v1/products/9261/configurator?locale=nl_NL&layout=wholesale "HTTP/1.1 200 OK"
[2024-10-01T15:42:14.514+0000] {_client.py:1026} INFO - HTTP Request: GET https://components.givingeurope.com/api/v1/products/9261/configurator?locale=nl_NL&layout=wholesale "HTTP/1.1 200 OK"
[2024-10-01T15:42:14.776+0000] {_client.py:1026} INFO - HTTP Request: GET https://components.givingeurope.com/api/v1/products/432545/configurator?locale=nl_NL&layout=wholesale "HTTP/1.1 200 OK"
[2024-10-01T15:42:14.982+0000] {_client.py:1026} INFO - HTTP Request: GET https://components.givingeurope.com/api/v1/products/432545/configurator?locale=nl_NL&layout=wholesale "HTTP/1.1 200 OK"
[2024-10-01T15:42:15.188+0000] {_client.py:1026} INFO - HTTP Request: GET https://components.givingeurope.com/api/v1/products/8692/configurator?locale=nl_NL&layout=wholesale "HTTP/1.1 200 OK"
[2024-10-01T15:42:15.394+0000] {_client.py:1026} INFO - HTTP Request: GET https://components.givingeurope.com/api/v1/products/8692/configurator?locale=nl_NL&layout=wholesale "HTTP/1.1 200 OK"
[2024-10-01T15:42:15.657+0000] {_client.py:1026} INFO - HTTP Request: GET https://components.givingeurope.com/api/v1/products/437832/configurator?locale=nl_NL&layout=wholesale "HTTP/1.1 200 OK"
[2024-10-01T15:42:15.880+0000] {_client.py:1026} INFO - HTTP Request: GET https://components.givingeurope.com/api/v1/products/437832/configurator?locale=nl_NL&layout=wholesale "HTTP/1.1 200 OK"
[2024-10-01T15:42:16.121+0000] {_client.py:1026} INFO - HTTP Request: GET https://components.givingeurope.com/api/v1/products/1015144/configurator?locale=nl_NL&layout=wholesale "HTTP/1.1 200 OK"
[2024-10-01T15:42:16.280+0000] {_client.py:1026} INFO - HTTP Request: GET https://components.givingeurope.com/api/v1/products/1015144/configurator?locale=nl_NL&layout=wholesale "HTTP/1.1 200 OK"
[2024-10-01T15:42:16.483+0000] {_client.py:1026} INFO - HTTP Request: GET https://components.givingeurope.com/api/v1/products/970950/configurator?locale=nl_NL&layout=wholesale "HTTP/1.1 200 OK"
[2024-10-01T15:42:16.638+0000] {_client.py:1026} INFO - HTTP Request: GET https://components.givingeurope.com/api/v1/products/970950/configurator?locale=nl_NL&layout=wholesale "HTTP/1.1 200 OK"
[2024-10-01T15:42:16.916+0000] {_client.py:1026} INFO - HTTP Request: GET https://components.givingeurope.com/api/v1/products/967392/configurator?locale=nl_NL&layout=wholesale "HTTP/1.1 200 OK"
[2024-10-01T15:42:17.128+0000] {_client.py:1026} INFO - HTTP Request: GET https://components.givingeurope.com/api/v1/products/967392/configurator?locale=nl_NL&layout=wholesale "HTTP/1.1 200 OK"
[2024-10-01T15:42:17.336+0000] {_client.py:1026} INFO - HTTP Request: GET https://components.givingeurope.com/api/v1/products/9062/configurator?locale=nl_NL&layout=wholesale "HTTP/1.1 200 OK"
[2024-10-01T15:42:17.509+0000] {_client.py:1026} INFO - HTTP Request: GET https://components.givingeurope.com/api/v1/products/9062/configurator?locale=nl_NL&layout=wholesale "HTTP/1.1 200 OK"
[2024-10-01T15:42:17.728+0000] {_client.py:1026} INFO - HTTP Request: GET https://components.givingeurope.com/api/v1/products/9263/configurator?locale=nl_NL&layout=wholesale "HTTP/1.1 200 OK"
[2024-10-01T15:42:17.913+0000] {_client.py:1026} INFO - HTTP Request: GET https://components.givingeurope.com/api/v1/products/9263/configurator?locale=nl_NL&layout=wholesale "HTTP/1.1 200 OK"
[2024-10-01T15:42:17.916+0000] {logging_mixin.py:190} INFO - There are still 156 urls to be scraped.
[2024-10-01T15:42:18.070+0000] {_client.py:1026} INFO - HTTP Request: GET https://www.givingeurope.com/nl/nl/all-products/tassen-reizen/rugtassen/picknickrugzakken?p=1&product_list_limit=48 "HTTP/1.1 200 OK"
[2024-10-01T15:42:18.107+0000] {logging_mixin.py:190} INFO - This is page number 1.
[2024-10-01T15:42:18.352+0000] {_client.py:1026} INFO - HTTP Request: GET https://components.givingeurope.com/api/v1/products/9269/configurator?locale=nl_NL&layout=wholesale "HTTP/1.1 200 OK"
[2024-10-01T15:42:18.500+0000] {_client.py:1026} INFO - HTTP Request: GET https://components.givingeurope.com/api/v1/products/9269/configurator?locale=nl_NL&layout=wholesale "HTTP/1.1 200 OK"
[2024-10-01T15:42:18.701+0000] {_client.py:1026} INFO - HTTP Request: GET https://components.givingeurope.com/api/v1/products/7613/configurator?locale=nl_NL&layout=wholesale "HTTP/1.1 200 OK"
[2024-10-01T15:42:18.866+0000] {_client.py:1026} INFO - HTTP Request: GET https://components.givingeurope.com/api/v1/products/7613/configurator?locale=nl_NL&layout=wholesale "HTTP/1.1 200 OK"
[2024-10-01T15:42:19.111+0000] {_client.py:1026} INFO - HTTP Request: GET https://components.givingeurope.com/api/v1/products/7609/configurator?locale=nl_NL&layout=wholesale "HTTP/1.1 200 OK"
[2024-10-01T15:42:19.322+0000] {_client.py:1026} INFO - HTTP Request: GET https://components.givingeurope.com/api/v1/products/7609/configurator?locale=nl_NL&layout=wholesale "HTTP/1.1 200 OK"
[2024-10-01T15:42:19.536+0000] {_client.py:1026} INFO - HTTP Request: GET https://components.givingeurope.com/api/v1/products/2645/configurator?locale=nl_NL&layout=wholesale "HTTP/1.1 200 OK"
[2024-10-01T15:42:19.673+0000] {_client.py:1026} INFO - HTTP Request: GET https://components.givingeurope.com/api/v1/products/2645/configurator?locale=nl_NL&layout=wholesale "HTTP/1.1 200 OK"
[2024-10-01T15:42:19.675+0000] {logging_mixin.py:190} INFO - There are still 155 urls to be scraped.
[2024-10-01T15:42:19.787+0000] {_client.py:1026} INFO - HTTP Request: GET https://www.givingeurope.com/nl/nl/all-products/tassen-reizen/rugtassen/laptop-rugzakken?p=1&product_list_limit=48 "HTTP/1.1 200 OK"
[2024-10-01T15:42:19.821+0000] {logging_mixin.py:190} INFO - This is page number 1.
[2024-10-01T15:42:20.017+0000] {_client.py:1026} INFO - HTTP Request: GET https://components.givingeurope.com/api/v1/products/1024159/configurator?locale=nl_NL&layout=wholesale "HTTP/1.1 200 OK"
[2024-10-01T15:42:20.220+0000] {_client.py:1026} INFO - HTTP Request: GET https://components.givingeurope.com/api/v1/products/1024159/configurator?locale=nl_NL&layout=wholesale "HTTP/1.1 200 OK"
[2024-10-01T15:42:20.500+0000] {_client.py:1026} INFO - HTTP Request: GET https://components.givingeurope.com/api/v1/products/1024156/configurator?locale=nl_NL&layout=wholesale "HTTP/1.1 200 OK"
[2024-10-01T15:42:20.644+0000] {_client.py:1026} INFO - HTTP Request: GET https://components.givingeurope.com/api/v1/products/1024156/configurator?locale=nl_NL&layout=wholesale "HTTP/1.1 200 OK"
[2024-10-01T15:42:20.857+0000] {_client.py:1026} INFO - HTTP Request: GET https://components.givingeurope.com/api/v1/products/1024147/configurator?locale=nl_NL&layout=wholesale "HTTP/1.1 200 OK"
[2024-10-01T15:42:21.102+0000] {_client.py:1026} INFO - HTTP Request: GET https://components.givingeurope.com/api/v1/products/1024147/configurator?locale=nl_NL&layout=wholesale "HTTP/1.1 200 OK"
[2024-10-01T15:42:21.407+0000] {_client.py:1026} INFO - HTTP Request: GET https://components.givingeurope.com/api/v1/products/1024154/configurator?locale=nl_NL&layout=wholesale "HTTP/1.1 200 OK"
[2024-10-01T15:42:21.609+0000] {_client.py:1026} INFO - HTTP Request: GET https://components.givingeurope.com/api/v1/products/1024154/configurator?locale=nl_NL&layout=wholesale "HTTP/1.1 200 OK"
[2024-10-01T15:42:21.845+0000] {_client.py:1026} INFO - HTTP Request: GET https://components.givingeurope.com/api/v1/products/7879/configurator?locale=nl_NL&layout=wholesale "HTTP/1.1 200 OK"
[2024-10-01T15:42:22.096+0000] {_client.py:1026} INFO - HTTP Request: GET https://components.givingeurope.com/api/v1/products/7879/configurator?locale=nl_NL&layout=wholesale "HTTP/1.1 200 OK"
[2024-10-01T15:42:22.313+0000] {_client.py:1026} INFO - HTTP Request: GET https://components.givingeurope.com/api/v1/products/7398/configurator?locale=nl_NL&layout=wholesale "HTTP/1.1 200 OK"
[2024-10-01T15:42:22.509+0000] {_client.py:1026} INFO - HTTP Request: GET https://components.givingeurope.com/api/v1/products/7398/configurator?locale=nl_NL&layout=wholesale "HTTP/1.1 200 OK"
[2024-10-01T15:42:22.815+0000] {_client.py:1026} INFO - HTTP Request: GET https://components.givingeurope.com/api/v1/products/8996/configurator?locale=nl_NL&layout=wholesale "HTTP/1.1 200 OK"
[2024-10-01T15:42:22.987+0000] {_client.py:1026} INFO - HTTP Request: GET https://components.givingeurope.com/api/v1/products/8996/configurator?locale=nl_NL&layout=wholesale "HTTP/1.1 200 OK"
[2024-10-01T15:42:23.210+0000] {_client.py:1026} INFO - HTTP Request: GET https://components.givingeurope.com/api/v1/products/8552/configurator?locale=nl_NL&layout=wholesale "HTTP/1.1 200 OK"
[2024-10-01T15:42:23.389+0000] {_client.py:1026} INFO - HTTP Request: GET https://components.givingeurope.com/api/v1/products/8552/configurator?locale=nl_NL&layout=wholesale "HTTP/1.1 200 OK"
[2024-10-01T15:42:23.614+0000] {_client.py:1026} INFO - HTTP Request: GET https://components.givingeurope.com/api/v1/products/967399/configurator?locale=nl_NL&layout=wholesale "HTTP/1.1 200 OK"
[2024-10-01T15:42:23.818+0000] {_client.py:1026} INFO - HTTP Request: GET https://components.givingeurope.com/api/v1/products/967399/configurator?locale=nl_NL&layout=wholesale "HTTP/1.1 200 OK"
[2024-10-01T15:42:24.043+0000] {_client.py:1026} INFO - HTTP Request: GET https://components.givingeurope.com/api/v1/products/9155/configurator?locale=nl_NL&layout=wholesale "HTTP/1.1 200 OK"
[2024-10-01T15:42:24.272+0000] {_client.py:1026} INFO - HTTP Request: GET https://components.givingeurope.com/api/v1/products/9155/configurator?locale=nl_NL&layout=wholesale "HTTP/1.1 200 OK"
[2024-10-01T15:42:24.499+0000] {_client.py:1026} INFO - HTTP Request: GET https://components.givingeurope.com/api/v1/products/8456/configurator?locale=nl_NL&layout=wholesale "HTTP/1.1 200 OK"
[2024-10-01T15:42:24.687+0000] {_client.py:1026} INFO - HTTP Request: GET https://components.givingeurope.com/api/v1/products/8456/configurator?locale=nl_NL&layout=wholesale "HTTP/1.1 200 OK"
[2024-10-01T15:42:24.925+0000] {_client.py:1026} INFO - HTTP Request: GET https://components.givingeurope.com/api/v1/products/9166/configurator?locale=nl_NL&layout=wholesale "HTTP/1.1 200 OK"
[2024-10-01T15:42:25.129+0000] {_client.py:1026} INFO - HTTP Request: GET https://components.givingeurope.com/api/v1/products/9166/configurator?locale=nl_NL&layout=wholesale "HTTP/1.1 200 OK"
[2024-10-01T15:42:25.396+0000] {_client.py:1026} INFO - HTTP Request: GET https://components.givingeurope.com/api/v1/products/9154/configurator?locale=nl_NL&layout=wholesale "HTTP/1.1 200 OK"
[2024-10-01T15:42:25.553+0000] {_client.py:1026} INFO - HTTP Request: GET https://components.givingeurope.com/api/v1/products/9154/configurator?locale=nl_NL&layout=wholesale "HTTP/1.1 200 OK"
[2024-10-01T15:42:25.771+0000] {_client.py:1026} INFO - HTTP Request: GET https://components.givingeurope.com/api/v1/products/8490/configurator?locale=nl_NL&layout=wholesale "HTTP/1.1 200 OK"
[2024-10-01T15:42:25.957+0000] {_client.py:1026} INFO - HTTP Request: GET https://components.givingeurope.com/api/v1/products/8490/configurator?locale=nl_NL&layout=wholesale "HTTP/1.1 200 OK"
[2024-10-01T15:42:26.257+0000] {_client.py:1026} INFO - HTTP Request: GET https://components.givingeurope.com/api/v1/products/967409/configurator?locale=nl_NL&layout=wholesale "HTTP/1.1 200 OK"
[2024-10-01T15:42:26.434+0000] {_client.py:1026} INFO - HTTP Request: GET https://components.givingeurope.com/api/v1/products/967409/configurator?locale=nl_NL&layout=wholesale "HTTP/1.1 200 OK"
[2024-10-01T15:42:26.636+0000] {_client.py:1026} INFO - HTTP Request: GET https://components.givingeurope.com/api/v1/products/1014895/configurator?locale=nl_NL&layout=wholesale "HTTP/1.1 200 OK"
[2024-10-01T15:42:26.793+0000] {_client.py:1026} INFO - HTTP Request: GET https://components.givingeurope.com/api/v1/products/1014895/configurator?locale=nl_NL&layout=wholesale "HTTP/1.1 200 OK"
[2024-10-01T15:42:26.999+0000] {_client.py:1026} INFO - HTTP Request: GET https://components.givingeurope.com/api/v1/products/1015156/configurator?locale=nl_NL&layout=wholesale "HTTP/1.1 200 OK"
[2024-10-01T15:42:27.221+0000] {_client.py:1026} INFO - HTTP Request: GET https://components.givingeurope.com/api/v1/products/1015156/configurator?locale=nl_NL&layout=wholesale "HTTP/1.1 200 OK"
[2024-10-01T15:42:27.430+0000] {_client.py:1026} INFO - HTTP Request: GET https://components.givingeurope.com/api/v1/products/1015162/configurator?locale=nl_NL&layout=wholesale "HTTP/1.1 200 OK"
[2024-10-01T15:42:27.580+0000] {_client.py:1026} INFO - HTTP Request: GET https://components.givingeurope.com/api/v1/products/1015162/configurator?locale=nl_NL&layout=wholesale "HTTP/1.1 200 OK"
[2024-10-01T15:42:27.582+0000] {logging_mixin.py:190} INFO - There are still 154 urls to be scraped.
[2024-10-01T15:42:27.725+0000] {_client.py:1026} INFO - HTTP Request: GET https://www.givingeurope.com/nl/nl/all-products/tassen-reizen/draagtassen/katoenen-tassen?p=1&product_list_limit=48 "HTTP/1.1 200 OK"
[2024-10-01T15:42:27.766+0000] {logging_mixin.py:190} INFO - This is page number 1.
[2024-10-01T15:42:28.002+0000] {_client.py:1026} INFO - HTTP Request: GET https://components.givingeurope.com/api/v1/products/1014866/configurator?locale=nl_NL&layout=wholesale "HTTP/1.1 200 OK"
[2024-10-01T15:42:28.286+0000] {_client.py:1026} INFO - HTTP Request: GET https://components.givingeurope.com/api/v1/products/1014866/configurator?locale=nl_NL&layout=wholesale "HTTP/1.1 200 OK"
[2024-10-01T15:42:28.563+0000] {_client.py:1026} INFO - HTTP Request: GET https://components.givingeurope.com/api/v1/products/433215/configurator?locale=nl_NL&layout=wholesale "HTTP/1.1 200 OK"
[2024-10-01T15:42:28.725+0000] {_client.py:1026} INFO - HTTP Request: GET https://components.givingeurope.com/api/v1/products/433215/configurator?locale=nl_NL&layout=wholesale "HTTP/1.1 200 OK"
[2024-10-01T15:42:28.925+0000] {_client.py:1026} INFO - HTTP Request: GET https://components.givingeurope.com/api/v1/products/1039368/configurator?locale=nl_NL&layout=wholesale "HTTP/1.1 200 OK"
[2024-10-01T15:42:29.155+0000] {_client.py:1026} INFO - HTTP Request: GET https://components.givingeurope.com/api/v1/products/1039368/configurator?locale=nl_NL&layout=wholesale "HTTP/1.1 200 OK"
[2024-10-01T15:42:29.373+0000] {_client.py:1026} INFO - HTTP Request: GET https://components.givingeurope.com/api/v1/products/967394/configurator?locale=nl_NL&layout=wholesale "HTTP/1.1 200 OK"
[2024-10-01T15:42:29.532+0000] {_client.py:1026} INFO - HTTP Request: GET https://components.givingeurope.com/api/v1/products/967394/configurator?locale=nl_NL&layout=wholesale "HTTP/1.1 200 OK"
[2024-10-01T15:42:29.743+0000] {_client.py:1026} INFO - HTTP Request: GET https://components.givingeurope.com/api/v1/products/1014869/configurator?locale=nl_NL&layout=wholesale "HTTP/1.1 200 OK"
[2024-10-01T15:42:29.940+0000] {_client.py:1026} INFO - HTTP Request: GET https://components.givingeurope.com/api/v1/products/1014869/configurator?locale=nl_NL&layout=wholesale "HTTP/1.1 200 OK"
[2024-10-01T15:42:30.131+0000] {_client.py:1026} INFO - HTTP Request: GET https://components.givingeurope.com/api/v1/products/1039470/configurator?locale=nl_NL&layout=wholesale "HTTP/1.1 200 OK"
[2024-10-01T15:42:30.287+0000] {_client.py:1026} INFO - HTTP Request: GET https://components.givingeurope.com/api/v1/products/1039470/configurator?locale=nl_NL&layout=wholesale "HTTP/1.1 200 OK"
[2024-10-01T15:42:30.491+0000] {_client.py:1026} INFO - HTTP Request: GET https://components.givingeurope.com/api/v1/products/2314/configurator?locale=nl_NL&layout=wholesale "HTTP/1.1 200 OK"
[2024-10-01T15:42:30.656+0000] {_client.py:1026} INFO - HTTP Request: GET https://components.givingeurope.com/api/v1/products/2314/configurator?locale=nl_NL&layout=wholesale "HTTP/1.1 200 OK"
[2024-10-01T15:42:30.903+0000] {_client.py:1026} INFO - HTTP Request: GET https://components.givingeurope.com/api/v1/products/2342/configurator?locale=nl_NL&layout=wholesale "HTTP/1.1 200 OK"
[2024-10-01T15:42:31.143+0000] {_client.py:1026} INFO - HTTP Request: GET https://components.givingeurope.com/api/v1/products/2342/configurator?locale=nl_NL&layout=wholesale "HTTP/1.1 200 OK"
[2024-10-01T15:42:31.359+0000] {_client.py:1026} INFO - HTTP Request: GET https://components.givingeurope.com/api/v1/products/7852/configurator?locale=nl_NL&layout=wholesale "HTTP/1.1 200 OK"
[2024-10-01T15:42:31.527+0000] {_client.py:1026} INFO - HTTP Request: GET https://components.givingeurope.com/api/v1/products/7852/configurator?locale=nl_NL&layout=wholesale "HTTP/1.1 200 OK"
[2024-10-01T15:42:31.768+0000] {_client.py:1026} INFO - HTTP Request: GET https://components.givingeurope.com/api/v1/products/8712/configurator?locale=nl_NL&layout=wholesale "HTTP/1.1 200 OK"
[2024-10-01T15:42:31.916+0000] {_client.py:1026} INFO - HTTP Request: GET https://components.givingeurope.com/api/v1/products/8712/configurator?locale=nl_NL&layout=wholesale "HTTP/1.1 200 OK"
[2024-10-01T15:42:32.117+0000] {_client.py:1026} INFO - HTTP Request: GET https://components.givingeurope.com/api/v1/products/7851/configurator?locale=nl_NL&layout=wholesale "HTTP/1.1 200 OK"
[2024-10-01T15:42:32.281+0000] {_client.py:1026} INFO - HTTP Request: GET https://components.givingeurope.com/api/v1/products/7851/configurator?locale=nl_NL&layout=wholesale "HTTP/1.1 200 OK"
[2024-10-01T15:42:32.537+0000] {_client.py:1026} INFO - HTTP Request: GET https://components.givingeurope.com/api/v1/products/2315/configurator?locale=nl_NL&layout=wholesale "HTTP/1.1 200 OK"
[2024-10-01T15:42:32.720+0000] {_client.py:1026} INFO - HTTP Request: GET https://components.givingeurope.com/api/v1/products/2315/configurator?locale=nl_NL&layout=wholesale "HTTP/1.1 200 OK"
[2024-10-01T15:42:33.003+0000] {_client.py:1026} INFO - HTTP Request: GET https://components.givingeurope.com/api/v1/products/7863/configurator?locale=nl_NL&layout=wholesale "HTTP/1.1 200 OK"
[2024-10-01T15:42:33.199+0000] {_client.py:1026} INFO - HTTP Request: GET https://components.givingeurope.com/api/v1/products/7863/configurator?locale=nl_NL&layout=wholesale "HTTP/1.1 200 OK"
[2024-10-01T15:42:33.485+0000] {_client.py:1026} INFO - HTTP Request: GET https://components.givingeurope.com/api/v1/products/9339/configurator?locale=nl_NL&layout=wholesale "HTTP/1.1 200 OK"
[2024-10-01T15:42:33.667+0000] {_client.py:1026} INFO - HTTP Request: GET https://components.givingeurope.com/api/v1/products/9339/configurator?locale=nl_NL&layout=wholesale "HTTP/1.1 200 OK"
[2024-10-01T15:42:33.913+0000] {_client.py:1026} INFO - HTTP Request: GET https://components.givingeurope.com/api/v1/products/821004/configurator?locale=nl_NL&layout=wholesale "HTTP/1.1 200 OK"
[2024-10-01T15:42:34.126+0000] {_client.py:1026} INFO - HTTP Request: GET https://components.givingeurope.com/api/v1/products/821004/configurator?locale=nl_NL&layout=wholesale "HTTP/1.1 200 OK"
[2024-10-01T15:42:34.512+0000] {_client.py:1026} INFO - HTTP Request: GET https://components.givingeurope.com/api/v1/products/9337/configurator?locale=nl_NL&layout=wholesale "HTTP/1.1 200 OK"
[2024-10-01T15:42:34.710+0000] {_client.py:1026} INFO - HTTP Request: GET https://components.givingeurope.com/api/v1/products/9337/configurator?locale=nl_NL&layout=wholesale "HTTP/1.1 200 OK"
[2024-10-01T15:42:34.983+0000] {_client.py:1026} INFO - HTTP Request: GET https://components.givingeurope.com/api/v1/products/5999/configurator?locale=nl_NL&layout=wholesale "HTTP/1.1 200 OK"
[2024-10-01T15:42:35.210+0000] {_client.py:1026} INFO - HTTP Request: GET https://components.givingeurope.com/api/v1/products/5999/configurator?locale=nl_NL&layout=wholesale "HTTP/1.1 200 OK"
[2024-10-01T15:42:35.553+0000] {_client.py:1026} INFO - HTTP Request: GET https://components.givingeurope.com/api/v1/products/8733/configurator?locale=nl_NL&layout=wholesale "HTTP/1.1 200 OK"
[2024-10-01T15:42:35.727+0000] {_client.py:1026} INFO - HTTP Request: GET https://components.givingeurope.com/api/v1/products/8733/configurator?locale=nl_NL&layout=wholesale "HTTP/1.1 200 OK"
[2024-10-01T15:42:35.995+0000] {_client.py:1026} INFO - HTTP Request: GET https://components.givingeurope.com/api/v1/products/7854/configurator?locale=nl_NL&layout=wholesale "HTTP/1.1 200 OK"
[2024-10-01T15:42:36.247+0000] {_client.py:1026} INFO - HTTP Request: GET https://components.givingeurope.com/api/v1/products/7854/configurator?locale=nl_NL&layout=wholesale "HTTP/1.1 200 OK"
[2024-10-01T15:42:36.534+0000] {_client.py:1026} INFO - HTTP Request: GET https://components.givingeurope.com/api/v1/products/820962/configurator?locale=nl_NL&layout=wholesale "HTTP/1.1 200 OK"
[2024-10-01T15:42:36.712+0000] {_client.py:1026} INFO - HTTP Request: GET https://components.givingeurope.com/api/v1/products/820962/configurator?locale=nl_NL&layout=wholesale "HTTP/1.1 200 OK"
[2024-10-01T15:42:36.983+0000] {_client.py:1026} INFO - HTTP Request: GET https://components.givingeurope.com/api/v1/products/7857/configurator?locale=nl_NL&layout=wholesale "HTTP/1.1 200 OK"
[2024-10-01T15:42:37.206+0000] {_client.py:1026} INFO - HTTP Request: GET https://components.givingeurope.com/api/v1/products/7857/configurator?locale=nl_NL&layout=wholesale "HTTP/1.1 200 OK"
[2024-10-01T15:42:37.462+0000] {_client.py:1026} INFO - HTTP Request: GET https://components.givingeurope.com/api/v1/products/9276/configurator?locale=nl_NL&layout=wholesale "HTTP/1.1 200 OK"
[2024-10-01T15:42:37.624+0000] {_client.py:1026} INFO - HTTP Request: GET https://components.givingeurope.com/api/v1/products/9276/configurator?locale=nl_NL&layout=wholesale "HTTP/1.1 200 OK"
[2024-10-01T15:42:37.889+0000] {_client.py:1026} INFO - HTTP Request: GET https://components.givingeurope.com/api/v1/products/1014867/configurator?locale=nl_NL&layout=wholesale "HTTP/1.1 200 OK"
[2024-10-01T15:42:38.151+0000] {_client.py:1026} INFO - HTTP Request: GET https://components.givingeurope.com/api/v1/products/1014867/configurator?locale=nl_NL&layout=wholesale "HTTP/1.1 200 OK"
[2024-10-01T15:42:38.344+0000] {_client.py:1026} INFO - HTTP Request: GET https://components.givingeurope.com/api/v1/products/1014868/configurator?locale=nl_NL&layout=wholesale "HTTP/1.1 200 OK"
[2024-10-01T15:42:38.528+0000] {_client.py:1026} INFO - HTTP Request: GET https://components.givingeurope.com/api/v1/products/1014868/configurator?locale=nl_NL&layout=wholesale "HTTP/1.1 200 OK"
[2024-10-01T15:42:38.734+0000] {_client.py:1026} INFO - HTTP Request: GET https://components.givingeurope.com/api/v1/products/1015126/configurator?locale=nl_NL&layout=wholesale "HTTP/1.1 200 OK"
[2024-10-01T15:42:38.898+0000] {_client.py:1026} INFO - HTTP Request: GET https://components.givingeurope.com/api/v1/products/1015126/configurator?locale=nl_NL&layout=wholesale "HTTP/1.1 200 OK"
[2024-10-01T15:42:39.124+0000] {_client.py:1026} INFO - HTTP Request: GET https://components.givingeurope.com/api/v1/products/1039471/configurator?locale=nl_NL&layout=wholesale "HTTP/1.1 200 OK"
[2024-10-01T15:42:39.321+0000] {_client.py:1026} INFO - HTTP Request: GET https://components.givingeurope.com/api/v1/products/1039471/configurator?locale=nl_NL&layout=wholesale "HTTP/1.1 200 OK"
[2024-10-01T15:42:39.710+0000] {logging_mixin.py:190} INFO - Done. It took 1.0634049733479818 minutes
[2024-10-01T15:42:39.711+0000] {python.py:240} INFO - Done. Returned value was: None
[2024-10-01T15:42:39.725+0000] {taskinstance.py:340} INFO - ::group::Post task execution logs
[2024-10-01T15:42:39.726+0000] {taskinstance.py:352} INFO - Marking task as SUCCESS. dag_id=impression_scraper_dag, task_id=scraper_task, run_id=manual__2024-10-01T15:41:31.832167+00:00, execution_date=20241001T154131, start_date=20241001T154135, end_date=20241001T154239
[2024-10-01T15:42:39.777+0000] {local_task_job_runner.py:266} INFO - Task exited with return code 0
[2024-10-01T15:42:39.798+0000] {taskinstance.py:3900} INFO - 0 downstream tasks scheduled from follow-on schedule check
[2024-10-01T15:42:39.799+0000] {local_task_job_runner.py:245} INFO - ::endgroup::
