[2024-09-28T21:51:25.443+0000] {local_task_job_runner.py:123} INFO - ::group::Pre task execution logs
[2024-09-28T21:51:25.523+0000] {taskinstance.py:2612} INFO - Dependencies all met for dep_context=non-requeueable deps ti=<TaskInstance: impression_scraper_dag.scraper_task scheduled__2024-09-28T21:50:00+00:00 [queued]>
[2024-09-28T21:51:25.575+0000] {taskinstance.py:2612} INFO - Dependencies all met for dep_context=requeueable deps ti=<TaskInstance: impression_scraper_dag.scraper_task scheduled__2024-09-28T21:50:00+00:00 [queued]>
[2024-09-28T21:51:25.578+0000] {taskinstance.py:2865} INFO - Starting attempt 1 of 1
[2024-09-28T21:51:25.686+0000] {taskinstance.py:2888} INFO - Executing <Task(PythonOperator): scraper_task> on 2024-09-28 21:50:00+00:00
[2024-09-28T21:51:25.747+0000] {standard_task_runner.py:104} INFO - Running: ['***', 'tasks', 'run', 'impression_scraper_dag', 'scraper_task', 'scheduled__2024-09-28T21:50:00+00:00', '--job-id', '3', '--raw', '--subdir', 'DAGS_FOLDER/impression.py', '--cfg-path', '/tmp/tmpcn4wyaid']
[2024-09-28T21:51:25.754+0000] {standard_task_runner.py:105} INFO - Job 3: Subtask scraper_task
[2024-09-28T21:51:25.756+0000] {logging_mixin.py:190} WARNING - /home/***/.local/lib/python3.12/site-packages/***/task/task_runner/standard_task_runner.py:70 DeprecationWarning: This process (pid=214) is multi-threaded, use of fork() may lead to deadlocks in the child.
[2024-09-28T21:51:25.758+0000] {standard_task_runner.py:72} INFO - Started process 218 to run task
[2024-09-28T21:51:25.931+0000] {task_command.py:467} INFO - Running <TaskInstance: impression_scraper_dag.scraper_task scheduled__2024-09-28T21:50:00+00:00 [running]> on host 5c167d2bbfbd
[2024-09-28T21:51:26.224+0000] {taskinstance.py:3131} INFO - Exporting env vars: AIRFLOW_CTX_DAG_OWNER='***' AIRFLOW_CTX_DAG_ID='impression_scraper_dag' AIRFLOW_CTX_TASK_ID='scraper_task' AIRFLOW_CTX_EXECUTION_DATE='2024-09-28T21:50:00+00:00' AIRFLOW_CTX_TRY_NUMBER='1' AIRFLOW_CTX_DAG_RUN_ID='scheduled__2024-09-28T21:50:00+00:00'
[2024-09-28T21:51:26.227+0000] {taskinstance.py:731} INFO - ::endgroup::
[2024-09-28T21:51:26.743+0000] {_client.py:1026} INFO - HTTP Request: GET https://www.givingeurope.com/nl/nl/ "HTTP/1.1 200 OK"
[2024-09-28T21:51:26.878+0000] {logging_mixin.py:190} INFO - There are still 158 urls to be scraped.
[2024-09-28T21:51:27.106+0000] {_client.py:1026} INFO - HTTP Request: GET https://www.givingeurope.com/nl/nl/all-products/tassen-reizen/rugtassen/rugtassen?p=1&product_list_limit=48 "HTTP/1.1 200 OK"
[2024-09-28T21:51:27.241+0000] {logging_mixin.py:190} INFO - This is page number 1.
[2024-09-28T21:51:27.610+0000] {_client.py:1026} INFO - HTTP Request: GET https://components.givingeurope.com/api/v1/products/927/configurator?locale=nl_NL&layout=wholesale "HTTP/1.1 200 OK"
[2024-09-28T21:51:28.032+0000] {_client.py:1026} INFO - HTTP Request: GET https://components.givingeurope.com/api/v1/products/927/configurator?locale=nl_NL&layout=wholesale "HTTP/1.1 200 OK"
[2024-09-28T21:51:28.318+0000] {_client.py:1026} INFO - HTTP Request: GET https://components.givingeurope.com/api/v1/products/970950/configurator?locale=nl_NL&layout=wholesale "HTTP/1.1 200 OK"
[2024-09-28T21:51:28.628+0000] {_client.py:1026} INFO - HTTP Request: GET https://components.givingeurope.com/api/v1/products/970950/configurator?locale=nl_NL&layout=wholesale "HTTP/1.1 200 OK"
[2024-09-28T21:51:29.018+0000] {_client.py:1026} INFO - HTTP Request: GET https://components.givingeurope.com/api/v1/products/1024159/configurator?locale=nl_NL&layout=wholesale "HTTP/1.1 200 OK"
[2024-09-28T21:51:29.235+0000] {_client.py:1026} INFO - HTTP Request: GET https://components.givingeurope.com/api/v1/products/1024159/configurator?locale=nl_NL&layout=wholesale "HTTP/1.1 200 OK"
[2024-09-28T21:51:29.520+0000] {_client.py:1026} INFO - HTTP Request: GET https://components.givingeurope.com/api/v1/products/1024149/configurator?locale=nl_NL&layout=wholesale "HTTP/1.1 200 OK"
[2024-09-28T21:51:29.953+0000] {_client.py:1026} INFO - HTTP Request: GET https://components.givingeurope.com/api/v1/products/1024149/configurator?locale=nl_NL&layout=wholesale "HTTP/1.1 200 OK"
[2024-09-28T21:51:30.384+0000] {_client.py:1026} INFO - HTTP Request: GET https://components.givingeurope.com/api/v1/products/1041621/configurator?locale=nl_NL&layout=wholesale "HTTP/1.1 200 OK"
[2024-09-28T21:51:30.775+0000] {_client.py:1026} INFO - HTTP Request: GET https://components.givingeurope.com/api/v1/products/1041621/configurator?locale=nl_NL&layout=wholesale "HTTP/1.1 200 OK"
[2024-09-28T21:51:31.218+0000] {_client.py:1026} INFO - HTTP Request: GET https://components.givingeurope.com/api/v1/products/1024156/configurator?locale=nl_NL&layout=wholesale "HTTP/1.1 200 OK"
[2024-09-28T21:51:31.581+0000] {_client.py:1026} INFO - HTTP Request: GET https://components.givingeurope.com/api/v1/products/1024156/configurator?locale=nl_NL&layout=wholesale "HTTP/1.1 200 OK"
[2024-09-28T21:51:32.045+0000] {_client.py:1026} INFO - HTTP Request: GET https://components.givingeurope.com/api/v1/products/1024147/configurator?locale=nl_NL&layout=wholesale "HTTP/1.1 200 OK"
[2024-09-28T21:51:32.365+0000] {_client.py:1026} INFO - HTTP Request: GET https://components.givingeurope.com/api/v1/products/1024147/configurator?locale=nl_NL&layout=wholesale "HTTP/1.1 200 OK"
[2024-09-28T21:51:32.649+0000] {_client.py:1026} INFO - HTTP Request: GET https://components.givingeurope.com/api/v1/products/967421/configurator?locale=nl_NL&layout=wholesale "HTTP/1.1 200 OK"
[2024-09-28T21:51:33.127+0000] {_client.py:1026} INFO - HTTP Request: GET https://components.givingeurope.com/api/v1/products/967421/configurator?locale=nl_NL&layout=wholesale "HTTP/1.1 200 OK"
[2024-09-28T21:51:33.582+0000] {_client.py:1026} INFO - HTTP Request: GET https://components.givingeurope.com/api/v1/products/1024154/configurator?locale=nl_NL&layout=wholesale "HTTP/1.1 200 OK"
[2024-09-28T21:51:34.019+0000] {_client.py:1026} INFO - HTTP Request: GET https://components.givingeurope.com/api/v1/products/1024154/configurator?locale=nl_NL&layout=wholesale "HTTP/1.1 200 OK"
[2024-09-28T21:51:34.314+0000] {_client.py:1026} INFO - HTTP Request: GET https://components.givingeurope.com/api/v1/products/1041628/configurator?locale=nl_NL&layout=wholesale "HTTP/1.1 200 OK"
[2024-09-28T21:51:34.559+0000] {_client.py:1026} INFO - HTTP Request: GET https://components.givingeurope.com/api/v1/products/1041628/configurator?locale=nl_NL&layout=wholesale "HTTP/1.1 200 OK"
[2024-09-28T21:51:34.963+0000] {_client.py:1026} INFO - HTTP Request: GET https://components.givingeurope.com/api/v1/products/7097/configurator?locale=nl_NL&layout=wholesale "HTTP/1.1 200 OK"
[2024-09-28T21:51:35.165+0000] {_client.py:1026} INFO - HTTP Request: GET https://components.givingeurope.com/api/v1/products/7097/configurator?locale=nl_NL&layout=wholesale "HTTP/1.1 200 OK"
[2024-09-28T21:51:35.523+0000] {_client.py:1026} INFO - HTTP Request: GET https://components.givingeurope.com/api/v1/products/7879/configurator?locale=nl_NL&layout=wholesale "HTTP/1.1 200 OK"
[2024-09-28T21:51:35.801+0000] {_client.py:1026} INFO - HTTP Request: GET https://components.givingeurope.com/api/v1/products/7879/configurator?locale=nl_NL&layout=wholesale "HTTP/1.1 200 OK"
[2024-09-28T21:51:36.065+0000] {_client.py:1026} INFO - HTTP Request: GET https://components.givingeurope.com/api/v1/products/7398/configurator?locale=nl_NL&layout=wholesale "HTTP/1.1 200 OK"
[2024-09-28T21:51:36.466+0000] {_client.py:1026} INFO - HTTP Request: GET https://components.givingeurope.com/api/v1/products/7398/configurator?locale=nl_NL&layout=wholesale "HTTP/1.1 200 OK"
[2024-09-28T21:51:36.771+0000] {_client.py:1026} INFO - HTTP Request: GET https://components.givingeurope.com/api/v1/products/4585/configurator?locale=nl_NL&layout=wholesale "HTTP/1.1 200 OK"
[2024-09-28T21:51:37.043+0000] {_client.py:1026} INFO - HTTP Request: GET https://components.givingeurope.com/api/v1/products/4585/configurator?locale=nl_NL&layout=wholesale "HTTP/1.1 200 OK"
[2024-09-28T21:51:37.357+0000] {_client.py:1026} INFO - HTTP Request: GET https://components.givingeurope.com/api/v1/products/6232/configurator?locale=nl_NL&layout=wholesale "HTTP/1.1 200 OK"
[2024-09-28T21:51:37.632+0000] {_client.py:1026} INFO - HTTP Request: GET https://components.givingeurope.com/api/v1/products/6232/configurator?locale=nl_NL&layout=wholesale "HTTP/1.1 200 OK"
[2024-09-28T21:51:37.898+0000] {_client.py:1026} INFO - HTTP Request: GET https://components.givingeurope.com/api/v1/products/5622/configurator?locale=nl_NL&layout=wholesale "HTTP/1.1 200 OK"
[2024-09-28T21:51:38.133+0000] {_client.py:1026} INFO - HTTP Request: GET https://components.givingeurope.com/api/v1/products/5622/configurator?locale=nl_NL&layout=wholesale "HTTP/1.1 200 OK"
[2024-09-28T21:51:38.510+0000] {_client.py:1026} INFO - HTTP Request: GET https://components.givingeurope.com/api/v1/products/9003/configurator?locale=nl_NL&layout=wholesale "HTTP/1.1 200 OK"
[2024-09-28T21:51:38.902+0000] {_client.py:1026} INFO - HTTP Request: GET https://components.givingeurope.com/api/v1/products/9003/configurator?locale=nl_NL&layout=wholesale "HTTP/1.1 200 OK"
[2024-09-28T21:51:39.182+0000] {_client.py:1026} INFO - HTTP Request: GET https://components.givingeurope.com/api/v1/products/8996/configurator?locale=nl_NL&layout=wholesale "HTTP/1.1 200 OK"
[2024-09-28T21:51:39.457+0000] {_client.py:1026} INFO - HTTP Request: GET https://components.givingeurope.com/api/v1/products/8996/configurator?locale=nl_NL&layout=wholesale "HTTP/1.1 200 OK"
[2024-09-28T21:51:39.808+0000] {_client.py:1026} INFO - HTTP Request: GET https://components.givingeurope.com/api/v1/products/6238/configurator?locale=nl_NL&layout=wholesale "HTTP/1.1 200 OK"
[2024-09-28T21:51:40.020+0000] {_client.py:1026} INFO - HTTP Request: GET https://components.givingeurope.com/api/v1/products/6238/configurator?locale=nl_NL&layout=wholesale "HTTP/1.1 200 OK"
[2024-09-28T21:51:40.285+0000] {_client.py:1026} INFO - HTTP Request: GET https://components.givingeurope.com/api/v1/products/864735/configurator?locale=nl_NL&layout=wholesale "HTTP/1.1 200 OK"
[2024-09-28T21:51:40.553+0000] {_client.py:1026} INFO - HTTP Request: GET https://components.givingeurope.com/api/v1/products/864735/configurator?locale=nl_NL&layout=wholesale "HTTP/1.1 200 OK"
[2024-09-28T21:51:40.910+0000] {_client.py:1026} INFO - HTTP Request: GET https://components.givingeurope.com/api/v1/products/9335/configurator?locale=nl_NL&layout=wholesale "HTTP/1.1 200 OK"
[2024-09-28T21:51:41.123+0000] {_client.py:1026} INFO - HTTP Request: GET https://components.givingeurope.com/api/v1/products/9335/configurator?locale=nl_NL&layout=wholesale "HTTP/1.1 200 OK"
[2024-09-28T21:51:41.411+0000] {_client.py:1026} INFO - HTTP Request: GET https://components.givingeurope.com/api/v1/products/1014868/configurator?locale=nl_NL&layout=wholesale "HTTP/1.1 200 OK"
[2024-09-28T21:51:41.676+0000] {_client.py:1026} INFO - HTTP Request: GET https://components.givingeurope.com/api/v1/products/1014868/configurator?locale=nl_NL&layout=wholesale "HTTP/1.1 200 OK"
[2024-09-28T21:51:42.003+0000] {_client.py:1026} INFO - HTTP Request: GET https://components.givingeurope.com/api/v1/products/1014887/configurator?locale=nl_NL&layout=wholesale "HTTP/1.1 200 OK"
[2024-09-28T21:51:42.214+0000] {_client.py:1026} INFO - HTTP Request: GET https://components.givingeurope.com/api/v1/products/1014887/configurator?locale=nl_NL&layout=wholesale "HTTP/1.1 200 OK"
[2024-09-28T21:51:42.460+0000] {_client.py:1026} INFO - HTTP Request: GET https://components.givingeurope.com/api/v1/products/1014895/configurator?locale=nl_NL&layout=wholesale "HTTP/1.1 200 OK"
[2024-09-28T21:51:42.822+0000] {_client.py:1026} INFO - HTTP Request: GET https://components.givingeurope.com/api/v1/products/1014895/configurator?locale=nl_NL&layout=wholesale "HTTP/1.1 200 OK"
[2024-09-28T21:51:43.121+0000] {_client.py:1026} INFO - HTTP Request: GET https://components.givingeurope.com/api/v1/products/7852/configurator?locale=nl_NL&layout=wholesale "HTTP/1.1 200 OK"
[2024-09-28T21:51:43.398+0000] {_client.py:1026} INFO - HTTP Request: GET https://components.givingeurope.com/api/v1/products/7852/configurator?locale=nl_NL&layout=wholesale "HTTP/1.1 200 OK"
[2024-09-28T21:51:43.774+0000] {_client.py:1026} INFO - HTTP Request: GET https://components.givingeurope.com/api/v1/products/8552/configurator?locale=nl_NL&layout=wholesale "HTTP/1.1 200 OK"
[2024-09-28T21:51:44.027+0000] {_client.py:1026} INFO - HTTP Request: GET https://components.givingeurope.com/api/v1/products/8552/configurator?locale=nl_NL&layout=wholesale "HTTP/1.1 200 OK"
[2024-09-28T21:51:44.364+0000] {_client.py:1026} INFO - HTTP Request: GET https://components.givingeurope.com/api/v1/products/8712/configurator?locale=nl_NL&layout=wholesale "HTTP/1.1 200 OK"
[2024-09-28T21:51:44.658+0000] {_client.py:1026} INFO - HTTP Request: GET https://components.givingeurope.com/api/v1/products/8712/configurator?locale=nl_NL&layout=wholesale "HTTP/1.1 200 OK"
[2024-09-28T21:51:45.018+0000] {_client.py:1026} INFO - HTTP Request: GET https://components.givingeurope.com/api/v1/products/3576/configurator?locale=nl_NL&layout=wholesale "HTTP/1.1 200 OK"
[2024-09-28T21:51:45.247+0000] {_client.py:1026} INFO - HTTP Request: GET https://components.givingeurope.com/api/v1/products/3576/configurator?locale=nl_NL&layout=wholesale "HTTP/1.1 200 OK"
[2024-09-28T21:51:45.527+0000] {_client.py:1026} INFO - HTTP Request: GET https://components.givingeurope.com/api/v1/products/9170/configurator?locale=nl_NL&layout=wholesale "HTTP/1.1 200 OK"
[2024-09-28T21:51:45.856+0000] {_client.py:1026} INFO - HTTP Request: GET https://components.givingeurope.com/api/v1/products/9170/configurator?locale=nl_NL&layout=wholesale "HTTP/1.1 200 OK"
[2024-09-28T21:51:46.151+0000] {_client.py:1026} INFO - HTTP Request: GET https://components.givingeurope.com/api/v1/products/9266/configurator?locale=nl_NL&layout=wholesale "HTTP/1.1 200 OK"
[2024-09-28T21:51:46.425+0000] {_client.py:1026} INFO - HTTP Request: GET https://components.givingeurope.com/api/v1/products/9266/configurator?locale=nl_NL&layout=wholesale "HTTP/1.1 200 OK"
[2024-09-28T21:51:46.748+0000] {_client.py:1026} INFO - HTTP Request: GET https://components.givingeurope.com/api/v1/products/9261/configurator?locale=nl_NL&layout=wholesale "HTTP/1.1 200 OK"
[2024-09-28T21:51:47.183+0000] {_client.py:1026} INFO - HTTP Request: GET https://components.givingeurope.com/api/v1/products/9261/configurator?locale=nl_NL&layout=wholesale "HTTP/1.1 200 OK"
[2024-09-28T21:51:47.575+0000] {_client.py:1026} INFO - HTTP Request: GET https://components.givingeurope.com/api/v1/products/967399/configurator?locale=nl_NL&layout=wholesale "HTTP/1.1 200 OK"
[2024-09-28T21:51:47.984+0000] {_client.py:1026} INFO - HTTP Request: GET https://components.givingeurope.com/api/v1/products/967399/configurator?locale=nl_NL&layout=wholesale "HTTP/1.1 200 OK"
[2024-09-28T21:51:48.233+0000] {_client.py:1026} INFO - HTTP Request: GET https://components.givingeurope.com/api/v1/products/9155/configurator?locale=nl_NL&layout=wholesale "HTTP/1.1 200 OK"
[2024-09-28T21:51:48.512+0000] {_client.py:1026} INFO - HTTP Request: GET https://components.givingeurope.com/api/v1/products/9155/configurator?locale=nl_NL&layout=wholesale "HTTP/1.1 200 OK"
[2024-09-28T21:51:48.803+0000] {_client.py:1026} INFO - HTTP Request: GET https://components.givingeurope.com/api/v1/products/1015144/configurator?locale=nl_NL&layout=wholesale "HTTP/1.1 200 OK"
[2024-09-28T21:51:49.084+0000] {_client.py:1026} INFO - HTTP Request: GET https://components.givingeurope.com/api/v1/products/1015144/configurator?locale=nl_NL&layout=wholesale "HTTP/1.1 200 OK"
[2024-09-28T21:51:49.363+0000] {_client.py:1026} INFO - HTTP Request: GET https://components.givingeurope.com/api/v1/products/1015154/configurator?locale=nl_NL&layout=wholesale "HTTP/1.1 200 OK"
[2024-09-28T21:51:49.568+0000] {_client.py:1026} INFO - HTTP Request: GET https://components.givingeurope.com/api/v1/products/1015154/configurator?locale=nl_NL&layout=wholesale "HTTP/1.1 200 OK"
[2024-09-28T21:51:49.892+0000] {_client.py:1026} INFO - HTTP Request: GET https://components.givingeurope.com/api/v1/products/1015155/configurator?locale=nl_NL&layout=wholesale "HTTP/1.1 200 OK"
[2024-09-28T21:51:50.127+0000] {_client.py:1026} INFO - HTTP Request: GET https://components.givingeurope.com/api/v1/products/1015155/configurator?locale=nl_NL&layout=wholesale "HTTP/1.1 200 OK"
[2024-09-28T21:51:50.407+0000] {_client.py:1026} INFO - HTTP Request: GET https://components.givingeurope.com/api/v1/products/818450/configurator?locale=nl_NL&layout=wholesale "HTTP/1.1 200 OK"
[2024-09-28T21:51:50.669+0000] {_client.py:1026} INFO - HTTP Request: GET https://components.givingeurope.com/api/v1/products/818450/configurator?locale=nl_NL&layout=wholesale "HTTP/1.1 200 OK"
[2024-09-28T21:51:50.893+0000] {_client.py:1026} INFO - HTTP Request: GET https://components.givingeurope.com/api/v1/products/7909/configurator?locale=nl_NL&layout=wholesale "HTTP/1.1 200 OK"
[2024-09-28T21:51:51.108+0000] {_client.py:1026} INFO - HTTP Request: GET https://components.givingeurope.com/api/v1/products/7909/configurator?locale=nl_NL&layout=wholesale "HTTP/1.1 200 OK"
[2024-09-28T21:51:51.387+0000] {_client.py:1026} INFO - HTTP Request: GET https://components.givingeurope.com/api/v1/products/8849/configurator?locale=nl_NL&layout=wholesale "HTTP/1.1 200 OK"
[2024-09-28T21:51:51.608+0000] {_client.py:1026} INFO - HTTP Request: GET https://components.givingeurope.com/api/v1/products/8849/configurator?locale=nl_NL&layout=wholesale "HTTP/1.1 200 OK"
[2024-09-28T21:51:51.969+0000] {_client.py:1026} INFO - HTTP Request: GET https://components.givingeurope.com/api/v1/products/946/configurator?locale=nl_NL&layout=wholesale "HTTP/1.1 200 OK"
[2024-09-28T21:51:52.232+0000] {_client.py:1026} INFO - HTTP Request: GET https://components.givingeurope.com/api/v1/products/946/configurator?locale=nl_NL&layout=wholesale "HTTP/1.1 200 OK"
[2024-09-28T21:51:52.563+0000] {_client.py:1026} INFO - HTTP Request: GET https://components.givingeurope.com/api/v1/products/432545/configurator?locale=nl_NL&layout=wholesale "HTTP/1.1 200 OK"
[2024-09-28T21:51:52.888+0000] {_client.py:1026} INFO - HTTP Request: GET https://components.givingeurope.com/api/v1/products/432545/configurator?locale=nl_NL&layout=wholesale "HTTP/1.1 200 OK"
[2024-09-28T21:51:53.165+0000] {_client.py:1026} INFO - HTTP Request: GET https://components.givingeurope.com/api/v1/products/818599/configurator?locale=nl_NL&layout=wholesale "HTTP/1.1 200 OK"
[2024-09-28T21:51:53.395+0000] {_client.py:1026} INFO - HTTP Request: GET https://components.givingeurope.com/api/v1/products/818599/configurator?locale=nl_NL&layout=wholesale "HTTP/1.1 200 OK"
[2024-09-28T21:51:53.744+0000] {_client.py:1026} INFO - HTTP Request: GET https://components.givingeurope.com/api/v1/products/8692/configurator?locale=nl_NL&layout=wholesale "HTTP/1.1 200 OK"
[2024-09-28T21:51:54.136+0000] {_client.py:1026} INFO - HTTP Request: GET https://components.givingeurope.com/api/v1/products/8692/configurator?locale=nl_NL&layout=wholesale "HTTP/1.1 200 OK"
[2024-09-28T21:51:54.393+0000] {_client.py:1026} INFO - HTTP Request: GET https://components.givingeurope.com/api/v1/products/8456/configurator?locale=nl_NL&layout=wholesale "HTTP/1.1 200 OK"
[2024-09-28T21:51:54.601+0000] {_client.py:1026} INFO - HTTP Request: GET https://components.givingeurope.com/api/v1/products/8456/configurator?locale=nl_NL&layout=wholesale "HTTP/1.1 200 OK"
[2024-09-28T21:51:54.986+0000] {_client.py:1026} INFO - HTTP Request: GET https://components.givingeurope.com/api/v1/products/9166/configurator?locale=nl_NL&layout=wholesale "HTTP/1.1 200 OK"
[2024-09-28T21:51:55.243+0000] {_client.py:1026} INFO - HTTP Request: GET https://components.givingeurope.com/api/v1/products/9166/configurator?locale=nl_NL&layout=wholesale "HTTP/1.1 200 OK"
[2024-09-28T21:51:55.530+0000] {_client.py:1026} INFO - HTTP Request: GET https://components.givingeurope.com/api/v1/products/1015156/configurator?locale=nl_NL&layout=wholesale "HTTP/1.1 200 OK"
[2024-09-28T21:51:55.816+0000] {_client.py:1026} INFO - HTTP Request: GET https://components.givingeurope.com/api/v1/products/1015156/configurator?locale=nl_NL&layout=wholesale "HTTP/1.1 200 OK"
[2024-09-28T21:51:56.157+0000] {_client.py:1026} INFO - HTTP Request: GET https://components.givingeurope.com/api/v1/products/1015157/configurator?locale=nl_NL&layout=wholesale "HTTP/1.1 200 OK"
[2024-09-28T21:51:56.389+0000] {_client.py:1026} INFO - HTTP Request: GET https://components.givingeurope.com/api/v1/products/1015157/configurator?locale=nl_NL&layout=wholesale "HTTP/1.1 200 OK"
[2024-09-28T21:51:56.729+0000] {_client.py:1026} INFO - HTTP Request: GET https://components.givingeurope.com/api/v1/products/1015161/configurator?locale=nl_NL&layout=wholesale "HTTP/1.1 200 OK"
[2024-09-28T21:51:57.035+0000] {_client.py:1026} INFO - HTTP Request: GET https://components.givingeurope.com/api/v1/products/1015161/configurator?locale=nl_NL&layout=wholesale "HTTP/1.1 200 OK"
[2024-09-28T21:51:58.040+0000] {logging_mixin.py:190} INFO - There are still 157 urls to be scraped.
[2024-09-28T21:51:58.303+0000] {_client.py:1026} INFO - HTTP Request: GET https://www.givingeurope.com/nl/nl/all-products/tassen-reizen/rugtassen/trekkoord-rugzakken?p=1&product_list_limit=48 "HTTP/1.1 200 OK"
[2024-09-28T21:51:58.393+0000] {logging_mixin.py:190} INFO - This is page number 1.
[2024-09-28T21:51:58.740+0000] {_client.py:1026} INFO - HTTP Request: GET https://components.givingeurope.com/api/v1/products/7909/configurator?locale=nl_NL&layout=wholesale "HTTP/1.1 200 OK"
[2024-09-28T21:51:59.019+0000] {_client.py:1026} INFO - HTTP Request: GET https://components.givingeurope.com/api/v1/products/7909/configurator?locale=nl_NL&layout=wholesale "HTTP/1.1 200 OK"
[2024-09-28T21:51:59.267+0000] {_client.py:1026} INFO - HTTP Request: GET https://components.givingeurope.com/api/v1/products/1015154/configurator?locale=nl_NL&layout=wholesale "HTTP/1.1 200 OK"
[2024-09-28T21:51:59.539+0000] {_client.py:1026} INFO - HTTP Request: GET https://components.givingeurope.com/api/v1/products/1015154/configurator?locale=nl_NL&layout=wholesale "HTTP/1.1 200 OK"
[2024-09-28T21:51:59.941+0000] {_client.py:1026} INFO - HTTP Request: GET https://components.givingeurope.com/api/v1/products/1041628/configurator?locale=nl_NL&layout=wholesale "HTTP/1.1 200 OK"
[2024-09-28T21:52:00.271+0000] {_client.py:1026} INFO - HTTP Request: GET https://components.givingeurope.com/api/v1/products/1041628/configurator?locale=nl_NL&layout=wholesale "HTTP/1.1 200 OK"
[2024-09-28T21:52:00.628+0000] {_client.py:1026} INFO - HTTP Request: GET https://components.givingeurope.com/api/v1/products/7097/configurator?locale=nl_NL&layout=wholesale "HTTP/1.1 200 OK"
[2024-09-28T21:52:00.982+0000] {_client.py:1026} INFO - HTTP Request: GET https://components.givingeurope.com/api/v1/products/7097/configurator?locale=nl_NL&layout=wholesale "HTTP/1.1 200 OK"
[2024-09-28T21:52:01.346+0000] {_client.py:1026} INFO - HTTP Request: GET https://components.givingeurope.com/api/v1/products/6232/configurator?locale=nl_NL&layout=wholesale "HTTP/1.1 200 OK"
[2024-09-28T21:52:01.596+0000] {_client.py:1026} INFO - HTTP Request: GET https://components.givingeurope.com/api/v1/products/6232/configurator?locale=nl_NL&layout=wholesale "HTTP/1.1 200 OK"
[2024-09-28T21:52:01.906+0000] {_client.py:1026} INFO - HTTP Request: GET https://components.givingeurope.com/api/v1/products/9003/configurator?locale=nl_NL&layout=wholesale "HTTP/1.1 200 OK"
[2024-09-28T21:52:02.157+0000] {_client.py:1026} INFO - HTTP Request: GET https://components.givingeurope.com/api/v1/products/9003/configurator?locale=nl_NL&layout=wholesale "HTTP/1.1 200 OK"
[2024-09-28T21:52:02.471+0000] {_client.py:1026} INFO - HTTP Request: GET https://components.givingeurope.com/api/v1/products/6238/configurator?locale=nl_NL&layout=wholesale "HTTP/1.1 200 OK"
[2024-09-28T21:52:02.657+0000] {_client.py:1026} INFO - HTTP Request: GET https://components.givingeurope.com/api/v1/products/6238/configurator?locale=nl_NL&layout=wholesale "HTTP/1.1 200 OK"
[2024-09-28T21:52:02.921+0000] {_client.py:1026} INFO - HTTP Request: GET https://components.givingeurope.com/api/v1/products/927/configurator?locale=nl_NL&layout=wholesale "HTTP/1.1 200 OK"
[2024-09-28T21:52:03.168+0000] {_client.py:1026} INFO - HTTP Request: GET https://components.givingeurope.com/api/v1/products/927/configurator?locale=nl_NL&layout=wholesale "HTTP/1.1 200 OK"
[2024-09-28T21:52:03.430+0000] {_client.py:1026} INFO - HTTP Request: GET https://components.givingeurope.com/api/v1/products/7852/configurator?locale=nl_NL&layout=wholesale "HTTP/1.1 200 OK"
[2024-09-28T21:52:03.776+0000] {_client.py:1026} INFO - HTTP Request: GET https://components.givingeurope.com/api/v1/products/7852/configurator?locale=nl_NL&layout=wholesale "HTTP/1.1 200 OK"
[2024-09-28T21:52:04.043+0000] {_client.py:1026} INFO - HTTP Request: GET https://components.givingeurope.com/api/v1/products/8712/configurator?locale=nl_NL&layout=wholesale "HTTP/1.1 200 OK"
[2024-09-28T21:52:04.217+0000] {_client.py:1026} INFO - HTTP Request: GET https://components.givingeurope.com/api/v1/products/8712/configurator?locale=nl_NL&layout=wholesale "HTTP/1.1 200 OK"
[2024-09-28T21:52:04.456+0000] {_client.py:1026} INFO - HTTP Request: GET https://components.givingeurope.com/api/v1/products/9261/configurator?locale=nl_NL&layout=wholesale "HTTP/1.1 200 OK"
[2024-09-28T21:52:04.653+0000] {_client.py:1026} INFO - HTTP Request: GET https://components.givingeurope.com/api/v1/products/9261/configurator?locale=nl_NL&layout=wholesale "HTTP/1.1 200 OK"
[2024-09-28T21:52:05.002+0000] {_client.py:1026} INFO - HTTP Request: GET https://components.givingeurope.com/api/v1/products/432545/configurator?locale=nl_NL&layout=wholesale "HTTP/1.1 200 OK"
[2024-09-28T21:52:05.213+0000] {_client.py:1026} INFO - HTTP Request: GET https://components.givingeurope.com/api/v1/products/432545/configurator?locale=nl_NL&layout=wholesale "HTTP/1.1 200 OK"
[2024-09-28T21:52:05.548+0000] {_client.py:1026} INFO - HTTP Request: GET https://components.givingeurope.com/api/v1/products/8692/configurator?locale=nl_NL&layout=wholesale "HTTP/1.1 200 OK"
[2024-09-28T21:52:05.923+0000] {_client.py:1026} INFO - HTTP Request: GET https://components.givingeurope.com/api/v1/products/8692/configurator?locale=nl_NL&layout=wholesale "HTTP/1.1 200 OK"
[2024-09-28T21:52:06.193+0000] {_client.py:1026} INFO - HTTP Request: GET https://components.givingeurope.com/api/v1/products/437832/configurator?locale=nl_NL&layout=wholesale "HTTP/1.1 200 OK"
[2024-09-28T21:52:06.374+0000] {_client.py:1026} INFO - HTTP Request: GET https://components.givingeurope.com/api/v1/products/437832/configurator?locale=nl_NL&layout=wholesale "HTTP/1.1 200 OK"
[2024-09-28T21:52:06.588+0000] {_client.py:1026} INFO - HTTP Request: GET https://components.givingeurope.com/api/v1/products/1015144/configurator?locale=nl_NL&layout=wholesale "HTTP/1.1 200 OK"
[2024-09-28T21:52:06.814+0000] {_client.py:1026} INFO - HTTP Request: GET https://components.givingeurope.com/api/v1/products/1015144/configurator?locale=nl_NL&layout=wholesale "HTTP/1.1 200 OK"
[2024-09-28T21:52:07.240+0000] {_client.py:1026} INFO - HTTP Request: GET https://components.givingeurope.com/api/v1/products/970950/configurator?locale=nl_NL&layout=wholesale "HTTP/1.1 200 OK"
[2024-09-28T21:52:07.461+0000] {_client.py:1026} INFO - HTTP Request: GET https://components.givingeurope.com/api/v1/products/970950/configurator?locale=nl_NL&layout=wholesale "HTTP/1.1 200 OK"
[2024-09-28T21:52:07.826+0000] {_client.py:1026} INFO - HTTP Request: GET https://components.givingeurope.com/api/v1/products/967392/configurator?locale=nl_NL&layout=wholesale "HTTP/1.1 200 OK"
[2024-09-28T21:52:08.115+0000] {_client.py:1026} INFO - HTTP Request: GET https://components.givingeurope.com/api/v1/products/967392/configurator?locale=nl_NL&layout=wholesale "HTTP/1.1 200 OK"
[2024-09-28T21:52:08.475+0000] {_client.py:1026} INFO - HTTP Request: GET https://components.givingeurope.com/api/v1/products/9062/configurator?locale=nl_NL&layout=wholesale "HTTP/1.1 200 OK"
[2024-09-28T21:52:08.854+0000] {_client.py:1026} INFO - HTTP Request: GET https://components.givingeurope.com/api/v1/products/9062/configurator?locale=nl_NL&layout=wholesale "HTTP/1.1 200 OK"
[2024-09-28T21:52:09.121+0000] {_client.py:1026} INFO - HTTP Request: GET https://components.givingeurope.com/api/v1/products/9263/configurator?locale=nl_NL&layout=wholesale "HTTP/1.1 200 OK"
[2024-09-28T21:52:09.358+0000] {_client.py:1026} INFO - HTTP Request: GET https://components.givingeurope.com/api/v1/products/9263/configurator?locale=nl_NL&layout=wholesale "HTTP/1.1 200 OK"
[2024-09-28T21:52:10.626+0000] {logging_mixin.py:190} INFO - Done. It took 0.7391905983289083 minutes
[2024-09-28T21:52:10.627+0000] {python.py:240} INFO - Done. Returned value was: None
[2024-09-28T21:52:10.656+0000] {taskinstance.py:340} INFO - ::group::Post task execution logs
[2024-09-28T21:52:10.657+0000] {taskinstance.py:352} INFO - Marking task as SUCCESS. dag_id=impression_scraper_dag, task_id=scraper_task, run_id=scheduled__2024-09-28T21:50:00+00:00, execution_date=20240928T215000, start_date=20240928T215125, end_date=20240928T215210
[2024-09-28T21:52:10.755+0000] {local_task_job_runner.py:266} INFO - Task exited with return code 0
[2024-09-28T21:52:10.759+0000] {standard_task_runner.py:217} INFO - Process not found (most likely exited), stop collecting metrics
[2024-09-28T21:52:10.833+0000] {taskinstance.py:3900} INFO - 0 downstream tasks scheduled from follow-on schedule check
[2024-09-28T21:52:10.838+0000] {local_task_job_runner.py:245} INFO - ::endgroup::
